2017-11-30 10:14:30,165:DEBUG:test
2017-11-30 10:15:55,983:INFO:Attempting refresh to obtain initial access_token
2017-11-30 10:15:55,983:INFO:Refreshing access_token
2017-11-30 10:19:19,585:DEBUG:exists 1960 12 year WW
2017-11-30 10:19:20,214:DEBUG:exists 1961 12 year WW
2017-11-30 10:19:20,836:DEBUG:exists 1962 12 year WW
2017-11-30 10:19:21,523:DEBUG:exists 1963 12 year WW
2017-11-30 10:19:22,205:DEBUG:exists 1964 12 year WW
2017-11-30 10:19:22,912:DEBUG:exists 1965 12 year WW
2017-11-30 10:19:23,556:DEBUG:exists 1966 12 year WW
2017-11-30 10:19:24,243:DEBUG:exists 1967 12 year WW
2017-11-30 10:19:24,932:DEBUG:exists 1968 12 year WW
2017-11-30 10:19:25,569:DEBUG:exists 1969 12 year WW
2017-11-30 10:19:26,190:DEBUG:exists 1970 12 year WW
2017-11-30 10:19:26,889:DEBUG:exists 1971 12 year WW
2017-11-30 10:19:27,510:DEBUG:exists 1972 12 year WW
2017-11-30 10:19:28,195:DEBUG:exists 1973 12 year WW
2017-11-30 10:19:28,884:DEBUG:exists 1974 12 year WW
2017-11-30 10:19:29,569:DEBUG:exists 1975 12 year WW
2017-11-30 10:19:30,198:DEBUG:exists 1976 12 year WW
2017-11-30 10:19:30,832:DEBUG:exists 1977 12 year WW
2017-11-30 10:19:31,533:DEBUG:exists 1978 12 year WW
2017-11-30 10:19:32,228:DEBUG:exists 1979 12 year WW
2017-11-30 10:19:32,928:DEBUG:exists 1980 12 year WW
2017-11-30 10:19:33,695:DEBUG:exists 1981 12 year WW
2017-11-30 10:19:34,457:DEBUG:exists 1982 12 year WW
2017-11-30 10:19:35,215:DEBUG:exists 1983 12 year WW
2017-11-30 10:19:36,001:DEBUG:exists 1984 12 year WW
2017-11-30 10:19:36,695:DEBUG:exists 1985 12 year WW
2017-11-30 10:19:37,384:DEBUG:exists 1986 12 year WW
2017-11-30 10:19:38,091:DEBUG:exists 1987 12 year WW
2017-11-30 10:19:38,854:DEBUG:exists 1988 12 year WW
2017-11-30 10:19:39,545:DEBUG:exists 1989 12 year WW
2017-11-30 10:19:40,296:DEBUG:exists 1990 12 year WW
2017-11-30 10:19:40,987:DEBUG:exists 1991 12 year WW
2017-11-30 10:19:41,681:DEBUG:exists 1992 12 year WW
2017-11-30 10:19:42,459:DEBUG:exists 1993 12 year WW
2017-11-30 10:19:43,209:DEBUG:exists 1994 12 year WW
2017-11-30 10:19:43,892:DEBUG:exists 1995 12 year WW
2017-11-30 10:19:44,594:DEBUG:exists 1996 12 year WW
2017-11-30 10:19:45,290:DEBUG:exists 1997 12 year WW
2017-11-30 10:19:45,977:DEBUG:exists 1998 12 year WW
2017-11-30 10:19:46,663:DEBUG:exists 1999 12 year WW
2017-11-30 10:19:47,354:DEBUG:exists 2000 12 year WW
2017-11-30 10:19:48,043:DEBUG:exists 2001 12 year WW
2017-11-30 10:19:48,790:DEBUG:exists 2002 12 year WW
2017-11-30 10:19:49,479:DEBUG:exists 2003 12 year WW
2017-11-30 10:19:50,232:DEBUG:exists 2004 12 year WW
2017-11-30 10:19:50,960:DEBUG:exists 2005 12 year WW
2017-11-30 10:19:51,646:DEBUG:exists 2006 12 year WW
2017-11-30 10:19:51,918:DEBUG:exists 2007 12 year WW
2017-11-30 10:19:52,671:DEBUG:exists 2008 12 year WW
2017-11-30 10:19:53,357:DEBUG:exists 2009 12 year WW
2017-11-30 10:19:54,043:DEBUG:exists 2010 12 year WW
2017-11-30 10:19:54,741:DEBUG:exists 2011 12 year WW
2017-11-30 10:19:55,494:DEBUG:exists 2012 12 year WW
2017-11-30 10:19:56,282:DEBUG:exists 2013 12 year WW
2017-11-30 10:19:56,972:DEBUG:exists 2014 12 year WW
2017-11-30 10:19:57,665:DEBUG:exists 1960 01 month WW
2017-11-30 10:19:58,351:DEBUG:exists 1960 02 month WW
2017-11-30 10:19:59,043:DEBUG:exists 1960 03 month WW
2017-11-30 10:19:59,743:DEBUG:exists 1960 04 month WW
2017-11-30 10:20:00,446:DEBUG:exists 1960 05 month WW
2017-11-30 10:20:01,137:DEBUG:exists 1960 06 month WW
2017-11-30 10:20:01,825:DEBUG:exists 1960 07 month WW
2017-11-30 10:20:02,525:DEBUG:exists 1960 08 month WW
2017-11-30 10:20:03,225:DEBUG:exists 1960 09 month WW
2017-11-30 10:20:03,985:DEBUG:exists 1960 10 month WW
2017-11-30 10:20:04,672:DEBUG:exists 1960 11 month WW
2017-11-30 10:20:05,362:DEBUG:exists 1960 12 month WW
2017-11-30 10:20:06,110:DEBUG:exists 1961 01 month WW
2017-11-30 10:20:06,800:DEBUG:exists 1961 02 month WW
2017-11-30 10:20:07,491:DEBUG:exists 1961 03 month WW
2017-11-30 10:20:08,186:DEBUG:exists 1961 04 month WW
2017-11-30 10:20:08,873:DEBUG:exists 1961 05 month WW
2017-11-30 10:20:09,099:DEBUG:exists 1961 06 month WW
2017-11-30 10:20:09,781:DEBUG:exists 1961 07 month WW
2017-11-30 10:20:10,482:DEBUG:exists 1961 08 month WW
2017-11-30 10:20:11,232:DEBUG:exists 1961 09 month WW
2017-11-30 10:20:11,923:DEBUG:exists 1961 10 month WW
2017-11-30 10:20:12,615:DEBUG:exists 1961 11 month WW
2017-11-30 10:20:13,304:DEBUG:exists 1961 12 month WW
2017-11-30 10:20:13,997:DEBUG:exists 1962 01 month WW
2017-11-30 10:20:14,745:DEBUG:exists 1962 02 month WW
2017-11-30 10:20:15,430:DEBUG:exists 1962 03 month WW
2017-11-30 10:20:16,117:DEBUG:exists 1962 04 month WW
2017-11-30 10:20:16,862:DEBUG:exists 1962 05 month WW
2017-11-30 10:20:17,553:DEBUG:exists 1962 06 month WW
2017-11-30 10:20:18,248:DEBUG:exists 1962 07 month WW
2017-11-30 10:20:18,943:DEBUG:exists 1962 08 month WW
2017-11-30 10:20:19,638:DEBUG:exists 1962 09 month WW
2017-11-30 10:20:20,391:DEBUG:exists 1962 10 month WW
2017-11-30 10:20:21,319:DEBUG:exists 1962 11 month WW
2017-11-30 10:20:22,084:DEBUG:exists 1962 12 month WW
2017-11-30 10:20:22,794:DEBUG:exists 1963 01 month WW
2017-11-30 10:20:23,478:DEBUG:exists 1963 02 month WW
2017-11-30 10:20:24,170:DEBUG:exists 1963 03 month WW
2017-11-30 10:20:24,857:DEBUG:exists 1963 04 month WW
2017-11-30 10:20:27,222:DEBUG:exists 1963 05 month WW
2017-11-30 10:20:27,908:DEBUG:exists 1963 06 month WW
2017-11-30 10:20:28,676:DEBUG:exists 1963 07 month WW
2017-11-30 10:20:29,426:DEBUG:exists 1963 08 month WW
2017-11-30 10:20:30,177:DEBUG:exists 1963 09 month WW
2017-11-30 10:20:30,860:DEBUG:exists 1963 10 month WW
2017-11-30 10:20:31,547:DEBUG:exists 1963 11 month WW
2017-11-30 10:20:32,453:DEBUG:exists 1963 12 month WW
2017-11-30 10:20:33,100:DEBUG:exists 1964 01 month WW
2017-11-30 10:20:33,727:DEBUG:exists 1964 02 month WW
2017-11-30 10:20:34,351:DEBUG:exists 1964 03 month WW
2017-11-30 10:20:34,497:DEBUG:exists 1964 04 month WW
2017-11-30 10:20:35,185:DEBUG:exists 1964 05 month WW
2017-11-30 10:20:35,892:DEBUG:exists 1964 06 month WW
2017-11-30 10:20:36,513:DEBUG:exists 1964 07 month WW
2017-11-30 10:20:37,178:DEBUG:exists 1964 08 month WW
2017-11-30 10:20:37,807:DEBUG:exists 1964 09 month WW
2017-11-30 10:20:38,496:DEBUG:exists 1964 10 month WW
2017-11-30 10:20:39,170:DEBUG:exists 1964 11 month WW
2017-11-30 10:20:39,788:DEBUG:exists 1964 12 month WW
2017-11-30 10:20:40,403:DEBUG:exists 1965 01 month WW
2017-11-30 10:20:41,027:DEBUG:exists 1965 02 month WW
2017-11-30 10:20:41,713:DEBUG:exists 1965 03 month WW
2017-11-30 10:20:42,339:DEBUG:exists 1965 04 month WW
2017-11-30 10:20:42,964:DEBUG:exists 1965 05 month WW
2017-11-30 10:20:43,589:DEBUG:exists 1965 06 month WW
2017-11-30 10:20:44,213:DEBUG:exists 1965 07 month WW
2017-11-30 10:20:44,898:DEBUG:exists 1965 08 month WW
2017-11-30 10:20:45,520:DEBUG:exists 1965 09 month WW
2017-11-30 10:20:46,145:DEBUG:exists 1965 10 month WW
2017-11-30 10:20:46,771:DEBUG:exists 1965 11 month WW
2017-11-30 10:20:47,414:DEBUG:exists 1965 12 month WW
2017-11-30 10:20:48,041:DEBUG:exists 1966 01 month WW
2017-11-30 10:20:48,726:DEBUG:exists 1966 02 month WW
2017-11-30 10:20:49,416:DEBUG:exists 1966 03 month WW
2017-11-30 10:20:50,109:DEBUG:exists 1966 04 month WW
2017-11-30 10:20:50,859:DEBUG:exists 1966 05 month WW
2017-11-30 10:20:51,480:DEBUG:exists 1966 06 month WW
2017-11-30 10:20:52,106:DEBUG:exists 1966 07 month WW
2017-11-30 10:20:52,737:DEBUG:exists 1966 08 month WW
2017-11-30 10:20:53,367:DEBUG:exists 1966 09 month WW
2017-11-30 10:20:53,994:DEBUG:exists 1966 10 month WW
2017-11-30 10:20:54,625:DEBUG:exists 1966 11 month WW
2017-11-30 10:20:55,249:DEBUG:exists 1966 12 month WW
2017-11-30 10:20:55,873:DEBUG:exists 1967 01 month WW
2017-11-30 10:20:56,496:DEBUG:exists 1967 02 month WW
2017-11-30 10:20:57,119:DEBUG:exists 1967 03 month WW
2017-11-30 10:20:57,746:DEBUG:exists 1967 04 month WW
2017-11-30 10:20:58,390:DEBUG:exists 1967 05 month WW
2017-11-30 10:20:59,045:DEBUG:exists 1967 06 month WW
2017-11-30 10:20:59,670:DEBUG:exists 1967 07 month WW
2017-11-30 10:21:00,292:DEBUG:exists 1967 08 month WW
2017-11-30 10:21:00,913:DEBUG:exists 1967 09 month WW
2017-11-30 10:21:01,541:DEBUG:exists 1967 10 month WW
2017-11-30 10:21:02,190:DEBUG:exists 1967 11 month WW
2017-11-30 10:21:02,812:DEBUG:exists 1967 12 month WW
2017-11-30 10:21:03,429:DEBUG:exists 1968 01 month WW
2017-11-30 10:21:04,049:DEBUG:exists 1968 02 month WW
2017-11-30 10:21:04,726:DEBUG:exists 1968 03 month WW
2017-11-30 10:21:05,351:DEBUG:exists 1968 04 month WW
2017-11-30 10:21:05,983:DEBUG:exists 1968 05 month WW
2017-11-30 10:21:06,608:DEBUG:exists 1968 06 month WW
2017-11-30 10:21:07,234:DEBUG:exists 1968 07 month WW
2017-11-30 10:21:07,956:DEBUG:exists 1968 08 month WW
2017-11-30 10:21:08,575:DEBUG:exists 1968 09 month WW
2017-11-30 10:21:09,211:DEBUG:exists 1968 10 month WW
2017-11-30 10:21:09,835:DEBUG:exists 1968 11 month WW
2017-11-30 10:21:10,457:DEBUG:exists 1968 12 month WW
2017-11-30 10:21:11,115:DEBUG:exists 1969 01 month WW
2017-11-30 10:21:11,743:DEBUG:exists 1969 02 month WW
2017-11-30 10:21:11,943:DEBUG:exists 1969 03 month WW
2017-11-30 10:21:12,568:DEBUG:exists 1969 04 month WW
2017-11-30 10:21:13,196:DEBUG:exists 1969 05 month WW
2017-11-30 10:21:13,819:DEBUG:exists 1969 06 month WW
2017-11-30 10:21:14,452:DEBUG:exists 1969 07 month WW
2017-11-30 10:21:15,137:DEBUG:exists 1969 08 month WW
2017-11-30 10:21:15,768:DEBUG:exists 1969 09 month WW
2017-11-30 10:21:16,389:DEBUG:exists 1969 10 month WW
2017-11-30 10:21:17,009:DEBUG:exists 1969 11 month WW
2017-11-30 10:21:17,671:DEBUG:exists 1969 12 month WW
2017-11-30 10:21:18,293:DEBUG:exists 1970 01 month WW
2017-11-30 10:21:18,933:DEBUG:exists 1970 02 month WW
2017-11-30 10:21:19,556:DEBUG:exists 1970 03 month WW
2017-11-30 10:21:20,180:DEBUG:exists 1970 04 month WW
2017-11-30 10:21:20,800:DEBUG:exists 1970 05 month WW
2017-11-30 10:21:21,418:DEBUG:exists 1970 06 month WW
2017-11-30 10:21:22,043:DEBUG:exists 1970 07 month WW
2017-11-30 10:21:22,669:DEBUG:exists 1970 08 month WW
2017-11-30 10:21:23,293:DEBUG:exists 1970 09 month WW
2017-11-30 10:21:23,912:DEBUG:exists 1970 10 month WW
2017-11-30 10:21:24,539:DEBUG:exists 1970 11 month WW
2017-11-30 10:21:25,167:DEBUG:exists 1970 12 month WW
2017-11-30 10:21:25,787:DEBUG:exists 1971 01 month WW
2017-11-30 10:21:26,410:DEBUG:exists 1971 02 month WW
2017-11-30 10:21:27,030:DEBUG:exists 1971 03 month WW
2017-11-30 10:21:27,652:DEBUG:exists 1971 04 month WW
2017-11-30 10:21:28,297:DEBUG:exists 1971 05 month WW
2017-11-30 10:21:28,915:DEBUG:exists 1971 06 month WW
2017-11-30 10:21:29,551:DEBUG:exists 1971 07 month WW
2017-11-30 10:21:30,180:DEBUG:exists 1971 08 month WW
2017-11-30 10:21:30,856:DEBUG:exists 1971 09 month WW
2017-11-30 10:21:31,480:DEBUG:exists 1971 10 month WW
2017-11-30 10:21:32,107:DEBUG:exists 1971 11 month WW
2017-11-30 10:21:32,760:DEBUG:exists 1971 12 month WW
2017-11-30 10:21:33,384:DEBUG:exists 1972 01 month WW
2017-11-30 10:21:33,537:DEBUG:exists 1972 02 month WW
2017-11-30 10:21:34,163:DEBUG:exists 1972 03 month WW
2017-11-30 10:21:34,787:DEBUG:exists 1972 04 month WW
2017-11-30 10:21:35,414:DEBUG:exists 1972 05 month WW
2017-11-30 10:21:36,036:DEBUG:exists 1972 06 month WW
2017-11-30 10:21:36,664:DEBUG:exists 1972 07 month WW
2017-11-30 10:21:37,285:DEBUG:exists 1972 08 month WW
2017-11-30 10:21:37,910:DEBUG:exists 1972 09 month WW
2017-11-30 10:21:38,531:DEBUG:exists 1972 10 month WW
2017-11-30 10:21:39,159:DEBUG:exists 1972 11 month WW
2017-11-30 10:21:39,780:DEBUG:exists 1972 12 month WW
2017-11-30 10:21:40,405:DEBUG:exists 1973 01 month WW
2017-11-30 10:21:41,027:DEBUG:exists 1973 02 month WW
2017-11-30 10:21:41,691:DEBUG:exists 1973 03 month WW
2017-11-30 10:21:42,313:DEBUG:exists 1973 04 month WW
2017-11-30 10:21:42,935:DEBUG:exists 1973 05 month WW
2017-11-30 10:21:43,554:DEBUG:exists 1973 06 month WW
2017-11-30 10:21:44,226:DEBUG:exists 1973 07 month WW
2017-11-30 10:21:44,847:DEBUG:exists 1973 08 month WW
2017-11-30 10:21:45,471:DEBUG:exists 1973 09 month WW
2017-11-30 10:21:46,090:DEBUG:exists 1973 10 month WW
2017-11-30 10:21:46,721:DEBUG:exists 1973 11 month WW
2017-11-30 10:21:47,348:DEBUG:exists 1973 12 month WW
2017-11-30 10:21:47,973:DEBUG:exists 1974 01 month WW
2017-11-30 10:21:48,596:DEBUG:exists 1974 02 month WW
2017-11-30 10:21:49,232:DEBUG:exists 1974 03 month WW
2017-11-30 10:21:49,854:DEBUG:exists 1974 04 month WW
2017-11-30 10:21:50,489:DEBUG:exists 1974 05 month WW
2017-11-30 10:21:51,113:DEBUG:exists 1974 06 month WW
2017-11-30 10:21:51,734:DEBUG:exists 1974 07 month WW
2017-11-30 10:21:52,362:DEBUG:exists 1974 08 month WW
2017-11-30 10:21:52,983:DEBUG:exists 1974 09 month WW
2017-11-30 10:21:53,604:DEBUG:exists 1974 10 month WW
2017-11-30 10:21:54,227:DEBUG:exists 1974 11 month WW
2017-11-30 10:21:54,868:DEBUG:exists 1974 12 month WW
2017-11-30 10:21:55,535:DEBUG:exists 1975 01 month WW
2017-11-30 10:21:56,160:DEBUG:exists 1975 02 month WW
2017-11-30 10:21:56,827:DEBUG:exists 1975 03 month WW
2017-11-30 10:21:57,493:DEBUG:exists 1975 04 month WW
2017-11-30 10:21:58,121:DEBUG:exists 1975 05 month WW
2017-11-30 10:21:58,741:DEBUG:exists 1975 06 month WW
2017-11-30 10:21:59,365:DEBUG:exists 1975 07 month WW
2017-11-30 10:21:59,530:DEBUG:exists 1975 08 month WW
2017-11-30 10:22:00,157:DEBUG:exists 1975 09 month WW
2017-11-30 10:22:00,783:DEBUG:exists 1975 10 month WW
2017-11-30 10:22:01,408:DEBUG:exists 1975 11 month WW
2017-11-30 10:22:02,437:DEBUG:exists 1975 12 month WW
2017-11-30 10:22:03,078:DEBUG:exists 1976 01 month WW
2017-11-30 10:22:03,702:DEBUG:exists 1976 02 month WW
2017-11-30 10:22:04,335:DEBUG:exists 1976 03 month WW
2017-11-30 10:22:04,954:DEBUG:exists 1976 04 month WW
2017-11-30 10:22:05,578:DEBUG:exists 1976 05 month WW
2017-11-30 10:22:06,206:DEBUG:exists 1976 06 month WW
2017-11-30 10:22:06,827:DEBUG:exists 1976 07 month WW
2017-11-30 10:22:07,455:DEBUG:exists 1976 08 month WW
2017-11-30 10:22:08,106:DEBUG:exists 1976 09 month WW
2017-11-30 10:22:08,732:DEBUG:exists 1976 10 month WW
2017-11-30 10:22:09,367:DEBUG:exists 1976 11 month WW
2017-11-30 10:22:10,028:DEBUG:exists 1976 12 month WW
2017-11-30 10:22:10,653:DEBUG:exists 1977 01 month WW
2017-11-30 10:22:11,334:DEBUG:exists 1977 02 month WW
2017-11-30 10:22:11,955:DEBUG:exists 1977 03 month WW
2017-11-30 10:22:12,617:DEBUG:exists 1977 04 month WW
2017-11-30 10:22:13,234:DEBUG:exists 1977 05 month WW
2017-11-30 10:22:13,857:DEBUG:exists 1977 06 month WW
2017-11-30 10:22:14,485:DEBUG:exists 1977 07 month WW
2017-11-30 10:22:15,119:DEBUG:exists 1977 08 month WW
2017-11-30 10:22:15,744:DEBUG:exists 1977 09 month WW
2017-11-30 10:22:16,363:DEBUG:exists 1977 10 month WW
2017-11-30 10:22:16,987:DEBUG:exists 1977 11 month WW
2017-11-30 10:22:17,609:DEBUG:exists 1977 12 month WW
2017-11-30 10:22:18,227:DEBUG:exists 1978 01 month WW
2017-11-30 10:22:18,854:DEBUG:exists 1978 02 month WW
2017-11-30 10:22:19,477:DEBUG:exists 1978 03 month WW
2017-11-30 10:22:20,121:DEBUG:exists 1978 04 month WW
2017-11-30 10:22:20,744:DEBUG:exists 1978 05 month WW
2017-11-30 10:22:21,369:DEBUG:exists 1978 06 month WW
2017-11-30 10:22:21,997:DEBUG:exists 1978 07 month WW
2017-11-30 10:22:22,624:DEBUG:exists 1978 08 month WW
2017-11-30 10:22:23,248:DEBUG:exists 1978 09 month WW
2017-11-30 10:22:23,869:DEBUG:exists 1978 10 month WW
2017-11-30 10:22:24,578:DEBUG:exists 1978 11 month WW
2017-11-30 10:22:25,231:DEBUG:exists 1978 12 month WW
2017-11-30 10:22:25,892:DEBUG:exists 1979 01 month WW
2017-11-30 10:22:26,516:DEBUG:exists 1979 02 month WW
2017-11-30 10:22:27,145:DEBUG:exists 1979 03 month WW
2017-11-30 10:22:27,774:DEBUG:exists 1979 04 month WW
2017-11-30 10:22:28,396:DEBUG:exists 1979 05 month WW
2017-11-30 10:22:29,057:DEBUG:exists 1979 06 month WW
2017-11-30 10:22:29,679:DEBUG:exists 1979 07 month WW
2017-11-30 10:22:30,331:DEBUG:exists 1979 08 month WW
2017-11-30 10:22:30,576:DEBUG:exists 1979 09 month WW
2017-11-30 10:22:31,197:DEBUG:exists 1979 10 month WW
2017-11-30 10:22:31,823:DEBUG:exists 1979 11 month WW
2017-11-30 10:22:32,447:DEBUG:exists 1979 12 month WW
2017-11-30 10:22:33,189:DEBUG:exists 1980 01 month WW
2017-11-30 10:22:33,879:DEBUG:exists 1980 02 month WW
2017-11-30 10:22:34,574:DEBUG:exists 1980 03 month WW
2017-11-30 10:22:35,267:DEBUG:exists 1980 04 month WW
2017-11-30 10:22:35,959:DEBUG:exists 1980 05 month WW
2017-11-30 10:22:36,650:DEBUG:exists 1980 06 month WW
2017-11-30 10:22:37,337:DEBUG:exists 1980 07 month WW
2017-11-30 10:22:38,075:DEBUG:exists 1980 08 month WW
2017-11-30 10:22:38,763:DEBUG:exists 1980 09 month WW
2017-11-30 10:22:39,459:DEBUG:exists 1980 10 month WW
2017-11-30 10:22:40,159:DEBUG:exists 1980 11 month WW
2017-11-30 10:22:40,853:DEBUG:exists 1980 12 month WW
2017-11-30 10:22:41,571:DEBUG:exists 1981 01 month WW
2017-11-30 10:22:42,257:DEBUG:exists 1981 02 month WW
2017-11-30 10:22:42,941:DEBUG:exists 1981 03 month WW
2017-11-30 10:22:43,666:DEBUG:exists 1981 04 month WW
2017-11-30 10:22:44,411:DEBUG:exists 1981 05 month WW
2017-11-30 10:22:45,094:DEBUG:exists 1981 06 month WW
2017-11-30 10:22:45,827:DEBUG:exists 1981 07 month WW
2017-11-30 10:22:46,522:DEBUG:exists 1981 08 month WW
2017-11-30 10:22:47,223:DEBUG:exists 1981 09 month WW
2017-11-30 10:22:47,912:DEBUG:exists 1981 10 month WW
2017-11-30 10:22:48,651:DEBUG:exists 1981 11 month WW
2017-11-30 10:22:49,347:DEBUG:exists 1981 12 month WW
2017-11-30 10:22:50,058:DEBUG:exists 1982 01 month WW
2017-11-30 10:22:50,741:DEBUG:exists 1982 02 month WW
2017-11-30 10:22:51,427:DEBUG:exists 1982 03 month WW
2017-11-30 10:22:52,121:DEBUG:exists 1982 04 month WW
2017-11-30 10:22:52,832:DEBUG:exists 1982 05 month WW
2017-11-30 10:22:53,565:DEBUG:exists 1982 06 month WW
2017-11-30 10:22:54,261:DEBUG:exists 1982 07 month WW
2017-11-30 10:22:54,950:DEBUG:exists 1982 08 month WW
2017-11-30 10:22:55,663:DEBUG:exists 1982 09 month WW
2017-11-30 10:22:56,353:DEBUG:exists 1982 10 month WW
2017-11-30 10:22:57,055:DEBUG:exists 1982 11 month WW
2017-11-30 10:22:57,749:DEBUG:exists 1982 12 month WW
2017-11-30 10:22:58,431:DEBUG:exists 1983 01 month WW
2017-11-30 10:22:59,127:DEBUG:exists 1983 02 month WW
2017-11-30 10:22:59,826:DEBUG:exists 1983 03 month WW
2017-11-30 10:23:00,519:DEBUG:exists 1983 04 month WW
2017-11-30 10:23:01,211:DEBUG:exists 1983 05 month WW
2017-11-30 10:23:01,905:DEBUG:exists 1983 06 month WW
2017-11-30 10:23:02,594:DEBUG:exists 1983 07 month WW
2017-11-30 10:23:03,282:DEBUG:exists 1983 08 month WW
2017-11-30 10:23:03,978:DEBUG:exists 1983 09 month WW
2017-11-30 10:23:04,660:DEBUG:exists 1983 10 month WW
2017-11-30 10:23:05,347:DEBUG:exists 1983 11 month WW
2017-11-30 10:23:06,042:DEBUG:exists 1983 12 month WW
2017-11-30 10:23:06,750:DEBUG:exists 1984 01 month WW
2017-11-30 10:23:07,450:DEBUG:exists 1984 02 month WW
2017-11-30 10:23:08,234:DEBUG:exists 1984 03 month WW
2017-11-30 10:23:08,937:DEBUG:exists 1984 04 month WW
2017-11-30 10:23:09,678:DEBUG:exists 1984 05 month WW
2017-11-30 10:23:10,363:DEBUG:exists 1984 06 month WW
2017-11-30 10:23:11,054:DEBUG:exists 1984 07 month WW
2017-11-30 10:23:11,783:DEBUG:exists 1984 08 month WW
2017-11-30 10:23:12,485:DEBUG:exists 1984 09 month WW
2017-11-30 10:23:13,185:DEBUG:exists 1984 10 month WW
2017-11-30 10:23:13,869:DEBUG:exists 1984 11 month WW
2017-11-30 10:23:14,602:DEBUG:exists 1984 12 month WW
2017-11-30 10:23:15,315:DEBUG:exists 1985 01 month WW
2017-11-30 10:23:16,436:DEBUG:exists 1985 02 month WW
2017-11-30 10:23:17,138:DEBUG:exists 1985 03 month WW
2017-11-30 10:23:17,831:DEBUG:exists 1985 04 month WW
2017-11-30 10:23:18,528:DEBUG:exists 1985 05 month WW
2017-11-30 10:23:19,235:DEBUG:exists 1985 06 month WW
2017-11-30 10:23:19,945:DEBUG:exists 1985 07 month WW
2017-11-30 10:23:20,627:DEBUG:exists 1985 08 month WW
2017-11-30 10:23:21,331:DEBUG:exists 1985 09 month WW
2017-11-30 10:23:22,026:DEBUG:exists 1985 10 month WW
2017-11-30 10:23:22,731:DEBUG:exists 1985 11 month WW
2017-11-30 10:23:23,439:DEBUG:exists 1985 12 month WW
2017-11-30 10:23:24,187:DEBUG:exists 1986 01 month WW
2017-11-30 10:23:24,880:DEBUG:exists 1986 02 month WW
2017-11-30 10:23:25,583:DEBUG:exists 1986 03 month WW
2017-11-30 10:23:26,272:DEBUG:exists 1986 04 month WW
2017-11-30 10:23:26,965:DEBUG:exists 1986 05 month WW
2017-11-30 10:23:27,654:DEBUG:exists 1986 06 month WW
2017-11-30 10:23:28,353:DEBUG:exists 1986 07 month WW
2017-11-30 10:23:29,051:DEBUG:exists 1986 08 month WW
2017-11-30 10:23:29,285:DEBUG:exists 1986 09 month WW
2017-11-30 10:23:29,974:DEBUG:exists 1986 10 month WW
2017-11-30 10:23:30,741:DEBUG:exists 1986 11 month WW
2017-11-30 10:23:31,437:DEBUG:exists 1986 12 month WW
2017-11-30 10:23:32,129:DEBUG:exists 1987 01 month WW
2017-11-30 10:23:32,770:DEBUG:exists 1987 02 month WW
2017-11-30 10:23:33,403:DEBUG:exists 1987 03 month WW
2017-11-30 10:23:34,027:DEBUG:exists 1987 04 month WW
2017-11-30 10:23:34,652:DEBUG:exists 1987 05 month WW
2017-11-30 10:23:34,849:DEBUG:exists 1987 06 month WW
2017-11-30 10:23:35,466:DEBUG:exists 1987 07 month WW
2017-11-30 10:23:36,091:DEBUG:exists 1987 08 month WW
2017-11-30 10:23:36,716:DEBUG:exists 1987 09 month WW
2017-11-30 10:23:37,390:DEBUG:exists 1987 10 month WW
2017-11-30 10:23:38,026:DEBUG:exists 1987 11 month WW
2017-11-30 10:23:38,655:DEBUG:exists 1987 12 month WW
2017-11-30 10:23:39,285:DEBUG:exists 1988 01 month WW
2017-11-30 10:23:39,918:DEBUG:exists 1988 02 month WW
2017-11-30 10:23:40,577:DEBUG:exists 1988 03 month WW
2017-11-30 10:23:41,250:DEBUG:exists 1988 04 month WW
2017-11-30 10:23:41,883:DEBUG:exists 1988 05 month WW
2017-11-30 10:23:42,529:DEBUG:exists 1988 06 month WW
2017-11-30 10:23:43,160:DEBUG:exists 1988 07 month WW
2017-11-30 10:23:43,796:DEBUG:exists 1988 08 month WW
2017-11-30 10:23:44,425:DEBUG:exists 1988 09 month WW
2017-11-30 10:23:45,047:DEBUG:exists 1988 10 month WW
2017-11-30 10:23:45,669:DEBUG:exists 1988 11 month WW
2017-11-30 10:23:46,304:DEBUG:exists 1988 12 month WW
2017-11-30 10:23:46,941:DEBUG:exists 1989 01 month WW
2017-11-30 10:23:47,573:DEBUG:exists 1989 02 month WW
2017-11-30 10:23:48,207:DEBUG:exists 1989 03 month WW
2017-11-30 10:23:48,833:DEBUG:exists 1989 04 month WW
2017-11-30 10:23:49,469:DEBUG:exists 1989 05 month WW
2017-11-30 10:23:50,123:DEBUG:exists 1989 06 month WW
2017-11-30 10:23:50,748:DEBUG:exists 1989 07 month WW
2017-11-30 10:23:51,425:DEBUG:exists 1989 08 month WW
2017-11-30 10:23:52,071:DEBUG:exists 1989 09 month WW
2017-11-30 10:23:52,763:DEBUG:exists 1989 10 month WW
2017-11-30 10:23:53,381:DEBUG:exists 1989 11 month WW
2017-11-30 10:23:54,071:DEBUG:exists 1989 12 month WW
2017-11-30 10:23:54,693:DEBUG:exists 1990 01 month WW
2017-11-30 10:23:55,327:DEBUG:exists 1990 02 month WW
2017-11-30 10:23:55,952:DEBUG:exists 1990 03 month WW
2017-11-30 10:23:56,571:DEBUG:exists 1990 04 month WW
2017-11-30 10:23:57,191:DEBUG:exists 1990 05 month WW
2017-11-30 10:23:57,817:DEBUG:exists 1990 06 month WW
2017-11-30 10:23:58,443:DEBUG:exists 1990 07 month WW
2017-11-30 10:23:59,069:DEBUG:exists 1990 08 month WW
2017-11-30 10:23:59,706:DEBUG:exists 1990 09 month WW
2017-11-30 10:24:00,325:DEBUG:exists 1990 10 month WW
2017-11-30 10:24:00,953:DEBUG:exists 1990 11 month WW
2017-11-30 10:24:01,585:DEBUG:exists 1990 12 month WW
2017-11-30 10:24:02,216:DEBUG:exists 1991 01 month WW
2017-11-30 10:24:02,839:DEBUG:exists 1991 02 month WW
2017-11-30 10:24:03,470:DEBUG:exists 1991 03 month WW
2017-11-30 10:24:04,088:DEBUG:exists 1991 04 month WW
2017-11-30 10:24:04,827:DEBUG:exists 1991 05 month WW
2017-11-30 10:24:05,456:DEBUG:exists 1991 06 month WW
2017-11-30 10:24:06,082:DEBUG:exists 1991 07 month WW
2017-11-30 10:24:06,706:DEBUG:exists 1991 08 month WW
2017-11-30 10:24:07,338:DEBUG:exists 1991 09 month WW
2017-11-30 10:24:07,972:DEBUG:exists 1991 10 month WW
2017-11-30 10:24:08,599:DEBUG:exists 1991 11 month WW
2017-11-30 10:24:09,222:DEBUG:exists 1991 12 month WW
2017-11-30 10:24:09,853:DEBUG:exists 1992 01 month WW
2017-11-30 10:24:10,004:DEBUG:exists 1992 02 month WW
2017-11-30 10:24:10,176:DEBUG:exists 1992 03 month WW
2017-11-30 10:24:10,802:DEBUG:exists 1992 04 month WW
2017-11-30 10:24:11,423:DEBUG:exists 1992 05 month WW
2017-11-30 10:24:12,044:DEBUG:exists 1992 06 month WW
2017-11-30 10:24:12,664:DEBUG:exists 1992 07 month WW
2017-11-30 10:24:13,284:DEBUG:exists 1992 08 month WW
2017-11-30 10:24:13,906:DEBUG:exists 1992 09 month WW
2017-11-30 10:24:14,531:DEBUG:exists 1992 10 month WW
2017-11-30 10:24:15,155:DEBUG:exists 1992 11 month WW
2017-11-30 10:24:15,777:DEBUG:exists 1992 12 month WW
2017-11-30 10:24:16,394:DEBUG:exists 1993 01 month WW
2017-11-30 10:24:17,025:DEBUG:exists 1993 02 month WW
2017-11-30 10:24:17,711:DEBUG:exists 1993 03 month WW
2017-11-30 10:24:18,334:DEBUG:exists 1993 04 month WW
2017-11-30 10:24:18,954:DEBUG:exists 1993 05 month WW
2017-11-30 10:24:19,578:DEBUG:exists 1993 06 month WW
2017-11-30 10:24:20,205:DEBUG:exists 1993 07 month WW
2017-11-30 10:24:20,354:DEBUG:exists 1993 08 month WW
2017-11-30 10:24:20,979:DEBUG:exists 1993 09 month WW
2017-11-30 10:24:21,602:DEBUG:exists 1993 10 month WW
2017-11-30 10:24:22,221:DEBUG:exists 1993 11 month WW
2017-11-30 10:24:22,845:DEBUG:exists 1993 12 month WW
2017-11-30 10:24:23,464:DEBUG:exists 1994 01 month WW
2017-11-30 10:24:23,615:DEBUG:exists 1994 02 month WW
2017-11-30 10:24:24,236:DEBUG:exists 1994 03 month WW
2017-11-30 10:24:24,853:DEBUG:exists 1994 04 month WW
2017-11-30 10:24:25,481:DEBUG:exists 1994 05 month WW
2017-11-30 10:24:26,129:DEBUG:exists 1994 06 month WW
2017-11-30 10:24:26,753:DEBUG:exists 1994 07 month WW
2017-11-30 10:24:27,381:DEBUG:exists 1994 08 month WW
2017-11-30 10:24:27,532:DEBUG:exists 1994 09 month WW
2017-11-30 10:24:28,154:DEBUG:exists 1994 10 month WW
2017-11-30 10:24:28,783:DEBUG:exists 1994 11 month WW
2017-11-30 10:24:29,451:DEBUG:exists 1994 12 month WW
2017-11-30 10:24:30,072:DEBUG:exists 1995 01 month WW
2017-11-30 10:24:30,704:DEBUG:exists 1995 02 month WW
2017-11-30 10:24:31,347:DEBUG:exists 1995 03 month WW
2017-11-30 10:24:32,005:DEBUG:exists 1995 04 month WW
2017-11-30 10:24:32,670:DEBUG:exists 1995 05 month WW
2017-11-30 10:24:33,285:DEBUG:exists 1995 06 month WW
2017-11-30 10:24:33,906:DEBUG:exists 1995 07 month WW
2017-11-30 10:24:34,532:DEBUG:exists 1995 08 month WW
2017-11-30 10:24:34,686:DEBUG:exists 1995 09 month WW
2017-11-30 10:24:35,318:DEBUG:exists 1995 10 month WW
2017-11-30 10:24:35,959:DEBUG:exists 1995 11 month WW
2017-11-30 10:24:36,580:DEBUG:exists 1995 12 month WW
2017-11-30 10:24:37,202:DEBUG:exists 1996 01 month WW
2017-11-30 10:24:37,847:DEBUG:exists 1996 02 month WW
2017-11-30 10:24:38,474:DEBUG:exists 1996 03 month WW
2017-11-30 10:24:39,095:DEBUG:exists 1996 04 month WW
2017-11-30 10:24:39,719:DEBUG:exists 1996 05 month WW
2017-11-30 10:24:40,339:DEBUG:exists 1996 06 month WW
2017-11-30 10:24:40,961:DEBUG:exists 1996 07 month WW
2017-11-30 10:24:41,580:DEBUG:exists 1996 08 month WW
2017-11-30 10:24:42,204:DEBUG:exists 1996 09 month WW
2017-11-30 10:24:42,883:DEBUG:exists 1996 10 month WW
2017-11-30 10:24:43,506:DEBUG:exists 1996 11 month WW
2017-11-30 10:24:44,128:DEBUG:exists 1996 12 month WW
2017-11-30 10:24:44,754:DEBUG:exists 1997 01 month WW
2017-11-30 10:24:45,378:DEBUG:exists 1997 02 month WW
2017-11-30 10:24:46,003:DEBUG:exists 1997 03 month WW
2017-11-30 10:24:46,625:DEBUG:exists 1997 04 month WW
2017-11-30 10:24:47,244:DEBUG:exists 1997 05 month WW
2017-11-30 10:24:47,872:DEBUG:exists 1997 06 month WW
2017-11-30 10:24:48,509:DEBUG:exists 1997 07 month WW
2017-11-30 10:24:49,151:DEBUG:exists 1997 08 month WW
2017-11-30 10:24:49,775:DEBUG:exists 1997 09 month WW
2017-11-30 10:24:50,399:DEBUG:exists 1997 10 month WW
2017-11-30 10:24:51,024:DEBUG:exists 1997 11 month WW
2017-11-30 10:24:51,170:DEBUG:exists 1997 12 month WW
2017-11-30 10:24:51,785:DEBUG:exists 1998 01 month WW
2017-11-30 10:24:52,412:DEBUG:exists 1998 02 month WW
2017-11-30 10:24:53,035:DEBUG:exists 1998 03 month WW
2017-11-30 10:24:53,664:DEBUG:exists 1998 04 month WW
2017-11-30 10:24:54,282:DEBUG:exists 1998 05 month WW
2017-11-30 10:24:54,908:DEBUG:exists 1998 06 month WW
2017-11-30 10:24:55,574:DEBUG:exists 1998 07 month WW
2017-11-30 10:24:56,194:DEBUG:exists 1998 08 month WW
2017-11-30 10:24:56,830:DEBUG:exists 1998 09 month WW
2017-11-30 10:24:57,451:DEBUG:exists 1998 10 month WW
2017-11-30 10:24:58,069:DEBUG:exists 1998 11 month WW
2017-11-30 10:24:58,225:DEBUG:exists 1998 12 month WW
2017-11-30 10:24:58,857:DEBUG:exists 1999 01 month WW
2017-11-30 10:24:59,480:DEBUG:exists 1999 02 month WW
2017-11-30 10:24:59,632:DEBUG:exists 1999 03 month WW
2017-11-30 10:25:00,249:DEBUG:exists 1999 04 month WW
2017-11-30 10:25:00,870:DEBUG:exists 1999 05 month WW
2017-11-30 10:25:01,497:DEBUG:exists 1999 06 month WW
2017-11-30 10:25:02,119:DEBUG:exists 1999 07 month WW
2017-11-30 10:25:02,741:DEBUG:exists 1999 08 month WW
2017-11-30 10:25:03,371:DEBUG:exists 1999 09 month WW
2017-11-30 10:25:03,998:DEBUG:exists 1999 10 month WW
2017-11-30 10:25:04,618:DEBUG:exists 1999 11 month WW
2017-11-30 10:25:05,239:DEBUG:exists 1999 12 month WW
2017-11-30 10:25:05,862:DEBUG:exists 2000 01 month WW
2017-11-30 10:25:06,490:DEBUG:exists 2000 02 month WW
2017-11-30 10:25:07,109:DEBUG:exists 2000 03 month WW
2017-11-30 10:25:07,729:DEBUG:exists 2000 04 month WW
2017-11-30 10:25:08,434:DEBUG:exists 2000 05 month WW
2017-11-30 10:25:09,054:DEBUG:exists 2000 06 month WW
2017-11-30 10:25:09,677:DEBUG:exists 2000 07 month WW
2017-11-30 10:25:10,313:DEBUG:exists 2000 08 month WW
2017-11-30 10:25:10,940:DEBUG:exists 2000 09 month WW
2017-11-30 10:25:11,555:DEBUG:exists 2000 10 month WW
2017-11-30 10:25:12,180:DEBUG:exists 2000 11 month WW
2017-11-30 10:25:12,802:DEBUG:exists 2000 12 month WW
2017-11-30 10:25:13,422:DEBUG:exists 2001 01 month WW
2017-11-30 10:25:14,049:DEBUG:exists 2001 02 month WW
2017-11-30 10:25:14,665:DEBUG:exists 2001 03 month WW
2017-11-30 10:25:15,281:DEBUG:exists 2001 04 month WW
2017-11-30 10:25:15,899:DEBUG:exists 2001 05 month WW
2017-11-30 10:25:16,520:DEBUG:exists 2001 06 month WW
2017-11-30 10:25:17,154:DEBUG:exists 2001 07 month WW
2017-11-30 10:25:17,782:DEBUG:exists 2001 08 month WW
2017-11-30 10:25:18,399:DEBUG:exists 2001 09 month WW
2017-11-30 10:25:19,018:DEBUG:exists 2001 10 month WW
2017-11-30 10:25:19,637:DEBUG:exists 2001 11 month WW
2017-11-30 10:25:20,256:DEBUG:exists 2001 12 month WW
2017-11-30 10:25:20,416:DEBUG:exists 2002 01 month WW
2017-11-30 10:25:21,105:DEBUG:exists 2002 02 month WW
2017-11-30 10:25:21,745:DEBUG:exists 2002 03 month WW
2017-11-30 10:25:22,370:DEBUG:exists 2002 04 month WW
2017-11-30 10:25:22,994:DEBUG:exists 2002 05 month WW
2017-11-30 10:25:23,624:DEBUG:exists 2002 06 month WW
2017-11-30 10:25:24,241:DEBUG:exists 2002 07 month WW
2017-11-30 10:25:24,864:DEBUG:exists 2002 08 month WW
2017-11-30 10:25:25,563:DEBUG:exists 2002 09 month WW
2017-11-30 10:25:26,194:DEBUG:exists 2002 10 month WW
2017-11-30 10:25:26,824:DEBUG:exists 2002 11 month WW
2017-11-30 10:25:26,970:DEBUG:exists 2002 12 month WW
2017-11-30 10:25:27,597:DEBUG:exists 2003 01 month WW
2017-11-30 10:25:28,217:DEBUG:exists 2003 02 month WW
2017-11-30 10:25:28,849:DEBUG:exists 2003 03 month WW
2017-11-30 10:25:29,470:DEBUG:exists 2003 04 month WW
2017-11-30 10:25:30,100:DEBUG:exists 2003 05 month WW
2017-11-30 10:25:30,725:DEBUG:exists 2003 06 month WW
2017-11-30 10:25:31,350:DEBUG:exists 2003 07 month WW
2017-11-30 10:25:31,975:DEBUG:exists 2003 08 month WW
2017-11-30 10:25:32,594:DEBUG:exists 2003 09 month WW
2017-11-30 10:25:33,296:DEBUG:exists 2003 10 month WW
2017-11-30 10:25:34,003:DEBUG:exists 2003 11 month WW
2017-11-30 10:25:34,755:DEBUG:exists 2003 12 month WW
2017-11-30 10:25:35,442:DEBUG:exists 2004 01 month WW
2017-11-30 10:25:36,126:DEBUG:exists 2004 02 month WW
2017-11-30 10:25:36,819:DEBUG:exists 2004 03 month WW
2017-11-30 10:25:37,519:DEBUG:exists 2004 04 month WW
2017-11-30 10:25:38,224:DEBUG:exists 2004 05 month WW
2017-11-30 10:25:38,949:DEBUG:exists 2004 06 month WW
2017-11-30 10:25:39,638:DEBUG:exists 2004 07 month WW
2017-11-30 10:25:40,340:DEBUG:exists 2004 08 month WW
2017-11-30 10:25:41,042:DEBUG:exists 2004 09 month WW
2017-11-30 10:25:41,741:DEBUG:exists 2004 10 month WW
2017-11-30 10:25:42,506:DEBUG:exists 2004 11 month WW
2017-11-30 10:25:43,219:DEBUG:exists 2004 12 month WW
2017-11-30 10:25:43,906:DEBUG:exists 2005 01 month WW
2017-11-30 10:25:44,596:DEBUG:exists 2005 02 month WW
2017-11-30 10:25:45,287:DEBUG:exists 2005 03 month WW
2017-11-30 10:25:45,973:DEBUG:exists 2005 04 month WW
2017-11-30 10:25:46,671:DEBUG:exists 2005 05 month WW
2017-11-30 10:25:47,378:DEBUG:exists 2005 06 month WW
2017-11-30 10:25:48,059:DEBUG:exists 2005 07 month WW
2017-11-30 10:25:48,758:DEBUG:exists 2005 08 month WW
2017-11-30 10:25:49,545:DEBUG:exists 2005 09 month WW
2017-11-30 10:25:50,233:DEBUG:exists 2005 10 month WW
2017-11-30 10:25:50,956:DEBUG:exists 2005 11 month WW
2017-11-30 10:25:51,658:DEBUG:exists 2005 12 month WW
2017-11-30 10:25:52,344:DEBUG:exists 2006 01 month WW
2017-11-30 10:25:53,034:DEBUG:exists 2006 02 month WW
2017-11-30 10:25:53,737:DEBUG:exists 2006 03 month WW
2017-11-30 10:25:54,441:DEBUG:exists 2006 04 month WW
2017-11-30 10:25:55,134:DEBUG:exists 2006 05 month WW
2017-11-30 10:25:55,838:DEBUG:exists 2006 06 month WW
2017-11-30 10:25:56,529:DEBUG:exists 2006 07 month WW
2017-11-30 10:25:57,227:DEBUG:exists 2006 08 month WW
2017-11-30 10:25:57,916:DEBUG:exists 2006 09 month WW
2017-11-30 10:25:58,608:DEBUG:exists 2006 10 month WW
2017-11-30 10:25:59,310:DEBUG:exists 2006 11 month WW
2017-11-30 10:26:00,004:DEBUG:exists 2006 12 month WW
2017-11-30 10:26:00,701:DEBUG:exists 2007 01 month WW
2017-11-30 10:26:01,387:DEBUG:exists 2007 02 month WW
2017-11-30 10:26:02,118:DEBUG:exists 2007 03 month WW
2017-11-30 10:26:02,800:DEBUG:exists 2007 04 month WW
2017-11-30 10:26:03,492:DEBUG:exists 2007 05 month WW
2017-11-30 10:26:04,192:DEBUG:exists 2007 06 month WW
2017-11-30 10:26:04,932:DEBUG:exists 2007 07 month WW
2017-11-30 10:26:05,618:DEBUG:exists 2007 08 month WW
2017-11-30 10:26:06,319:DEBUG:exists 2007 09 month WW
2017-11-30 10:26:07,014:DEBUG:exists 2007 10 month WW
2017-11-30 10:26:07,697:DEBUG:exists 2007 11 month WW
2017-11-30 10:26:08,393:DEBUG:exists 2007 12 month WW
2017-11-30 10:26:09,082:DEBUG:exists 2008 01 month WW
2017-11-30 10:26:09,303:DEBUG:exists 2008 02 month WW
2017-11-30 10:26:10,013:DEBUG:exists 2008 03 month WW
2017-11-30 10:26:10,245:DEBUG:exists 2008 04 month WW
2017-11-30 10:26:10,945:DEBUG:exists 2008 05 month WW
2017-11-30 10:26:11,667:DEBUG:exists 2008 06 month WW
2017-11-30 10:26:12,359:DEBUG:exists 2008 07 month WW
2017-11-30 10:26:13,037:DEBUG:exists 2008 08 month WW
2017-11-30 10:26:13,752:DEBUG:exists 2008 09 month WW
2017-11-30 10:26:14,439:DEBUG:exists 2008 10 month WW
2017-11-30 10:26:15,141:DEBUG:exists 2008 11 month WW
2017-11-30 10:26:15,834:DEBUG:exists 2008 12 month WW
2017-11-30 10:26:16,073:DEBUG:exists 2009 01 month WW
2017-11-30 10:26:16,296:DEBUG:exists 2009 02 month WW
2017-11-30 10:26:17,001:DEBUG:exists 2009 03 month WW
2017-11-30 10:26:17,736:DEBUG:exists 2009 04 month WW
2017-11-30 10:26:18,428:DEBUG:exists 2009 05 month WW
2017-11-30 10:26:19,146:DEBUG:exists 2009 06 month WW
2017-11-30 10:26:19,841:DEBUG:exists 2009 07 month WW
2017-11-30 10:26:20,528:DEBUG:exists 2009 08 month WW
2017-11-30 10:26:21,243:DEBUG:exists 2009 09 month WW
2017-11-30 10:26:21,939:DEBUG:exists 2009 10 month WW
2017-11-30 10:26:22,627:DEBUG:exists 2009 11 month WW
2017-11-30 10:26:23,324:DEBUG:exists 2009 12 month WW
2017-11-30 10:26:24,015:DEBUG:exists 2010 01 month WW
2017-11-30 10:26:24,702:DEBUG:exists 2010 02 month WW
2017-11-30 10:26:25,416:DEBUG:exists 2010 03 month WW
2017-11-30 10:26:26,107:DEBUG:exists 2010 04 month WW
2017-11-30 10:26:26,792:DEBUG:exists 2010 05 month WW
2017-11-30 10:26:27,507:DEBUG:exists 2010 06 month WW
2017-11-30 10:26:28,209:DEBUG:exists 2010 07 month WW
2017-11-30 10:26:28,921:DEBUG:exists 2010 08 month WW
2017-11-30 10:26:29,619:DEBUG:exists 2010 09 month WW
2017-11-30 10:26:30,308:DEBUG:exists 2010 10 month WW
2017-11-30 10:26:30,996:DEBUG:exists 2010 11 month WW
2017-11-30 10:26:31,691:DEBUG:exists 2010 12 month WW
2017-11-30 10:26:32,377:DEBUG:exists 2011 01 month WW
2017-11-30 10:26:33,043:DEBUG:exists 2011 02 month WW
2017-11-30 10:26:33,665:DEBUG:exists 2011 03 month WW
2017-11-30 10:26:34,286:DEBUG:exists 2011 04 month WW
2017-11-30 10:26:34,935:DEBUG:exists 2011 05 month WW
2017-11-30 10:26:35,563:DEBUG:exists 2011 06 month WW
2017-11-30 10:26:36,182:DEBUG:exists 2011 07 month WW
2017-11-30 10:26:36,804:DEBUG:exists 2011 08 month WW
2017-11-30 10:26:37,429:DEBUG:exists 2011 09 month WW
2017-11-30 10:26:38,051:DEBUG:exists 2011 10 month WW
2017-11-30 10:26:38,674:DEBUG:exists 2011 11 month WW
2017-11-30 10:26:39,294:DEBUG:exists 2011 12 month WW
2017-11-30 10:26:39,917:DEBUG:exists 2012 01 month WW
2017-11-30 10:26:40,543:DEBUG:exists 2012 02 month WW
2017-11-30 10:26:41,161:DEBUG:exists 2012 03 month WW
2017-11-30 10:26:41,803:DEBUG:exists 2012 04 month WW
2017-11-30 10:26:42,421:DEBUG:exists 2012 05 month WW
2017-11-30 10:26:43,044:DEBUG:exists 2012 06 month WW
2017-11-30 10:26:43,670:DEBUG:exists 2012 07 month WW
2017-11-30 10:26:44,294:DEBUG:exists 2012 08 month WW
2017-11-30 10:26:44,921:DEBUG:exists 2012 09 month WW
2017-11-30 10:26:45,559:DEBUG:exists 2012 10 month WW
2017-11-30 10:26:46,253:DEBUG:exists 2012 11 month WW
2017-11-30 10:26:46,879:DEBUG:exists 2012 12 month WW
2017-11-30 10:26:47,553:DEBUG:exists 2013 01 month WW
2017-11-30 10:26:48,208:DEBUG:exists 2013 02 month WW
2017-11-30 10:26:48,830:DEBUG:exists 2013 03 month WW
2017-11-30 10:26:49,453:DEBUG:exists 2013 04 month WW
2017-11-30 10:26:50,076:DEBUG:exists 2013 05 month WW
2017-11-30 10:26:50,233:DEBUG:exists 2013 06 month WW
2017-11-30 10:26:50,854:DEBUG:exists 2013 07 month WW
2017-11-30 10:26:51,482:DEBUG:exists 2013 08 month WW
2017-11-30 10:26:52,105:DEBUG:exists 2013 09 month WW
2017-11-30 10:26:52,725:DEBUG:exists 2013 10 month WW
2017-11-30 10:26:53,348:DEBUG:exists 2013 11 month WW
2017-11-30 10:26:53,975:DEBUG:exists 2013 12 month WW
2017-11-30 10:26:54,612:DEBUG:exists 2014 01 month WW
2017-11-30 10:26:55,246:DEBUG:exists 2014 02 month WW
2017-11-30 10:26:55,877:DEBUG:exists 2014 03 month WW
2017-11-30 10:26:56,521:DEBUG:exists 2014 04 month WW
2017-11-30 10:26:57,164:DEBUG:exists 2014 05 month WW
2017-11-30 10:26:57,804:DEBUG:exists 2014 06 month WW
2017-11-30 10:26:58,430:DEBUG:exists 2014 07 month WW
2017-11-30 10:26:59,061:DEBUG:exists 2014 08 month WW
2017-11-30 10:26:59,722:DEBUG:exists 2014 09 month WW
2017-11-30 10:27:00,351:DEBUG:exists 2014 10 month WW
2017-11-30 10:27:00,970:DEBUG:exists 2014 11 month WW
2017-11-30 10:27:01,592:DEBUG:exists 2014 12 month WW
2017-11-30 10:27:02,253:DEBUG:exists 1960 12 year WN
2017-11-30 10:27:02,883:DEBUG:exists 1961 12 year WN
2017-11-30 10:27:03,507:DEBUG:exists 1962 12 year WN
2017-11-30 10:27:04,155:DEBUG:exists 1963 12 year WN
2017-11-30 10:27:04,780:DEBUG:exists 1964 12 year WN
2017-11-30 10:27:05,411:DEBUG:exists 1965 12 year WN
2017-11-30 10:27:06,031:DEBUG:exists 1966 12 year WN
2017-11-30 10:27:06,654:DEBUG:exists 1967 12 year WN
2017-11-30 10:27:07,273:DEBUG:exists 1968 12 year WN
2017-11-30 10:27:07,895:DEBUG:exists 1969 12 year WN
2017-11-30 10:27:08,574:DEBUG:exists 1970 12 year WN
2017-11-30 10:27:09,202:DEBUG:exists 1971 12 year WN
2017-11-30 10:27:09,827:DEBUG:exists 1972 12 year WN
2017-11-30 10:27:10,453:DEBUG:exists 1973 12 year WN
2017-11-30 10:27:11,072:DEBUG:exists 1974 12 year WN
2017-11-30 10:27:11,697:DEBUG:exists 1975 12 year WN
2017-11-30 10:27:12,324:DEBUG:exists 1976 12 year WN
2017-11-30 10:27:12,986:DEBUG:exists 1977 12 year WN
2017-11-30 10:27:13,616:DEBUG:exists 1978 12 year WN
2017-11-30 10:27:14,247:DEBUG:exists 1979 12 year WN
2017-11-30 10:27:14,879:DEBUG:exists 1980 12 year WN
2017-11-30 10:27:15,503:DEBUG:exists 1981 12 year WN
2017-11-30 10:27:16,133:DEBUG:exists 1982 12 year WN
2017-11-30 10:27:16,757:DEBUG:exists 1983 12 year WN
2017-11-30 10:27:17,380:DEBUG:exists 1984 12 year WN
2017-11-30 10:27:18,012:DEBUG:exists 1985 12 year WN
2017-11-30 10:27:18,633:DEBUG:exists 1986 12 year WN
2017-11-30 10:27:19,259:DEBUG:exists 1987 12 year WN
2017-11-30 10:27:19,885:DEBUG:exists 1988 12 year WN
2017-11-30 10:27:20,510:DEBUG:exists 1989 12 year WN
2017-11-30 10:27:21,130:DEBUG:exists 1990 12 year WN
2017-11-30 10:27:21,752:DEBUG:exists 1991 12 year WN
2017-11-30 10:27:22,377:DEBUG:exists 1992 12 year WN
2017-11-30 10:27:23,000:DEBUG:exists 1993 12 year WN
2017-11-30 10:27:23,621:DEBUG:exists 1994 12 year WN
2017-11-30 10:27:24,255:DEBUG:exists 1995 12 year WN
2017-11-30 10:27:24,881:DEBUG:exists 1996 12 year WN
2017-11-30 10:27:25,510:DEBUG:exists 1997 12 year WN
2017-11-30 10:27:26,133:DEBUG:exists 1998 12 year WN
2017-11-30 10:27:26,806:DEBUG:exists 1999 12 year WN
2017-11-30 10:27:27,429:DEBUG:exists 2000 12 year WN
2017-11-30 10:27:28,054:DEBUG:exists 2001 12 year WN
2017-11-30 10:27:28,678:DEBUG:exists 2002 12 year WN
2017-11-30 10:27:29,300:DEBUG:exists 2003 12 year WN
2017-11-30 10:27:29,919:DEBUG:exists 2004 12 year WN
2017-11-30 10:27:30,550:DEBUG:exists 2005 12 year WN
2017-11-30 10:27:31,179:DEBUG:exists 2006 12 year WN
2017-11-30 10:27:31,807:DEBUG:exists 2007 12 year WN
2017-11-30 10:27:32,448:DEBUG:exists 2008 12 year WN
2017-11-30 10:27:33,090:DEBUG:exists 2009 12 year WN
2017-11-30 10:27:33,709:DEBUG:exists 2010 12 year WN
2017-11-30 10:27:34,330:DEBUG:exists 2011 12 year WN
2017-11-30 10:27:34,955:DEBUG:exists 2012 12 year WN
2017-11-30 10:27:35,577:DEBUG:exists 2013 12 year WN
2017-11-30 10:27:36,208:DEBUG:exists 2014 12 year WN
2017-11-30 10:27:36,922:DEBUG:exists 1960 01 month WN
2017-11-30 10:27:37,585:DEBUG:exists 1960 02 month WN
2017-11-30 10:27:38,211:DEBUG:exists 1960 03 month WN
2017-11-30 10:27:38,828:DEBUG:exists 1960 04 month WN
2017-11-30 10:27:39,456:DEBUG:exists 1960 05 month WN
2017-11-30 10:27:40,116:DEBUG:exists 1960 06 month WN
2017-11-30 10:27:40,742:DEBUG:exists 1960 07 month WN
2017-11-30 10:27:41,366:DEBUG:exists 1960 08 month WN
2017-11-30 10:27:42,008:DEBUG:exists 1960 09 month WN
2017-11-30 10:27:42,630:DEBUG:exists 1960 10 month WN
2017-11-30 10:27:43,250:DEBUG:exists 1960 11 month WN
2017-11-30 10:27:43,871:DEBUG:exists 1960 12 month WN
2017-11-30 10:27:44,513:DEBUG:exists 1961 01 month WN
2017-11-30 10:27:45,157:DEBUG:exists 1961 02 month WN
2017-11-30 10:27:45,780:DEBUG:exists 1961 03 month WN
2017-11-30 10:27:46,397:DEBUG:exists 1961 04 month WN
2017-11-30 10:27:47,018:DEBUG:exists 1961 05 month WN
2017-11-30 10:27:47,647:DEBUG:exists 1961 06 month WN
2017-11-30 10:27:48,320:DEBUG:exists 1961 07 month WN
2017-11-30 10:27:48,964:DEBUG:exists 1961 08 month WN
2017-11-30 10:27:49,587:DEBUG:exists 1961 09 month WN
2017-11-30 10:27:49,740:DEBUG:exists 1961 10 month WN
2017-11-30 10:27:50,363:DEBUG:exists 1961 11 month WN
2017-11-30 10:27:50,980:DEBUG:exists 1961 12 month WN
2017-11-30 10:27:51,601:DEBUG:exists 1962 01 month WN
2017-11-30 10:27:52,225:DEBUG:exists 1962 02 month WN
2017-11-30 10:27:52,868:DEBUG:exists 1962 03 month WN
2017-11-30 10:27:53,538:DEBUG:exists 1962 04 month WN
2017-11-30 10:27:54,158:DEBUG:exists 1962 05 month WN
2017-11-30 10:27:54,783:DEBUG:exists 1962 06 month WN
2017-11-30 10:27:55,404:DEBUG:exists 1962 07 month WN
2017-11-30 10:27:56,028:DEBUG:exists 1962 08 month WN
2017-11-30 10:27:56,660:DEBUG:exists 1962 09 month WN
2017-11-30 10:27:57,290:DEBUG:exists 1962 10 month WN
2017-11-30 10:27:57,912:DEBUG:exists 1962 11 month WN
2017-11-30 10:27:58,533:DEBUG:exists 1962 12 month WN
2017-11-30 10:27:59,154:DEBUG:exists 1963 01 month WN
2017-11-30 10:27:59,775:DEBUG:exists 1963 02 month WN
2017-11-30 10:28:00,398:DEBUG:exists 1963 03 month WN
2017-11-30 10:28:01,023:DEBUG:exists 1963 04 month WN
2017-11-30 10:28:01,653:DEBUG:exists 1963 05 month WN
2017-11-30 10:28:02,391:DEBUG:exists 1963 06 month WN
2017-11-30 10:28:03,016:DEBUG:exists 1963 07 month WN
2017-11-30 10:28:03,650:DEBUG:exists 1963 08 month WN
2017-11-30 10:28:04,275:DEBUG:exists 1963 09 month WN
2017-11-30 10:28:04,895:DEBUG:exists 1963 10 month WN
2017-11-30 10:28:05,522:DEBUG:exists 1963 11 month WN
2017-11-30 10:28:06,147:DEBUG:exists 1963 12 month WN
2017-11-30 10:28:06,832:DEBUG:exists 1964 01 month WN
2017-11-30 10:28:07,452:DEBUG:exists 1964 02 month WN
2017-11-30 10:28:08,072:DEBUG:exists 1964 03 month WN
2017-11-30 10:28:08,702:DEBUG:exists 1964 04 month WN
2017-11-30 10:28:09,332:DEBUG:exists 1964 05 month WN
2017-11-30 10:28:09,965:DEBUG:exists 1964 06 month WN
2017-11-30 10:28:10,590:DEBUG:exists 1964 07 month WN
2017-11-30 10:28:11,211:DEBUG:exists 1964 08 month WN
2017-11-30 10:28:11,834:DEBUG:exists 1964 09 month WN
2017-11-30 10:28:12,452:DEBUG:exists 1964 10 month WN
2017-11-30 10:28:13,077:DEBUG:exists 1964 11 month WN
2017-11-30 10:28:13,728:DEBUG:exists 1964 12 month WN
2017-11-30 10:28:14,349:DEBUG:exists 1965 01 month WN
2017-11-30 10:28:14,970:DEBUG:exists 1965 02 month WN
2017-11-30 10:28:15,602:DEBUG:exists 1965 03 month WN
2017-11-30 10:28:16,223:DEBUG:exists 1965 04 month WN
2017-11-30 10:28:16,843:DEBUG:exists 1965 05 month WN
2017-11-30 10:28:17,467:DEBUG:exists 1965 06 month WN
2017-11-30 10:28:18,114:DEBUG:exists 1965 07 month WN
2017-11-30 10:28:18,748:DEBUG:exists 1965 08 month WN
2017-11-30 10:28:19,378:DEBUG:exists 1965 09 month WN
2017-11-30 10:28:20,004:DEBUG:exists 1965 10 month WN
2017-11-30 10:28:20,674:DEBUG:exists 1965 11 month WN
2017-11-30 10:28:21,298:DEBUG:exists 1965 12 month WN
2017-11-30 10:28:21,948:DEBUG:exists 1966 01 month WN
2017-11-30 10:28:22,587:DEBUG:exists 1966 02 month WN
2017-11-30 10:28:23,214:DEBUG:exists 1966 03 month WN
2017-11-30 10:28:23,836:DEBUG:exists 1966 04 month WN
2017-11-30 10:28:24,470:DEBUG:exists 1966 05 month WN
2017-11-30 10:28:25,091:DEBUG:exists 1966 06 month WN
2017-11-30 10:28:25,731:DEBUG:exists 1966 07 month WN
2017-11-30 10:28:26,357:DEBUG:exists 1966 08 month WN
2017-11-30 10:28:26,987:DEBUG:exists 1966 09 month WN
2017-11-30 10:28:27,613:DEBUG:exists 1966 10 month WN
2017-11-30 10:28:28,244:DEBUG:exists 1966 11 month WN
2017-11-30 10:28:28,866:DEBUG:exists 1966 12 month WN
2017-11-30 10:28:29,489:DEBUG:exists 1967 01 month WN
2017-11-30 10:28:30,111:DEBUG:exists 1967 02 month WN
2017-11-30 10:28:30,740:DEBUG:exists 1967 03 month WN
2017-11-30 10:28:31,365:DEBUG:exists 1967 04 month WN
2017-11-30 10:28:31,994:DEBUG:exists 1967 05 month WN
2017-11-30 10:28:32,241:DEBUG:exists 1967 06 month WN
2017-11-30 10:28:32,940:DEBUG:exists 1967 07 month WN
2017-11-30 10:28:33,706:DEBUG:exists 1967 08 month WN
2017-11-30 10:28:34,419:DEBUG:exists 1967 09 month WN
2017-11-30 10:28:35,117:DEBUG:exists 1967 10 month WN
2017-11-30 10:28:35,815:DEBUG:exists 1967 11 month WN
2017-11-30 10:28:36,502:DEBUG:exists 1967 12 month WN
2017-11-30 10:28:37,189:DEBUG:exists 1968 01 month WN
2017-11-30 10:28:37,887:DEBUG:exists 1968 02 month WN
2017-11-30 10:28:38,588:DEBUG:exists 1968 03 month WN
2017-11-30 10:28:39,279:DEBUG:exists 1968 04 month WN
2017-11-30 10:28:39,987:DEBUG:exists 1968 05 month WN
2017-11-30 10:28:40,226:DEBUG:exists 1968 06 month WN
2017-11-30 10:28:40,937:DEBUG:exists 1968 07 month WN
2017-11-30 10:28:41,625:DEBUG:exists 1968 08 month WN
2017-11-30 10:28:42,338:DEBUG:exists 1968 09 month WN
2017-11-30 10:28:43,039:DEBUG:exists 1968 10 month WN
2017-11-30 10:28:43,723:DEBUG:exists 1968 11 month WN
2017-11-30 10:28:44,431:DEBUG:exists 1968 12 month WN
2017-11-30 10:28:45,116:DEBUG:exists 1969 01 month WN
2017-11-30 10:28:45,809:DEBUG:exists 1969 02 month WN
2017-11-30 10:28:46,517:DEBUG:exists 1969 03 month WN
2017-11-30 10:28:47,212:DEBUG:exists 1969 04 month WN
2017-11-30 10:28:47,901:DEBUG:exists 1969 05 month WN
2017-11-30 10:28:48,655:DEBUG:exists 1969 06 month WN
2017-11-30 10:28:49,341:DEBUG:exists 1969 07 month WN
2017-11-30 10:28:50,056:DEBUG:exists 1969 08 month WN
2017-11-30 10:28:50,775:DEBUG:exists 1969 09 month WN
2017-11-30 10:28:51,468:DEBUG:exists 1969 10 month WN
2017-11-30 10:28:52,157:DEBUG:exists 1969 11 month WN
2017-11-30 10:28:52,855:DEBUG:exists 1969 12 month WN
2017-11-30 10:28:53,711:DEBUG:exists 1970 01 month WN
2017-11-30 10:28:54,419:DEBUG:exists 1970 02 month WN
2017-11-30 10:28:55,106:DEBUG:exists 1970 03 month WN
2017-11-30 10:28:55,825:DEBUG:exists 1970 04 month WN
2017-11-30 10:28:56,522:DEBUG:exists 1970 05 month WN
2017-11-30 10:28:57,223:DEBUG:exists 1970 06 month WN
2017-11-30 10:28:57,922:DEBUG:exists 1970 07 month WN
2017-11-30 10:28:58,607:DEBUG:exists 1970 08 month WN
2017-11-30 10:28:59,313:DEBUG:exists 1970 09 month WN
2017-11-30 10:29:00,011:DEBUG:exists 1970 10 month WN
2017-11-30 10:29:00,637:DEBUG:exists 1970 11 month WN
2017-11-30 10:29:01,265:DEBUG:exists 1970 12 month WN
2017-11-30 10:29:01,882:DEBUG:exists 1971 01 month WN
2017-11-30 10:29:02,504:DEBUG:exists 1971 02 month WN
2017-11-30 10:29:03,170:DEBUG:exists 1971 03 month WN
2017-11-30 10:29:03,792:DEBUG:exists 1971 04 month WN
2017-11-30 10:29:04,426:DEBUG:exists 1971 05 month WN
2017-11-30 10:29:05,049:DEBUG:exists 1971 06 month WN
2017-11-30 10:29:05,673:DEBUG:exists 1971 07 month WN
2017-11-30 10:29:06,291:DEBUG:exists 1971 08 month WN
2017-11-30 10:29:06,919:DEBUG:exists 1971 09 month WN
2017-11-30 10:29:07,569:DEBUG:exists 1971 10 month WN
2017-11-30 10:29:08,191:DEBUG:exists 1971 11 month WN
2017-11-30 10:29:08,821:DEBUG:exists 1971 12 month WN
2017-11-30 10:29:09,446:DEBUG:exists 1972 01 month WN
2017-11-30 10:29:10,068:DEBUG:exists 1972 02 month WN
2017-11-30 10:29:10,721:DEBUG:exists 1972 03 month WN
2017-11-30 10:29:11,343:DEBUG:exists 1972 04 month WN
2017-11-30 10:29:11,976:DEBUG:exists 1972 05 month WN
2017-11-30 10:29:12,604:DEBUG:exists 1972 06 month WN
2017-11-30 10:29:13,256:DEBUG:exists 1972 07 month WN
2017-11-30 10:29:13,886:DEBUG:exists 1972 08 month WN
2017-11-30 10:29:14,505:DEBUG:exists 1972 09 month WN
2017-11-30 10:29:15,125:DEBUG:exists 1972 10 month WN
2017-11-30 10:29:15,757:DEBUG:exists 1972 11 month WN
2017-11-30 10:29:18,094:DEBUG:exists 1972 12 month WN
2017-11-30 10:29:18,738:DEBUG:exists 1973 01 month WN
2017-11-30 10:29:19,364:DEBUG:exists 1973 02 month WN
2017-11-30 10:29:19,994:DEBUG:exists 1973 03 month WN
2017-11-30 10:29:20,634:DEBUG:exists 1973 04 month WN
2017-11-30 10:29:21,250:DEBUG:exists 1973 05 month WN
2017-11-30 10:29:21,876:DEBUG:exists 1973 06 month WN
2017-11-30 10:29:22,506:DEBUG:exists 1973 07 month WN
2017-11-30 10:29:24,351:DEBUG:exists 1973 08 month WN
2017-11-30 10:29:24,982:DEBUG:exists 1973 09 month WN
2017-11-30 10:29:25,607:DEBUG:exists 1973 10 month WN
2017-11-30 10:29:26,229:DEBUG:exists 1973 11 month WN
2017-11-30 10:29:26,861:DEBUG:exists 1973 12 month WN
2017-11-30 10:29:27,487:DEBUG:exists 1974 01 month WN
2017-11-30 10:29:28,121:DEBUG:exists 1974 02 month WN
2017-11-30 10:29:28,759:DEBUG:exists 1974 03 month WN
2017-11-30 10:29:31,105:DEBUG:exists 1974 04 month WN
2017-11-30 10:29:31,730:DEBUG:exists 1974 05 month WN
2017-11-30 10:29:32,362:DEBUG:exists 1974 06 month WN
2017-11-30 10:29:32,999:DEBUG:exists 1974 07 month WN
2017-11-30 10:29:33,622:DEBUG:exists 1974 08 month WN
2017-11-30 10:29:34,259:DEBUG:exists 1974 09 month WN
2017-11-30 10:29:36,111:DEBUG:exists 1974 10 month WN
2017-11-30 10:29:36,749:DEBUG:exists 1974 11 month WN
2017-11-30 10:29:37,375:DEBUG:exists 1974 12 month WN
2017-11-30 10:29:38,006:DEBUG:exists 1975 01 month WN
2017-11-30 10:29:38,634:DEBUG:exists 1975 02 month WN
2017-11-30 10:29:39,277:DEBUG:exists 1975 03 month WN
2017-11-30 10:29:39,902:DEBUG:exists 1975 04 month WN
2017-11-30 10:29:40,548:DEBUG:exists 1975 05 month WN
2017-11-30 10:29:41,169:DEBUG:exists 1975 06 month WN
2017-11-30 10:29:41,797:DEBUG:exists 1975 07 month WN
2017-11-30 10:29:42,414:DEBUG:exists 1975 08 month WN
2017-11-30 10:29:43,046:DEBUG:exists 1975 09 month WN
2017-11-30 10:29:43,715:DEBUG:exists 1975 10 month WN
2017-11-30 10:29:44,359:DEBUG:exists 1975 11 month WN
2017-11-30 10:29:45,000:DEBUG:exists 1975 12 month WN
2017-11-30 10:29:46,820:DEBUG:exists 1976 01 month WN
2017-11-30 10:29:47,446:DEBUG:exists 1976 02 month WN
2017-11-30 10:29:48,103:DEBUG:exists 1976 03 month WN
2017-11-30 10:29:48,742:DEBUG:exists 1976 04 month WN
2017-11-30 10:29:49,368:DEBUG:exists 1976 05 month WN
2017-11-30 10:29:50,001:DEBUG:exists 1976 06 month WN
2017-11-30 10:29:52,247:DEBUG:exists 1976 07 month WN
2017-11-30 10:29:52,885:DEBUG:exists 1976 08 month WN
2017-11-30 10:29:53,510:DEBUG:exists 1976 09 month WN
2017-11-30 10:29:54,136:DEBUG:exists 1976 10 month WN
2017-11-30 10:29:54,761:DEBUG:exists 1976 11 month WN
2017-11-30 10:29:55,382:DEBUG:exists 1976 12 month WN
2017-11-30 10:29:56,002:DEBUG:exists 1977 01 month WN
2017-11-30 10:29:56,639:DEBUG:exists 1977 02 month WN
2017-11-30 10:29:57,302:DEBUG:exists 1977 03 month WN
2017-11-30 10:29:57,923:DEBUG:exists 1977 04 month WN
2017-11-30 10:29:58,557:DEBUG:exists 1977 05 month WN
2017-11-30 10:29:59,173:DEBUG:exists 1977 06 month WN
2017-11-30 10:29:59,813:DEBUG:exists 1977 07 month WN
2017-11-30 10:30:00,428:DEBUG:exists 1977 08 month WN
2017-11-30 10:30:01,055:DEBUG:exists 1977 09 month WN
2017-11-30 10:30:01,684:DEBUG:exists 1977 10 month WN
2017-11-30 10:30:02,309:DEBUG:exists 1977 11 month WN
2017-11-30 10:30:02,463:DEBUG:exists 1977 12 month WN
2017-11-30 10:30:03,084:DEBUG:exists 1978 01 month WN
2017-11-30 10:30:03,706:DEBUG:exists 1978 02 month WN
2017-11-30 10:30:04,342:DEBUG:exists 1978 03 month WN
2017-11-30 10:30:04,969:DEBUG:exists 1978 04 month WN
2017-11-30 10:30:05,593:DEBUG:exists 1978 05 month WN
2017-11-30 10:30:06,213:DEBUG:exists 1978 06 month WN
2017-11-30 10:30:06,832:DEBUG:exists 1978 07 month WN
2017-11-30 10:30:07,454:DEBUG:exists 1978 08 month WN
2017-11-30 10:30:08,082:DEBUG:exists 1978 09 month WN
2017-11-30 10:30:08,731:DEBUG:exists 1978 10 month WN
2017-11-30 10:30:09,357:DEBUG:exists 1978 11 month WN
2017-11-30 10:30:09,978:DEBUG:exists 1978 12 month WN
2017-11-30 10:30:10,653:DEBUG:exists 1979 01 month WN
2017-11-30 10:30:11,273:DEBUG:exists 1979 02 month WN
2017-11-30 10:30:11,465:DEBUG:exists 1979 03 month WN
2017-11-30 10:30:13,781:DEBUG:exists 1979 04 month WN
2017-11-30 10:30:14,411:DEBUG:exists 1979 05 month WN
2017-11-30 10:30:15,030:DEBUG:exists 1979 06 month WN
2017-11-30 10:30:15,654:DEBUG:exists 1979 07 month WN
2017-11-30 10:30:16,277:DEBUG:exists 1979 08 month WN
2017-11-30 10:30:16,900:DEBUG:exists 1979 09 month WN
2017-11-30 10:30:17,521:DEBUG:exists 1979 10 month WN
2017-11-30 10:30:18,140:DEBUG:exists 1979 11 month WN
2017-11-30 10:30:18,837:DEBUG:exists 1979 12 month WN
2017-11-30 10:30:19,478:DEBUG:exists 1980 01 month WN
2017-11-30 10:30:20,114:DEBUG:exists 1980 02 month WN
2017-11-30 10:30:20,742:DEBUG:exists 1980 03 month WN
2017-11-30 10:30:21,370:DEBUG:exists 1980 04 month WN
2017-11-30 10:30:22,000:DEBUG:exists 1980 05 month WN
2017-11-30 10:30:22,645:DEBUG:exists 1980 06 month WN
2017-11-30 10:30:23,292:DEBUG:exists 1980 07 month WN
2017-11-30 10:30:23,961:DEBUG:exists 1980 08 month WN
2017-11-30 10:30:24,585:DEBUG:exists 1980 09 month WN
2017-11-30 10:30:25,207:DEBUG:exists 1980 10 month WN
2017-11-30 10:30:25,825:DEBUG:exists 1980 11 month WN
2017-11-30 10:30:26,447:DEBUG:exists 1980 12 month WN
2017-11-30 10:30:27,086:DEBUG:exists 1981 01 month WN
2017-11-30 10:30:29,472:DEBUG:exists 1981 02 month WN
2017-11-30 10:30:30,114:DEBUG:exists 1981 03 month WN
2017-11-30 10:30:30,734:DEBUG:exists 1981 04 month WN
2017-11-30 10:30:31,355:DEBUG:exists 1981 05 month WN
2017-11-30 10:30:31,969:DEBUG:exists 1981 06 month WN
2017-11-30 10:30:32,615:DEBUG:exists 1981 07 month WN
2017-11-30 10:30:33,273:DEBUG:exists 1981 08 month WN
2017-11-30 10:30:33,899:DEBUG:exists 1981 09 month WN
2017-11-30 10:30:34,518:DEBUG:exists 1981 10 month WN
2017-11-30 10:30:34,669:DEBUG:exists 1981 11 month WN
2017-11-30 10:30:35,289:DEBUG:exists 1981 12 month WN
2017-11-30 10:30:35,914:DEBUG:exists 1982 01 month WN
2017-11-30 10:30:36,535:DEBUG:exists 1982 02 month WN
2017-11-30 10:30:37,161:DEBUG:exists 1982 03 month WN
2017-11-30 10:30:37,836:DEBUG:exists 1982 04 month WN
2017-11-30 10:30:38,464:DEBUG:exists 1982 05 month WN
2017-11-30 10:30:39,086:DEBUG:exists 1982 06 month WN
2017-11-30 10:30:39,707:DEBUG:exists 1982 07 month WN
2017-11-30 10:30:40,331:DEBUG:exists 1982 08 month WN
2017-11-30 10:30:40,958:DEBUG:exists 1982 09 month WN
2017-11-30 10:30:41,601:DEBUG:exists 1982 10 month WN
2017-11-30 10:30:43,910:DEBUG:exists 1982 11 month WN
2017-11-30 10:30:46,239:DEBUG:exists 1982 12 month WN
2017-11-30 10:30:46,869:DEBUG:exists 1983 01 month WN
2017-11-30 10:30:47,498:DEBUG:exists 1983 02 month WN
2017-11-30 10:30:48,121:DEBUG:exists 1983 03 month WN
2017-11-30 10:30:48,748:DEBUG:exists 1983 04 month WN
2017-11-30 10:30:49,370:DEBUG:exists 1983 05 month WN
2017-11-30 10:30:49,999:DEBUG:exists 1983 06 month WN
2017-11-30 10:30:50,624:DEBUG:exists 1983 07 month WN
2017-11-30 10:30:51,251:DEBUG:exists 1983 08 month WN
2017-11-30 10:30:51,924:DEBUG:exists 1983 09 month WN
2017-11-30 10:30:52,554:DEBUG:exists 1983 10 month WN
2017-11-30 10:30:53,181:DEBUG:exists 1983 11 month WN
2017-11-30 10:30:53,805:DEBUG:exists 1983 12 month WN
2017-11-30 10:30:54,428:DEBUG:exists 1984 01 month WN
2017-11-30 10:30:55,057:DEBUG:exists 1984 02 month WN
2017-11-30 10:30:55,681:DEBUG:exists 1984 03 month WN
2017-11-30 10:30:56,303:DEBUG:exists 1984 04 month WN
2017-11-30 10:30:56,924:DEBUG:exists 1984 05 month WN
2017-11-30 10:30:57,549:DEBUG:exists 1984 06 month WN
2017-11-30 10:30:58,187:DEBUG:exists 1984 07 month WN
2017-11-30 10:30:58,809:DEBUG:exists 1984 08 month WN
2017-11-30 10:30:59,432:DEBUG:exists 1984 09 month WN
2017-11-30 10:31:00,047:DEBUG:exists 1984 10 month WN
2017-11-30 10:31:00,673:DEBUG:exists 1984 11 month WN
2017-11-30 10:31:01,290:DEBUG:exists 1984 12 month WN
2017-11-30 10:31:01,921:DEBUG:exists 1985 01 month WN
2017-11-30 10:31:02,552:DEBUG:exists 1985 02 month WN
2017-11-30 10:31:03,175:DEBUG:exists 1985 03 month WN
2017-11-30 10:31:03,327:DEBUG:exists 1985 04 month WN
2017-11-30 10:31:03,958:DEBUG:exists 1985 05 month WN
2017-11-30 10:31:04,584:DEBUG:exists 1985 06 month WN
2017-11-30 10:31:05,253:DEBUG:exists 1985 07 month WN
2017-11-30 10:31:05,869:DEBUG:exists 1985 08 month WN
2017-11-30 10:31:06,501:DEBUG:exists 1985 09 month WN
2017-11-30 10:31:07,131:DEBUG:exists 1985 10 month WN
2017-11-30 10:31:07,750:DEBUG:exists 1985 11 month WN
2017-11-30 10:31:08,371:DEBUG:exists 1985 12 month WN
2017-11-30 10:31:09,005:DEBUG:exists 1986 01 month WN
2017-11-30 10:31:09,629:DEBUG:exists 1986 02 month WN
2017-11-30 10:31:09,785:DEBUG:exists 1986 03 month WN
2017-11-30 10:31:10,400:DEBUG:exists 1986 04 month WN
2017-11-30 10:31:11,032:DEBUG:exists 1986 05 month WN
2017-11-30 10:31:11,655:DEBUG:exists 1986 06 month WN
2017-11-30 10:31:11,815:DEBUG:exists 1986 07 month WN
2017-11-30 10:31:11,967:DEBUG:exists 1986 08 month WN
2017-11-30 10:31:12,592:DEBUG:exists 1986 09 month WN
2017-11-30 10:31:13,222:DEBUG:exists 1986 10 month WN
2017-11-30 10:31:13,851:DEBUG:exists 1986 11 month WN
2017-11-30 10:31:14,479:DEBUG:exists 1986 12 month WN
2017-11-30 10:31:15,106:DEBUG:exists 1987 01 month WN
2017-11-30 10:31:15,728:DEBUG:exists 1987 02 month WN
2017-11-30 10:31:16,359:DEBUG:exists 1987 03 month WN
2017-11-30 10:31:18,690:DEBUG:exists 1987 04 month WN
2017-11-30 10:31:19,330:DEBUG:exists 1987 05 month WN
2017-11-30 10:31:21,145:DEBUG:exists 1987 06 month WN
2017-11-30 10:31:21,772:DEBUG:exists 1987 07 month WN
2017-11-30 10:31:22,404:DEBUG:exists 1987 08 month WN
2017-11-30 10:31:23,032:DEBUG:exists 1987 09 month WN
2017-11-30 10:31:23,192:DEBUG:exists 1987 10 month WN
2017-11-30 10:31:25,493:DEBUG:exists 1987 11 month WN
2017-11-30 10:31:26,126:DEBUG:exists 1987 12 month WN
2017-11-30 10:31:28,616:DEBUG:exists 1988 01 month WN
2017-11-30 10:31:29,243:DEBUG:exists 1988 02 month WN
2017-11-30 10:31:29,881:DEBUG:exists 1988 03 month WN
2017-11-30 10:31:32,254:DEBUG:exists 1988 04 month WN
2017-11-30 10:31:34,088:DEBUG:exists 1988 05 month WN
2017-11-30 10:31:34,724:DEBUG:exists 1988 06 month WN
2017-11-30 10:31:37,086:DEBUG:exists 1988 07 month WN
2017-11-30 10:31:37,709:DEBUG:exists 1988 08 month WN
2017-11-30 10:31:38,345:DEBUG:exists 1988 09 month WN
2017-11-30 10:31:40,757:DEBUG:exists 1988 10 month WN
2017-11-30 10:31:41,381:DEBUG:exists 1988 11 month WN
2017-11-30 10:31:42,006:DEBUG:exists 1988 12 month WN
2017-11-30 10:31:42,634:DEBUG:exists 1989 01 month WN
2017-11-30 10:31:43,261:DEBUG:exists 1989 02 month WN
2017-11-30 10:31:45,550:DEBUG:exists 1989 03 month WN
2017-11-30 10:31:46,173:DEBUG:exists 1989 04 month WN
2017-11-30 10:31:46,797:DEBUG:exists 1989 05 month WN
2017-11-30 10:31:47,416:DEBUG:exists 1989 06 month WN
2017-11-30 10:31:48,053:DEBUG:exists 1989 07 month WN
2017-11-30 10:31:48,691:DEBUG:exists 1989 08 month WN
2017-11-30 10:31:49,310:DEBUG:exists 1989 09 month WN
2017-11-30 10:31:49,935:DEBUG:exists 1989 10 month WN
2017-11-30 10:31:50,556:DEBUG:exists 1989 11 month WN
2017-11-30 10:31:51,195:DEBUG:exists 1989 12 month WN
2017-11-30 10:31:51,815:DEBUG:exists 1990 01 month WN
2017-11-30 10:31:52,440:DEBUG:exists 1990 02 month WN
2017-11-30 10:31:53,057:DEBUG:exists 1990 03 month WN
2017-11-30 10:31:53,730:DEBUG:exists 1990 04 month WN
2017-11-30 10:31:54,356:DEBUG:exists 1990 05 month WN
2017-11-30 10:31:54,980:DEBUG:exists 1990 06 month WN
2017-11-30 10:31:55,610:DEBUG:exists 1990 07 month WN
2017-11-30 10:31:56,227:DEBUG:exists 1990 08 month WN
2017-11-30 10:31:56,860:DEBUG:exists 1990 09 month WN
2017-11-30 10:31:57,486:DEBUG:exists 1990 10 month WN
2017-11-30 10:31:58,109:DEBUG:exists 1990 11 month WN
2017-11-30 10:31:58,740:DEBUG:exists 1990 12 month WN
2017-11-30 10:31:59,364:DEBUG:exists 1991 01 month WN
2017-11-30 10:32:00,013:DEBUG:exists 1991 02 month WN
2017-11-30 10:32:02,328:DEBUG:exists 1991 03 month WN
2017-11-30 10:32:02,951:DEBUG:exists 1991 04 month WN
2017-11-30 10:32:03,587:DEBUG:exists 1991 05 month WN
2017-11-30 10:32:04,218:DEBUG:exists 1991 06 month WN
2017-11-30 10:32:04,839:DEBUG:exists 1991 07 month WN
2017-11-30 10:32:05,464:DEBUG:exists 1991 08 month WN
2017-11-30 10:32:06,094:DEBUG:exists 1991 09 month WN
2017-11-30 10:32:08,450:DEBUG:exists 1991 10 month WN
2017-11-30 10:32:10,276:DEBUG:exists 1991 11 month WN
2017-11-30 10:32:10,904:DEBUG:exists 1991 12 month WN
2017-11-30 10:32:11,536:DEBUG:exists 1992 01 month WN
2017-11-30 10:32:12,163:DEBUG:exists 1992 02 month WN
2017-11-30 10:32:12,802:DEBUG:exists 1992 03 month WN
2017-11-30 10:32:13,433:DEBUG:exists 1992 04 month WN
2017-11-30 10:32:14,060:DEBUG:exists 1992 05 month WN
2017-11-30 10:32:14,683:DEBUG:exists 1992 06 month WN
2017-11-30 10:32:15,312:DEBUG:exists 1992 07 month WN
2017-11-30 10:32:15,929:DEBUG:exists 1992 08 month WN
2017-11-30 10:32:16,557:DEBUG:exists 1992 09 month WN
2017-11-30 10:32:17,191:DEBUG:exists 1992 10 month WN
2017-11-30 10:32:17,826:DEBUG:exists 1992 11 month WN
2017-11-30 10:32:18,449:DEBUG:exists 1992 12 month WN
2017-11-30 10:32:19,071:DEBUG:exists 1993 01 month WN
2017-11-30 10:32:19,701:DEBUG:exists 1993 02 month WN
2017-11-30 10:32:20,333:DEBUG:exists 1993 03 month WN
2017-11-30 10:32:22,708:DEBUG:exists 1993 04 month WN
2017-11-30 10:32:25,043:DEBUG:exists 1993 05 month WN
2017-11-30 10:32:25,676:DEBUG:exists 1993 06 month WN
2017-11-30 10:32:26,305:DEBUG:exists 1993 07 month WN
2017-11-30 10:32:26,923:DEBUG:exists 1993 08 month WN
2017-11-30 10:32:27,546:DEBUG:exists 1993 09 month WN
2017-11-30 10:32:28,179:DEBUG:exists 1993 10 month WN
2017-11-30 10:32:28,803:DEBUG:exists 1993 11 month WN
2017-11-30 10:32:29,427:DEBUG:exists 1993 12 month WN
2017-11-30 10:32:30,097:DEBUG:exists 1994 01 month WN
2017-11-30 10:32:30,729:DEBUG:exists 1994 02 month WN
2017-11-30 10:32:31,361:DEBUG:exists 1994 03 month WN
2017-11-30 10:32:31,987:DEBUG:exists 1994 04 month WN
2017-11-30 10:32:32,611:DEBUG:exists 1994 05 month WN
2017-11-30 10:32:33,272:DEBUG:exists 1994 06 month WN
2017-11-30 10:32:33,911:DEBUG:exists 1994 07 month WN
2017-11-30 10:32:34,544:DEBUG:exists 1994 08 month WN
2017-11-30 10:32:35,166:DEBUG:exists 1994 09 month WN
2017-11-30 10:32:35,842:DEBUG:exists 1994 10 month WN
2017-11-30 10:32:36,468:DEBUG:exists 1994 11 month WN
2017-11-30 10:32:37,092:DEBUG:exists 1994 12 month WN
2017-11-30 10:32:37,717:DEBUG:exists 1995 01 month WN
2017-11-30 10:32:37,925:DEBUG:exists 1995 02 month WN
2017-11-30 10:32:38,554:DEBUG:exists 1995 03 month WN
2017-11-30 10:32:39,180:DEBUG:exists 1995 04 month WN
2017-11-30 10:32:39,359:DEBUG:exists 1995 05 month WN
2017-11-30 10:32:39,984:DEBUG:exists 1995 06 month WN
2017-11-30 10:32:40,610:DEBUG:exists 1995 07 month WN
2017-11-30 10:32:41,232:DEBUG:exists 1995 08 month WN
2017-11-30 10:32:41,859:DEBUG:exists 1995 09 month WN
2017-11-30 10:32:42,491:DEBUG:exists 1995 10 month WN
2017-11-30 10:32:43,115:DEBUG:exists 1995 11 month WN
2017-11-30 10:32:43,743:DEBUG:exists 1995 12 month WN
2017-11-30 10:32:44,372:DEBUG:exists 1996 01 month WN
2017-11-30 10:32:44,989:DEBUG:exists 1996 02 month WN
2017-11-30 10:32:45,622:DEBUG:exists 1996 03 month WN
2017-11-30 10:32:46,254:DEBUG:exists 1996 04 month WN
2017-11-30 10:32:46,870:DEBUG:exists 1996 05 month WN
2017-11-30 10:32:47,518:DEBUG:exists 1996 06 month WN
2017-11-30 10:32:48,151:DEBUG:exists 1996 07 month WN
2017-11-30 10:32:48,831:DEBUG:exists 1996 08 month WN
2017-11-30 10:32:49,447:DEBUG:exists 1996 09 month WN
2017-11-30 10:32:50,098:DEBUG:exists 1996 10 month WN
2017-11-30 10:32:50,721:DEBUG:exists 1996 11 month WN
2017-11-30 10:32:50,884:DEBUG:exists 1996 12 month WN
2017-11-30 10:32:51,506:DEBUG:exists 1997 01 month WN
2017-11-30 10:32:52,126:DEBUG:exists 1997 02 month WN
2017-11-30 10:32:52,750:DEBUG:exists 1997 03 month WN
2017-11-30 10:32:53,395:DEBUG:exists 1997 04 month WN
2017-11-30 10:32:54,023:DEBUG:exists 1997 05 month WN
2017-11-30 10:32:54,651:DEBUG:exists 1997 06 month WN
2017-11-30 10:32:55,275:DEBUG:exists 1997 07 month WN
2017-11-30 10:32:55,903:DEBUG:exists 1997 08 month WN
2017-11-30 10:32:56,527:DEBUG:exists 1997 09 month WN
2017-11-30 10:32:57,162:DEBUG:exists 1997 10 month WN
2017-11-30 10:32:57,321:DEBUG:exists 1997 11 month WN
2017-11-30 10:32:57,945:DEBUG:exists 1997 12 month WN
2017-11-30 10:32:58,583:DEBUG:exists 1998 01 month WN
2017-11-30 10:32:59,220:DEBUG:exists 1998 02 month WN
2017-11-30 10:32:59,842:DEBUG:exists 1998 03 month WN
2017-11-30 10:33:00,462:DEBUG:exists 1998 04 month WN
2017-11-30 10:33:01,203:DEBUG:exists 1998 05 month WN
2017-11-30 10:33:01,886:DEBUG:exists 1998 06 month WN
2017-11-30 10:33:02,591:DEBUG:exists 1998 07 month WN
2017-11-30 10:33:03,307:DEBUG:exists 1998 08 month WN
2017-11-30 10:33:03,583:DEBUG:exists 1998 09 month WN
2017-11-30 10:33:03,820:DEBUG:exists 1998 10 month WN
2017-11-30 10:33:04,527:DEBUG:exists 1998 11 month WN
2017-11-30 10:33:05,232:DEBUG:exists 1998 12 month WN
2017-11-30 10:33:05,933:DEBUG:exists 1999 01 month WN
2017-11-30 10:33:06,636:DEBUG:exists 1999 02 month WN
2017-11-30 10:33:07,341:DEBUG:exists 1999 03 month WN
2017-11-30 10:33:08,035:DEBUG:exists 1999 04 month WN
2017-11-30 10:33:08,736:DEBUG:exists 1999 05 month WN
2017-11-30 10:33:09,425:DEBUG:exists 1999 06 month WN
2017-11-30 10:33:10,111:DEBUG:exists 1999 07 month WN
2017-11-30 10:33:10,358:DEBUG:exists 1999 08 month WN
2017-11-30 10:33:11,051:DEBUG:exists 1999 09 month WN
2017-11-30 10:33:11,761:DEBUG:exists 1999 10 month WN
2017-11-30 10:33:12,454:DEBUG:exists 1999 11 month WN
2017-11-30 10:33:13,161:DEBUG:exists 1999 12 month WN
2017-11-30 10:33:13,395:DEBUG:exists 2000 01 month WN
2017-11-30 10:33:14,096:DEBUG:exists 2000 02 month WN
2017-11-30 10:33:14,834:DEBUG:exists 2000 03 month WN
2017-11-30 10:33:15,540:DEBUG:exists 2000 04 month WN
2017-11-30 10:33:16,230:DEBUG:exists 2000 05 month WN
2017-11-30 10:33:16,943:DEBUG:exists 2000 06 month WN
2017-11-30 10:33:17,629:DEBUG:exists 2000 07 month WN
2017-11-30 10:33:18,329:DEBUG:exists 2000 08 month WN
2017-11-30 10:33:19,036:DEBUG:exists 2000 09 month WN
2017-11-30 10:33:19,743:DEBUG:exists 2000 10 month WN
2017-11-30 10:33:20,443:DEBUG:exists 2000 11 month WN
2017-11-30 10:33:21,153:DEBUG:exists 2000 12 month WN
2017-11-30 10:33:21,849:DEBUG:exists 2001 01 month WN
2017-11-30 10:33:22,548:DEBUG:exists 2001 02 month WN
2017-11-30 10:33:23,262:DEBUG:exists 2001 03 month WN
2017-11-30 10:33:23,960:DEBUG:exists 2001 04 month WN
2017-11-30 10:33:24,673:DEBUG:exists 2001 05 month WN
2017-11-30 10:33:25,370:DEBUG:exists 2001 06 month WN
2017-11-30 10:33:26,079:DEBUG:exists 2001 07 month WN
2017-11-30 10:33:26,769:DEBUG:exists 2001 08 month WN
2017-11-30 10:33:27,459:DEBUG:exists 2001 09 month WN
2017-11-30 10:33:27,694:DEBUG:exists 2001 10 month WN
2017-11-30 10:33:28,393:DEBUG:exists 2001 11 month WN
2017-11-30 10:33:29,227:DEBUG:exists 2001 12 month WN
2017-11-30 10:33:29,920:DEBUG:exists 2002 01 month WN
2017-11-30 10:33:30,646:DEBUG:exists 2002 02 month WN
2017-11-30 10:33:31,335:DEBUG:exists 2002 03 month WN
2017-11-30 10:33:33,855:DEBUG:exists 2002 04 month WN
2017-11-30 10:33:34,564:DEBUG:exists 2002 05 month WN
2017-11-30 10:33:35,279:DEBUG:exists 2002 06 month WN
2017-11-30 10:33:35,977:DEBUG:exists 2002 07 month WN
2017-11-30 10:33:36,677:DEBUG:exists 2002 08 month WN
2017-11-30 10:33:37,380:DEBUG:exists 2002 09 month WN
2017-11-30 10:33:38,084:DEBUG:exists 2002 10 month WN
2017-11-30 10:33:38,795:DEBUG:exists 2002 11 month WN
2017-11-30 10:33:41,289:DEBUG:exists 2002 12 month WN
2017-11-30 10:33:42,022:DEBUG:exists 2003 01 month WN
2017-11-30 10:33:42,752:DEBUG:exists 2003 02 month WN
2017-11-30 10:33:43,448:DEBUG:exists 2003 03 month WN
2017-11-30 10:33:44,128:DEBUG:exists 2003 04 month WN
2017-11-30 10:33:44,828:DEBUG:exists 2003 05 month WN
2017-11-30 10:33:45,514:DEBUG:exists 2003 06 month WN
2017-11-30 10:33:46,215:DEBUG:exists 2003 07 month WN
2017-11-30 10:33:46,911:DEBUG:exists 2003 08 month WN
2017-11-30 10:33:47,614:DEBUG:exists 2003 09 month WN
2017-11-30 10:33:48,325:DEBUG:exists 2003 10 month WN
2017-11-30 10:33:49,039:DEBUG:exists 2003 11 month WN
2017-11-30 10:33:49,749:DEBUG:exists 2003 12 month WN
2017-11-30 10:33:50,478:DEBUG:exists 2004 01 month WN
2017-11-30 10:33:52,736:DEBUG:exists 2004 02 month WN
2017-11-30 10:33:55,353:DEBUG:exists 2004 03 month WN
2017-11-30 10:33:57,837:DEBUG:exists 2004 04 month WN
2017-11-30 10:33:58,559:DEBUG:exists 2004 05 month WN
2017-11-30 10:34:00,483:DEBUG:exists 2004 06 month WN
2017-11-30 10:34:01,107:DEBUG:exists 2004 07 month WN
2017-11-30 10:34:01,734:DEBUG:exists 2004 08 month WN
2017-11-30 10:34:02,357:DEBUG:exists 2004 09 month WN
2017-11-30 10:34:02,985:DEBUG:exists 2004 10 month WN
2017-11-30 10:34:03,602:DEBUG:exists 2004 11 month WN
2017-11-30 10:34:04,225:DEBUG:exists 2004 12 month WN
2017-11-30 10:34:04,856:DEBUG:exists 2005 01 month WN
2017-11-30 10:34:05,480:DEBUG:exists 2005 02 month WN
2017-11-30 10:34:06,117:DEBUG:exists 2005 03 month WN
2017-11-30 10:34:08,009:DEBUG:exists 2005 04 month WN
2017-11-30 10:34:08,165:DEBUG:exists 2005 05 month WN
2017-11-30 10:34:08,812:DEBUG:exists 2005 06 month WN
2017-11-30 10:34:09,433:DEBUG:exists 2005 07 month WN
2017-11-30 10:34:10,068:DEBUG:exists 2005 08 month WN
2017-11-30 10:34:10,708:DEBUG:exists 2005 09 month WN
2017-11-30 10:34:13,059:DEBUG:exists 2005 10 month WN
2017-11-30 10:34:13,686:DEBUG:exists 2005 11 month WN
2017-11-30 10:34:14,306:DEBUG:exists 2005 12 month WN
2017-11-30 10:34:14,936:DEBUG:exists 2006 01 month WN
2017-11-30 10:34:15,571:DEBUG:exists 2006 02 month WN
2017-11-30 10:34:16,204:DEBUG:exists 2006 03 month WN
2017-11-30 10:34:16,839:DEBUG:exists 2006 04 month WN
2017-11-30 10:34:17,460:DEBUG:exists 2006 05 month WN
2017-11-30 10:34:18,093:DEBUG:exists 2006 06 month WN
2017-11-30 10:34:20,457:DEBUG:exists 2006 07 month WN
2017-11-30 10:34:21,084:DEBUG:exists 2006 08 month WN
2017-11-30 10:34:21,709:DEBUG:exists 2006 09 month WN
2017-11-30 10:34:22,334:DEBUG:exists 2006 10 month WN
2017-11-30 10:34:22,963:DEBUG:exists 2006 11 month WN
2017-11-30 10:34:25,357:DEBUG:exists 2006 12 month WN
2017-11-30 10:34:25,999:DEBUG:exists 2007 01 month WN
2017-11-30 10:34:26,633:DEBUG:exists 2007 02 month WN
2017-11-30 10:34:28,886:DEBUG:exists 2007 03 month WN
2017-11-30 10:34:29,509:DEBUG:exists 2007 04 month WN
2017-11-30 10:34:30,319:DEBUG:exists 2007 05 month WN
2017-11-30 10:34:32,653:DEBUG:exists 2007 06 month WN
2017-11-30 10:34:33,274:DEBUG:exists 2007 07 month WN
2017-11-30 10:34:33,897:DEBUG:exists 2007 08 month WN
2017-11-30 10:34:34,532:DEBUG:exists 2007 09 month WN
2017-11-30 10:34:35,159:DEBUG:exists 2007 10 month WN
2017-11-30 10:34:35,787:DEBUG:exists 2007 11 month WN
2017-11-30 10:34:36,408:DEBUG:exists 2007 12 month WN
2017-11-30 10:34:37,041:DEBUG:exists 2008 01 month WN
2017-11-30 10:34:37,673:DEBUG:exists 2008 02 month WN
2017-11-30 10:34:38,297:DEBUG:exists 2008 03 month WN
2017-11-30 10:34:38,938:DEBUG:exists 2008 04 month WN
2017-11-30 10:34:41,337:DEBUG:exists 2008 05 month WN
2017-11-30 10:34:41,990:DEBUG:exists 2008 06 month WN
2017-11-30 10:34:42,625:DEBUG:exists 2008 07 month WN
2017-11-30 10:34:44,933:DEBUG:exists 2008 08 month WN
2017-11-30 10:34:45,575:DEBUG:exists 2008 09 month WN
2017-11-30 10:34:47,999:DEBUG:exists 2008 10 month WN
2017-11-30 10:34:50,334:DEBUG:exists 2008 11 month WN
2017-11-30 10:34:50,967:DEBUG:exists 2008 12 month WN
2017-11-30 10:34:53,340:DEBUG:exists 2009 01 month WN
2017-11-30 10:34:55,651:DEBUG:exists 2009 02 month WN
2017-11-30 10:34:57,992:DEBUG:exists 2009 03 month WN
2017-11-30 10:35:00,332:DEBUG:exists 2009 04 month WN
2017-11-30 10:35:02,678:DEBUG:exists 2009 05 month WN
2017-11-30 10:35:04,983:DEBUG:exists 2009 06 month WN
2017-11-30 10:35:06,810:DEBUG:exists 2009 07 month WN
2017-11-30 10:35:09,110:DEBUG:exists 2009 08 month WN
2017-11-30 10:35:11,412:DEBUG:exists 2009 09 month WN
2017-11-30 10:35:13,832:DEBUG:exists 2009 10 month WN
2017-11-30 10:35:16,108:DEBUG:exists 2009 11 month WN
2017-11-30 10:35:18,352:DEBUG:exists 2009 12 month WN
2017-11-30 10:35:20,732:DEBUG:exists 2010 01 month WN
2017-11-30 10:35:23,004:DEBUG:exists 2010 02 month WN
2017-11-30 10:35:25,315:DEBUG:exists 2010 03 month WN
2017-11-30 10:35:27,647:DEBUG:exists 2010 04 month WN
2017-11-30 10:35:29,942:DEBUG:exists 2010 05 month WN
2017-11-30 10:35:32,252:DEBUG:exists 2010 06 month WN
2017-11-30 10:35:34,541:DEBUG:exists 2010 07 month WN
2017-11-30 10:35:36,800:DEBUG:exists 2010 08 month WN
2017-11-30 10:35:39,265:DEBUG:exists 2010 09 month WN
2017-11-30 10:35:41,615:DEBUG:exists 2010 10 month WN
2017-11-30 10:35:43,826:DEBUG:exists 2010 11 month WN
2017-11-30 10:35:46,100:DEBUG:exists 2010 12 month WN
2017-11-30 10:35:48,356:DEBUG:exists 2011 01 month WN
2017-11-30 10:35:50,672:DEBUG:exists 2011 02 month WN
2017-11-30 10:35:53,081:DEBUG:exists 2011 03 month WN
2017-11-30 10:35:55,369:DEBUG:exists 2011 04 month WN
2017-11-30 10:35:57,647:DEBUG:exists 2011 05 month WN
2017-11-30 10:35:59,497:DEBUG:exists 2011 06 month WN
2017-11-30 10:36:01,835:DEBUG:exists 2011 07 month WN
2017-11-30 10:36:04,093:DEBUG:exists 2011 08 month WN
2017-11-30 10:36:06,014:DEBUG:exists 2011 09 month WN
2017-11-30 10:36:08,285:DEBUG:exists 2011 10 month WN
2017-11-30 10:36:10,151:DEBUG:exists 2011 11 month WN
2017-11-30 10:36:12,495:DEBUG:exists 2011 12 month WN
2017-11-30 10:36:14,327:DEBUG:exists 2012 01 month WN
2017-11-30 10:36:16,237:DEBUG:exists 2012 02 month WN
2017-11-30 10:36:18,674:DEBUG:exists 2012 03 month WN
2017-11-30 10:36:21,011:DEBUG:exists 2012 04 month WN
2017-11-30 10:36:22,344:DEBUG:exists 2012 05 month WN
2017-11-30 10:36:24,650:DEBUG:exists 2012 06 month WN
2017-11-30 10:36:26,961:DEBUG:exists 2012 07 month WN
2017-11-30 10:36:29,214:DEBUG:exists 2012 08 month WN
2017-11-30 10:36:31,534:DEBUG:exists 2012 09 month WN
2017-11-30 10:36:33,819:DEBUG:exists 2012 10 month WN
2017-11-30 10:36:36,078:DEBUG:exists 2012 11 month WN
2017-11-30 10:36:38,355:DEBUG:exists 2012 12 month WN
2017-11-30 10:36:40,612:DEBUG:exists 2013 01 month WN
2017-11-30 10:36:42,914:DEBUG:exists 2013 02 month WN
2017-11-30 10:36:45,194:DEBUG:exists 2013 03 month WN
2017-11-30 10:36:47,495:DEBUG:exists 2013 04 month WN
2017-11-30 10:36:49,814:DEBUG:exists 2013 05 month WN
2017-11-30 10:36:52,104:DEBUG:exists 2013 06 month WN
2017-11-30 10:36:54,402:DEBUG:exists 2013 07 month WN
2017-11-30 10:36:56,696:DEBUG:exists 2013 08 month WN
2017-11-30 10:36:59,015:DEBUG:exists 2013 09 month WN
2017-11-30 10:37:00,880:DEBUG:exists 2013 10 month WN
2017-11-30 10:37:03,221:DEBUG:exists 2013 11 month WN
2017-11-30 10:37:05,480:DEBUG:exists 2013 12 month WN
2017-11-30 10:37:07,341:DEBUG:exists 2014 01 month WN
2017-11-30 10:37:09,619:DEBUG:exists 2014 02 month WN
2017-11-30 10:37:12,025:DEBUG:exists 2014 03 month WN
2017-11-30 10:37:14,337:DEBUG:exists 2014 04 month WN
2017-11-30 10:37:16,673:DEBUG:exists 2014 05 month WN
2017-11-30 10:37:18,521:DEBUG:exists 2014 06 month WN
2017-11-30 10:37:20,853:DEBUG:exists 2014 07 month WN
2017-11-30 10:37:23,134:DEBUG:exists 2014 08 month WN
2017-11-30 10:37:25,487:DEBUG:exists 2014 09 month WN
2017-11-30 10:37:27,799:DEBUG:exists 2014 10 month WN
2017-11-30 10:37:30,066:DEBUG:exists 2014 11 month WN
2017-11-30 10:37:32,399:DEBUG:exists 2014 12 month WN
2017-11-30 11:36:06,945:DEBUG:test
