2017-12-19 15:57:34,330:DEBUG:projects/WRI-Aquaduct/PCRGlobWB20V07/reduced_global_historical_combined_V05/global_historical_WS_month_dimensionless_30sPfaf06_mean_1960_2014M01
2017-12-19 15:57:36,629:DEBUG:projects/WRI-Aquaduct/PCRGlobWB20V07/reduced_global_historical_combined_V05/global_historical_WS_month_dimensionless_30sPfaf06_mean_1960_2014M02
2017-12-19 16:06:44,045:DEBUG:projects/WRI-Aquaduct/PCRGlobWB20V07/reduced_global_historical_combined_V05/global_historical_WS_month_dimensionless_30sPfaf06_mean_1960_2014M01
2017-12-19 16:06:45,501:DEBUG:projects/WRI-Aquaduct/PCRGlobWB20V07/reduced_global_historical_combined_V05/global_historical_WS_month_dimensionless_30sPfaf06_mean_1960_2014M02
2017-12-19 16:07:20,672:DEBUG:projects/WRI-Aquaduct/PCRGlobWB20V07/reduced_global_historical_combined_V05/global_historical_WS_month_dimensionless_30sPfaf06_mean_1960_2014M01
2017-12-19 16:07:23,663:DEBUG:projects/WRI-Aquaduct/PCRGlobWB20V07/reduced_global_historical_combined_V05/global_historical_WS_month_dimensionless_30sPfaf06_mean_1960_2014M02
2017-12-19 16:20:49,479:DEBUG:projects/WRI-Aquaduct/PCRGlobWB20V07/reduced_global_historical_combined_V05/global_historical_WS_month_dimensionless_30sPfaf06_mean_1960_2014M03
2017-12-19 16:20:52,436:DEBUG:projects/WRI-Aquaduct/PCRGlobWB20V07/reduced_global_historical_combined_V05/global_historical_WS_month_dimensionless_30sPfaf06_mean_1960_2014M04
2017-12-19 16:20:55,429:DEBUG:projects/WRI-Aquaduct/PCRGlobWB20V07/reduced_global_historical_combined_V05/global_historical_WS_month_dimensionless_30sPfaf06_mean_1960_2014M05
2017-12-19 16:20:58,389:DEBUG:projects/WRI-Aquaduct/PCRGlobWB20V07/reduced_global_historical_combined_V05/global_historical_WS_month_dimensionless_30sPfaf06_mean_1960_2014M06
2017-12-19 16:21:01,859:DEBUG:projects/WRI-Aquaduct/PCRGlobWB20V07/reduced_global_historical_combined_V05/global_historical_WS_month_dimensionless_30sPfaf06_mean_1960_2014M07
2017-12-19 16:21:04,811:DEBUG:projects/WRI-Aquaduct/PCRGlobWB20V07/reduced_global_historical_combined_V05/global_historical_WS_month_dimensionless_30sPfaf06_mean_1960_2014M08
2017-12-19 16:21:07,983:DEBUG:projects/WRI-Aquaduct/PCRGlobWB20V07/reduced_global_historical_combined_V05/global_historical_WS_month_dimensionless_30sPfaf06_mean_1960_2014M09
2017-12-19 16:21:11,482:DEBUG:projects/WRI-Aquaduct/PCRGlobWB20V07/reduced_global_historical_combined_V05/global_historical_WS_month_dimensionless_30sPfaf06_mean_1960_2014M10
2017-12-19 16:21:14,421:DEBUG:projects/WRI-Aquaduct/PCRGlobWB20V07/reduced_global_historical_combined_V05/global_historical_WS_month_dimensionless_30sPfaf06_mean_1960_2014M11
2017-12-19 16:21:17,392:DEBUG:projects/WRI-Aquaduct/PCRGlobWB20V07/reduced_global_historical_combined_V05/global_historical_WS_month_dimensionless_30sPfaf06_mean_1960_2014M12
2017-12-19 16:21:20,315:DEBUG:projects/WRI-Aquaduct/PCRGlobWB20V07/reduced_global_historical_combined_V05/global_historical_WS_month_dimensionless_30sPfaf06_mean_2004_2014M01
2017-12-19 16:21:23,226:DEBUG:projects/WRI-Aquaduct/PCRGlobWB20V07/reduced_global_historical_combined_V05/global_historical_WS_month_dimensionless_30sPfaf06_mean_2004_2014M02
2017-12-19 16:21:26,084:DEBUG:projects/WRI-Aquaduct/PCRGlobWB20V07/reduced_global_historical_combined_V05/global_historical_WS_month_dimensionless_30sPfaf06_mean_2004_2014M03
2017-12-19 16:21:29,016:DEBUG:projects/WRI-Aquaduct/PCRGlobWB20V07/reduced_global_historical_combined_V05/global_historical_WS_month_dimensionless_30sPfaf06_mean_2004_2014M04
2017-12-19 16:21:31,976:DEBUG:projects/WRI-Aquaduct/PCRGlobWB20V07/reduced_global_historical_combined_V05/global_historical_WS_month_dimensionless_30sPfaf06_mean_2004_2014M05
2017-12-19 16:21:34,847:DEBUG:projects/WRI-Aquaduct/PCRGlobWB20V07/reduced_global_historical_combined_V05/global_historical_WS_month_dimensionless_30sPfaf06_mean_2004_2014M06
2017-12-19 16:21:37,832:DEBUG:projects/WRI-Aquaduct/PCRGlobWB20V07/reduced_global_historical_combined_V05/global_historical_WS_month_dimensionless_30sPfaf06_mean_2004_2014M07
2017-12-19 16:21:40,769:DEBUG:projects/WRI-Aquaduct/PCRGlobWB20V07/reduced_global_historical_combined_V05/global_historical_WS_month_dimensionless_30sPfaf06_mean_2004_2014M08
2017-12-19 16:21:43,672:DEBUG:projects/WRI-Aquaduct/PCRGlobWB20V07/reduced_global_historical_combined_V05/global_historical_WS_month_dimensionless_30sPfaf06_mean_2004_2014M09
2017-12-19 16:21:46,614:DEBUG:projects/WRI-Aquaduct/PCRGlobWB20V07/reduced_global_historical_combined_V05/global_historical_WS_month_dimensionless_30sPfaf06_mean_2004_2014M10
2017-12-19 16:21:49,588:DEBUG:projects/WRI-Aquaduct/PCRGlobWB20V07/reduced_global_historical_combined_V05/global_historical_WS_month_dimensionless_30sPfaf06_mean_2004_2014M11
2017-12-19 16:21:52,484:DEBUG:projects/WRI-Aquaduct/PCRGlobWB20V07/reduced_global_historical_combined_V05/global_historical_WS_month_dimensionless_30sPfaf06_mean_2004_2014M12
2017-12-19 16:21:55,377:DEBUG:projects/WRI-Aquaduct/PCRGlobWB20V07/reduced_global_historical_combined_V05/global_historical_WS_month_dimensionless_30sPfaf06_trend_1960_2014M01
2017-12-19 16:21:58,276:DEBUG:projects/WRI-Aquaduct/PCRGlobWB20V07/reduced_global_historical_combined_V05/global_historical_WS_month_dimensionless_30sPfaf06_trend_1960_2014M02
2017-12-19 16:22:01,255:DEBUG:projects/WRI-Aquaduct/PCRGlobWB20V07/reduced_global_historical_combined_V05/global_historical_WS_month_dimensionless_30sPfaf06_trend_1960_2014M03
2017-12-19 16:22:04,170:DEBUG:projects/WRI-Aquaduct/PCRGlobWB20V07/reduced_global_historical_combined_V05/global_historical_WS_month_dimensionless_30sPfaf06_trend_1960_2014M04
2017-12-19 16:22:07,070:DEBUG:projects/WRI-Aquaduct/PCRGlobWB20V07/reduced_global_historical_combined_V05/global_historical_WS_month_dimensionless_30sPfaf06_trend_1960_2014M05
2017-12-19 16:22:11,128:DEBUG:projects/WRI-Aquaduct/PCRGlobWB20V07/reduced_global_historical_combined_V05/global_historical_WS_month_dimensionless_30sPfaf06_trend_1960_2014M06
2017-12-19 16:22:15,008:DEBUG:projects/WRI-Aquaduct/PCRGlobWB20V07/reduced_global_historical_combined_V05/global_historical_WS_month_dimensionless_30sPfaf06_trend_1960_2014M07
2017-12-19 16:22:17,903:DEBUG:projects/WRI-Aquaduct/PCRGlobWB20V07/reduced_global_historical_combined_V05/global_historical_WS_month_dimensionless_30sPfaf06_trend_1960_2014M08
2017-12-19 16:22:20,945:DEBUG:projects/WRI-Aquaduct/PCRGlobWB20V07/reduced_global_historical_combined_V05/global_historical_WS_month_dimensionless_30sPfaf06_trend_1960_2014M09
2017-12-19 16:22:22,949:DEBUG:projects/WRI-Aquaduct/PCRGlobWB20V07/reduced_global_historical_combined_V05/global_historical_WS_month_dimensionless_30sPfaf06_trend_1960_2014M10
2017-12-19 16:22:25,913:DEBUG:projects/WRI-Aquaduct/PCRGlobWB20V07/reduced_global_historical_combined_V05/global_historical_WS_month_dimensionless_30sPfaf06_trend_1960_2014M11
2017-12-19 16:22:28,783:DEBUG:projects/WRI-Aquaduct/PCRGlobWB20V07/reduced_global_historical_combined_V05/global_historical_WS_month_dimensionless_30sPfaf06_trend_1960_2014M12
2017-12-19 16:22:31,267:DEBUG:projects/WRI-Aquaduct/PCRGlobWB20V07/reduced_global_historical_combined_V05/global_historical_WS_month_dimensionless_30sPfaf06_trend_2004_2014M01
2017-12-19 16:22:33,747:DEBUG:projects/WRI-Aquaduct/PCRGlobWB20V07/reduced_global_historical_combined_V05/global_historical_WS_month_dimensionless_30sPfaf06_trend_2004_2014M02
2017-12-19 16:22:37,332:DEBUG:projects/WRI-Aquaduct/PCRGlobWB20V07/reduced_global_historical_combined_V05/global_historical_WS_month_dimensionless_30sPfaf06_trend_2004_2014M03
2017-12-19 16:22:40,300:DEBUG:projects/WRI-Aquaduct/PCRGlobWB20V07/reduced_global_historical_combined_V05/global_historical_WS_month_dimensionless_30sPfaf06_trend_2004_2014M04
2017-12-19 16:22:43,407:DEBUG:projects/WRI-Aquaduct/PCRGlobWB20V07/reduced_global_historical_combined_V05/global_historical_WS_month_dimensionless_30sPfaf06_trend_2004_2014M05
2017-12-19 16:22:46,420:DEBUG:projects/WRI-Aquaduct/PCRGlobWB20V07/reduced_global_historical_combined_V05/global_historical_WS_month_dimensionless_30sPfaf06_trend_2004_2014M06
2017-12-19 16:22:49,404:DEBUG:projects/WRI-Aquaduct/PCRGlobWB20V07/reduced_global_historical_combined_V05/global_historical_WS_month_dimensionless_30sPfaf06_trend_2004_2014M07
2017-12-19 16:22:52,260:DEBUG:projects/WRI-Aquaduct/PCRGlobWB20V07/reduced_global_historical_combined_V05/global_historical_WS_month_dimensionless_30sPfaf06_trend_2004_2014M08
2017-12-19 16:22:55,113:DEBUG:projects/WRI-Aquaduct/PCRGlobWB20V07/reduced_global_historical_combined_V05/global_historical_WS_month_dimensionless_30sPfaf06_trend_2004_2014M09
2017-12-19 16:22:58,067:DEBUG:projects/WRI-Aquaduct/PCRGlobWB20V07/reduced_global_historical_combined_V05/global_historical_WS_month_dimensionless_30sPfaf06_trend_2004_2014M10
2017-12-19 16:23:01,013:DEBUG:projects/WRI-Aquaduct/PCRGlobWB20V07/reduced_global_historical_combined_V05/global_historical_WS_month_dimensionless_30sPfaf06_trend_2004_2014M11
2017-12-19 16:23:03,925:DEBUG:projects/WRI-Aquaduct/PCRGlobWB20V07/reduced_global_historical_combined_V05/global_historical_WS_month_dimensionless_30sPfaf06_trend_2004_2014M12
2017-12-19 16:23:06,826:DEBUG:projects/WRI-Aquaduct/PCRGlobWB20V07/reduced_global_historical_combined_V05/global_historical_WS_year_dimensionless_30sPfaf06_mean_1960_2014M12
2017-12-19 16:23:09,718:DEBUG:projects/WRI-Aquaduct/PCRGlobWB20V07/reduced_global_historical_combined_V05/global_historical_WS_year_dimensionless_30sPfaf06_mean_2004_2014M12
2017-12-19 16:23:12,614:DEBUG:projects/WRI-Aquaduct/PCRGlobWB20V07/reduced_global_historical_combined_V05/global_historical_WS_year_dimensionless_30sPfaf06_trend_1960_2014M12
2017-12-19 16:23:15,551:DEBUG:projects/WRI-Aquaduct/PCRGlobWB20V07/reduced_global_historical_combined_V05/global_historical_WS_year_dimensionless_30sPfaf06_trend_2004_2014M12
2017-12-20 10:51:33,472:ERROR:
2017-12-20 10:51:36,867:ERROR:
2017-12-20 10:51:40,266:ERROR:
2017-12-20 10:51:43,647:ERROR:
2017-12-20 10:51:47,111:ERROR:
2017-12-20 10:51:50,534:ERROR:
2017-12-20 10:51:53,929:ERROR:
2017-12-20 10:51:57,328:ERROR:
2017-12-20 10:52:00,239:ERROR:
2017-12-20 10:52:03,615:ERROR:
2017-12-20 10:52:06,994:ERROR:
2017-12-20 10:52:10,398:ERROR:
2017-12-20 10:52:13,811:ERROR:
2017-12-20 10:52:17,199:ERROR:
2017-12-20 10:52:20,642:ERROR:
2017-12-20 10:52:24,058:ERROR:
2017-12-20 10:52:27,419:ERROR:
2017-12-20 10:52:30,346:ERROR:
2017-12-20 10:52:33,738:ERROR:
2017-12-20 10:52:37,120:ERROR:
2017-12-20 10:52:40,026:ERROR:
2017-12-20 10:52:44,120:ERROR:
2017-12-20 10:52:47,536:ERROR:
2017-12-20 10:52:50,557:ERROR:
2017-12-20 10:52:53,015:ERROR:
2017-12-20 10:52:56,385:ERROR:
2017-12-20 10:52:59,778:ERROR:
2017-12-20 10:53:03,217:ERROR:
2017-12-20 10:53:06,626:ERROR:
2017-12-20 10:53:09,613:ERROR:
2017-12-20 10:53:13,036:ERROR:
2017-12-20 10:53:16,483:ERROR:
2017-12-20 10:53:19,914:ERROR:
2017-12-20 10:53:23,314:ERROR:
2017-12-20 10:53:26,705:ERROR:
2017-12-20 10:53:30,120:ERROR:
2017-12-20 10:53:33,042:ERROR:
2017-12-20 10:53:36,382:ERROR:
2017-12-20 10:53:39,315:ERROR:
2017-12-20 10:53:42,740:ERROR:
2017-12-20 10:53:46,141:ERROR:
2017-12-20 10:53:49,547:ERROR:
2017-12-20 10:53:52,974:ERROR:
2017-12-20 10:53:56,483:ERROR:
2017-12-20 10:53:59,847:ERROR:
2017-12-20 10:54:03,225:ERROR:
2017-12-20 10:54:06,598:ERROR:
2017-12-20 10:54:10,000:ERROR:
2017-12-20 10:54:13,400:ERROR:
2017-12-20 10:54:16,827:ERROR:
2017-12-20 10:54:20,202:ERROR:
2017-12-20 10:54:23,677:ERROR:
2017-12-20 10:55:08,623:ERROR:Asset does not exist or is not accessible: projects/WRI-Aquaduct/PCRGlobWB20V07/reduced_global_historical_combined_V05/global_historical_WS_month_dimensionless_30sPfaf06_mean_1960_2014M01

2017-12-20 10:55:09,928:DEBUG:projects/WRI-Aquaduct/PCRGlobWB20V07/reduced_global_historical_combined_V05/global_historical_WS_month_dimensionless_30sPfaf06_mean_1960_2014M01
2017-12-20 10:55:13,128:ERROR:Asset does not exist or is not accessible: projects/WRI-Aquaduct/PCRGlobWB20V07/reduced_global_historical_combined_V05/global_historical_WS_month_dimensionless_30sPfaf06_mean_1960_2014M02

2017-12-20 10:55:14,429:DEBUG:projects/WRI-Aquaduct/PCRGlobWB20V07/reduced_global_historical_combined_V05/global_historical_WS_month_dimensionless_30sPfaf06_mean_1960_2014M02
2017-12-20 10:55:17,532:ERROR:Asset does not exist or is not accessible: projects/WRI-Aquaduct/PCRGlobWB20V07/reduced_global_historical_combined_V05/global_historical_WS_month_dimensionless_30sPfaf06_mean_1960_2014M03

2017-12-20 10:55:19,065:DEBUG:projects/WRI-Aquaduct/PCRGlobWB20V07/reduced_global_historical_combined_V05/global_historical_WS_month_dimensionless_30sPfaf06_mean_1960_2014M03
2017-12-20 10:55:22,245:ERROR:Asset does not exist or is not accessible: projects/WRI-Aquaduct/PCRGlobWB20V07/reduced_global_historical_combined_V05/global_historical_WS_month_dimensionless_30sPfaf06_mean_1960_2014M04

2017-12-20 10:55:23,544:DEBUG:projects/WRI-Aquaduct/PCRGlobWB20V07/reduced_global_historical_combined_V05/global_historical_WS_month_dimensionless_30sPfaf06_mean_1960_2014M04
2017-12-20 10:55:26,670:ERROR:Asset does not exist or is not accessible: projects/WRI-Aquaduct/PCRGlobWB20V07/reduced_global_historical_combined_V05/global_historical_WS_month_dimensionless_30sPfaf06_mean_1960_2014M05

2017-12-20 10:55:27,962:DEBUG:projects/WRI-Aquaduct/PCRGlobWB20V07/reduced_global_historical_combined_V05/global_historical_WS_month_dimensionless_30sPfaf06_mean_1960_2014M05
2017-12-20 10:55:31,094:ERROR:Asset does not exist or is not accessible: projects/WRI-Aquaduct/PCRGlobWB20V07/reduced_global_historical_combined_V05/global_historical_WS_month_dimensionless_30sPfaf06_mean_1960_2014M06

2017-12-20 10:55:32,375:DEBUG:projects/WRI-Aquaduct/PCRGlobWB20V07/reduced_global_historical_combined_V05/global_historical_WS_month_dimensionless_30sPfaf06_mean_1960_2014M06
2017-12-20 10:55:35,743:ERROR:Asset does not exist or is not accessible: projects/WRI-Aquaduct/PCRGlobWB20V07/reduced_global_historical_combined_V05/global_historical_WS_month_dimensionless_30sPfaf06_mean_1960_2014M07

2017-12-20 10:55:37,067:DEBUG:projects/WRI-Aquaduct/PCRGlobWB20V07/reduced_global_historical_combined_V05/global_historical_WS_month_dimensionless_30sPfaf06_mean_1960_2014M07
2017-12-20 10:55:40,312:ERROR:Asset does not exist or is not accessible: projects/WRI-Aquaduct/PCRGlobWB20V07/reduced_global_historical_combined_V05/global_historical_WS_month_dimensionless_30sPfaf06_mean_1960_2014M08

2017-12-20 10:55:41,591:DEBUG:projects/WRI-Aquaduct/PCRGlobWB20V07/reduced_global_historical_combined_V05/global_historical_WS_month_dimensionless_30sPfaf06_mean_1960_2014M08
2017-12-20 10:55:45,540:ERROR:Asset does not exist or is not accessible: projects/WRI-Aquaduct/PCRGlobWB20V07/reduced_global_historical_combined_V05/global_historical_WS_month_dimensionless_30sPfaf06_mean_1960_2014M09

2017-12-20 10:55:46,841:DEBUG:projects/WRI-Aquaduct/PCRGlobWB20V07/reduced_global_historical_combined_V05/global_historical_WS_month_dimensionless_30sPfaf06_mean_1960_2014M09
2017-12-20 10:55:50,106:ERROR:Asset does not exist or is not accessible: projects/WRI-Aquaduct/PCRGlobWB20V07/reduced_global_historical_combined_V05/global_historical_WS_month_dimensionless_30sPfaf06_mean_1960_2014M10

2017-12-20 10:55:51,377:DEBUG:projects/WRI-Aquaduct/PCRGlobWB20V07/reduced_global_historical_combined_V05/global_historical_WS_month_dimensionless_30sPfaf06_mean_1960_2014M10
2017-12-20 10:55:54,478:ERROR:Asset does not exist or is not accessible: projects/WRI-Aquaduct/PCRGlobWB20V07/reduced_global_historical_combined_V05/global_historical_WS_month_dimensionless_30sPfaf06_mean_1960_2014M11

2017-12-20 10:55:55,774:DEBUG:projects/WRI-Aquaduct/PCRGlobWB20V07/reduced_global_historical_combined_V05/global_historical_WS_month_dimensionless_30sPfaf06_mean_1960_2014M11
2017-12-20 10:55:59,270:ERROR:Asset does not exist or is not accessible: projects/WRI-Aquaduct/PCRGlobWB20V07/reduced_global_historical_combined_V05/global_historical_WS_month_dimensionless_30sPfaf06_mean_1960_2014M12

2017-12-20 10:56:00,557:DEBUG:projects/WRI-Aquaduct/PCRGlobWB20V07/reduced_global_historical_combined_V05/global_historical_WS_month_dimensionless_30sPfaf06_mean_1960_2014M12
2017-12-20 10:56:03,618:ERROR:Asset does not exist or is not accessible: projects/WRI-Aquaduct/PCRGlobWB20V07/reduced_global_historical_combined_V05/global_historical_WS_month_dimensionless_30sPfaf06_mean_2004_2014M01

2017-12-20 10:56:04,970:DEBUG:projects/WRI-Aquaduct/PCRGlobWB20V07/reduced_global_historical_combined_V05/global_historical_WS_month_dimensionless_30sPfaf06_mean_2004_2014M01
2017-12-20 10:56:08,316:ERROR:Asset does not exist or is not accessible: projects/WRI-Aquaduct/PCRGlobWB20V07/reduced_global_historical_combined_V05/global_historical_WS_month_dimensionless_30sPfaf06_mean_2004_2014M02

2017-12-20 10:56:09,681:DEBUG:projects/WRI-Aquaduct/PCRGlobWB20V07/reduced_global_historical_combined_V05/global_historical_WS_month_dimensionless_30sPfaf06_mean_2004_2014M02
2017-12-20 10:56:12,922:ERROR:Asset does not exist or is not accessible: projects/WRI-Aquaduct/PCRGlobWB20V07/reduced_global_historical_combined_V05/global_historical_WS_month_dimensionless_30sPfaf06_mean_2004_2014M03

2017-12-20 10:56:14,338:DEBUG:projects/WRI-Aquaduct/PCRGlobWB20V07/reduced_global_historical_combined_V05/global_historical_WS_month_dimensionless_30sPfaf06_mean_2004_2014M03
2017-12-20 10:56:17,606:ERROR:Asset does not exist or is not accessible: projects/WRI-Aquaduct/PCRGlobWB20V07/reduced_global_historical_combined_V05/global_historical_WS_month_dimensionless_30sPfaf06_mean_2004_2014M04

2017-12-20 10:56:18,996:DEBUG:projects/WRI-Aquaduct/PCRGlobWB20V07/reduced_global_historical_combined_V05/global_historical_WS_month_dimensionless_30sPfaf06_mean_2004_2014M04
2017-12-20 10:56:22,302:ERROR:Asset does not exist or is not accessible: projects/WRI-Aquaduct/PCRGlobWB20V07/reduced_global_historical_combined_V05/global_historical_WS_month_dimensionless_30sPfaf06_mean_2004_2014M05

2017-12-20 10:56:23,673:DEBUG:projects/WRI-Aquaduct/PCRGlobWB20V07/reduced_global_historical_combined_V05/global_historical_WS_month_dimensionless_30sPfaf06_mean_2004_2014M05
2017-12-20 10:56:26,941:ERROR:Asset does not exist or is not accessible: projects/WRI-Aquaduct/PCRGlobWB20V07/reduced_global_historical_combined_V05/global_historical_WS_month_dimensionless_30sPfaf06_mean_2004_2014M06

2017-12-20 10:56:28,342:DEBUG:projects/WRI-Aquaduct/PCRGlobWB20V07/reduced_global_historical_combined_V05/global_historical_WS_month_dimensionless_30sPfaf06_mean_2004_2014M06
2017-12-20 10:56:31,757:ERROR:Asset does not exist or is not accessible: projects/WRI-Aquaduct/PCRGlobWB20V07/reduced_global_historical_combined_V05/global_historical_WS_month_dimensionless_30sPfaf06_mean_2004_2014M07

2017-12-20 10:56:33,196:DEBUG:projects/WRI-Aquaduct/PCRGlobWB20V07/reduced_global_historical_combined_V05/global_historical_WS_month_dimensionless_30sPfaf06_mean_2004_2014M07
2017-12-20 10:56:36,428:ERROR:Asset does not exist or is not accessible: projects/WRI-Aquaduct/PCRGlobWB20V07/reduced_global_historical_combined_V05/global_historical_WS_month_dimensionless_30sPfaf06_mean_2004_2014M08

2017-12-20 10:56:37,819:DEBUG:projects/WRI-Aquaduct/PCRGlobWB20V07/reduced_global_historical_combined_V05/global_historical_WS_month_dimensionless_30sPfaf06_mean_2004_2014M08
2017-12-20 10:56:41,119:ERROR:Asset does not exist or is not accessible: projects/WRI-Aquaduct/PCRGlobWB20V07/reduced_global_historical_combined_V05/global_historical_WS_month_dimensionless_30sPfaf06_mean_2004_2014M09

2017-12-20 10:56:42,508:DEBUG:projects/WRI-Aquaduct/PCRGlobWB20V07/reduced_global_historical_combined_V05/global_historical_WS_month_dimensionless_30sPfaf06_mean_2004_2014M09
2017-12-20 10:56:45,932:ERROR:Asset does not exist or is not accessible: projects/WRI-Aquaduct/PCRGlobWB20V07/reduced_global_historical_combined_V05/global_historical_WS_month_dimensionless_30sPfaf06_mean_2004_2014M10

2017-12-20 10:56:47,340:DEBUG:projects/WRI-Aquaduct/PCRGlobWB20V07/reduced_global_historical_combined_V05/global_historical_WS_month_dimensionless_30sPfaf06_mean_2004_2014M10
2017-12-20 10:56:50,595:ERROR:Asset does not exist or is not accessible: projects/WRI-Aquaduct/PCRGlobWB20V07/reduced_global_historical_combined_V05/global_historical_WS_month_dimensionless_30sPfaf06_mean_2004_2014M11

2017-12-20 10:56:51,962:DEBUG:projects/WRI-Aquaduct/PCRGlobWB20V07/reduced_global_historical_combined_V05/global_historical_WS_month_dimensionless_30sPfaf06_mean_2004_2014M11
2017-12-20 10:56:55,215:ERROR:Asset does not exist or is not accessible: projects/WRI-Aquaduct/PCRGlobWB20V07/reduced_global_historical_combined_V05/global_historical_WS_month_dimensionless_30sPfaf06_mean_2004_2014M12

2017-12-20 10:56:56,636:DEBUG:projects/WRI-Aquaduct/PCRGlobWB20V07/reduced_global_historical_combined_V05/global_historical_WS_month_dimensionless_30sPfaf06_mean_2004_2014M12
2017-12-20 10:56:59,961:ERROR:Asset does not exist or is not accessible: projects/WRI-Aquaduct/PCRGlobWB20V07/reduced_global_historical_combined_V05/global_historical_WS_month_dimensionless_30sPfaf06_trend_1960_2014M01

2017-12-20 10:57:01,390:DEBUG:projects/WRI-Aquaduct/PCRGlobWB20V07/reduced_global_historical_combined_V05/global_historical_WS_month_dimensionless_30sPfaf06_trend_1960_2014M01
2017-12-20 10:57:04,248:ERROR:Asset does not exist or is not accessible: projects/WRI-Aquaduct/PCRGlobWB20V07/reduced_global_historical_combined_V05/global_historical_WS_month_dimensionless_30sPfaf06_trend_1960_2014M02

2017-12-20 10:57:05,497:DEBUG:projects/WRI-Aquaduct/PCRGlobWB20V07/reduced_global_historical_combined_V05/global_historical_WS_month_dimensionless_30sPfaf06_trend_1960_2014M02
2017-12-20 10:57:08,566:ERROR:Asset does not exist or is not accessible: projects/WRI-Aquaduct/PCRGlobWB20V07/reduced_global_historical_combined_V05/global_historical_WS_month_dimensionless_30sPfaf06_trend_1960_2014M03

2017-12-20 10:57:09,817:DEBUG:projects/WRI-Aquaduct/PCRGlobWB20V07/reduced_global_historical_combined_V05/global_historical_WS_month_dimensionless_30sPfaf06_trend_1960_2014M03
2017-12-20 10:57:12,873:ERROR:Asset does not exist or is not accessible: projects/WRI-Aquaduct/PCRGlobWB20V07/reduced_global_historical_combined_V05/global_historical_WS_month_dimensionless_30sPfaf06_trend_1960_2014M04

2017-12-20 10:57:14,127:DEBUG:projects/WRI-Aquaduct/PCRGlobWB20V07/reduced_global_historical_combined_V05/global_historical_WS_month_dimensionless_30sPfaf06_trend_1960_2014M04
2017-12-20 10:57:17,203:ERROR:Asset does not exist or is not accessible: projects/WRI-Aquaduct/PCRGlobWB20V07/reduced_global_historical_combined_V05/global_historical_WS_month_dimensionless_30sPfaf06_trend_1960_2014M05

2017-12-20 10:57:18,449:DEBUG:projects/WRI-Aquaduct/PCRGlobWB20V07/reduced_global_historical_combined_V05/global_historical_WS_month_dimensionless_30sPfaf06_trend_1960_2014M05
2017-12-20 10:57:21,715:ERROR:Asset does not exist or is not accessible: projects/WRI-Aquaduct/PCRGlobWB20V07/reduced_global_historical_combined_V05/global_historical_WS_month_dimensionless_30sPfaf06_trend_1960_2014M06

2017-12-20 10:57:22,959:DEBUG:projects/WRI-Aquaduct/PCRGlobWB20V07/reduced_global_historical_combined_V05/global_historical_WS_month_dimensionless_30sPfaf06_trend_1960_2014M06
2017-12-20 10:57:26,030:ERROR:Asset does not exist or is not accessible: projects/WRI-Aquaduct/PCRGlobWB20V07/reduced_global_historical_combined_V05/global_historical_WS_month_dimensionless_30sPfaf06_trend_1960_2014M07

2017-12-20 10:57:27,333:DEBUG:projects/WRI-Aquaduct/PCRGlobWB20V07/reduced_global_historical_combined_V05/global_historical_WS_month_dimensionless_30sPfaf06_trend_1960_2014M07
2017-12-20 10:57:30,450:ERROR:Asset does not exist or is not accessible: projects/WRI-Aquaduct/PCRGlobWB20V07/reduced_global_historical_combined_V05/global_historical_WS_month_dimensionless_30sPfaf06_trend_1960_2014M08

2017-12-20 10:57:31,715:DEBUG:projects/WRI-Aquaduct/PCRGlobWB20V07/reduced_global_historical_combined_V05/global_historical_WS_month_dimensionless_30sPfaf06_trend_1960_2014M08
2017-12-20 10:57:34,815:ERROR:Asset does not exist or is not accessible: projects/WRI-Aquaduct/PCRGlobWB20V07/reduced_global_historical_combined_V05/global_historical_WS_month_dimensionless_30sPfaf06_trend_1960_2014M09

2017-12-20 10:57:36,090:DEBUG:projects/WRI-Aquaduct/PCRGlobWB20V07/reduced_global_historical_combined_V05/global_historical_WS_month_dimensionless_30sPfaf06_trend_1960_2014M09
2017-12-20 10:57:39,186:ERROR:Asset does not exist or is not accessible: projects/WRI-Aquaduct/PCRGlobWB20V07/reduced_global_historical_combined_V05/global_historical_WS_month_dimensionless_30sPfaf06_trend_1960_2014M10

2017-12-20 10:57:40,438:DEBUG:projects/WRI-Aquaduct/PCRGlobWB20V07/reduced_global_historical_combined_V05/global_historical_WS_month_dimensionless_30sPfaf06_trend_1960_2014M10
2017-12-20 10:57:43,601:ERROR:Asset does not exist or is not accessible: projects/WRI-Aquaduct/PCRGlobWB20V07/reduced_global_historical_combined_V05/global_historical_WS_month_dimensionless_30sPfaf06_trend_1960_2014M11

2017-12-20 10:57:44,879:DEBUG:projects/WRI-Aquaduct/PCRGlobWB20V07/reduced_global_historical_combined_V05/global_historical_WS_month_dimensionless_30sPfaf06_trend_1960_2014M11
2017-12-20 10:57:47,972:ERROR:Asset does not exist or is not accessible: projects/WRI-Aquaduct/PCRGlobWB20V07/reduced_global_historical_combined_V05/global_historical_WS_month_dimensionless_30sPfaf06_trend_1960_2014M12

2017-12-20 10:57:49,242:DEBUG:projects/WRI-Aquaduct/PCRGlobWB20V07/reduced_global_historical_combined_V05/global_historical_WS_month_dimensionless_30sPfaf06_trend_1960_2014M12
2017-12-20 10:57:52,428:ERROR:Asset does not exist or is not accessible: projects/WRI-Aquaduct/PCRGlobWB20V07/reduced_global_historical_combined_V05/global_historical_WS_month_dimensionless_30sPfaf06_trend_2004_2014M01

2017-12-20 10:57:53,726:DEBUG:projects/WRI-Aquaduct/PCRGlobWB20V07/reduced_global_historical_combined_V05/global_historical_WS_month_dimensionless_30sPfaf06_trend_2004_2014M01
2017-12-20 10:57:56,845:ERROR:Asset does not exist or is not accessible: projects/WRI-Aquaduct/PCRGlobWB20V07/reduced_global_historical_combined_V05/global_historical_WS_month_dimensionless_30sPfaf06_trend_2004_2014M02

2017-12-20 10:57:58,147:DEBUG:projects/WRI-Aquaduct/PCRGlobWB20V07/reduced_global_historical_combined_V05/global_historical_WS_month_dimensionless_30sPfaf06_trend_2004_2014M02
2017-12-20 10:58:01,251:ERROR:Asset does not exist or is not accessible: projects/WRI-Aquaduct/PCRGlobWB20V07/reduced_global_historical_combined_V05/global_historical_WS_month_dimensionless_30sPfaf06_trend_2004_2014M03

2017-12-20 10:58:02,526:DEBUG:projects/WRI-Aquaduct/PCRGlobWB20V07/reduced_global_historical_combined_V05/global_historical_WS_month_dimensionless_30sPfaf06_trend_2004_2014M03
2017-12-20 10:58:06,369:ERROR:Asset does not exist or is not accessible: projects/WRI-Aquaduct/PCRGlobWB20V07/reduced_global_historical_combined_V05/global_historical_WS_month_dimensionless_30sPfaf06_trend_2004_2014M04

2017-12-20 10:58:07,646:DEBUG:projects/WRI-Aquaduct/PCRGlobWB20V07/reduced_global_historical_combined_V05/global_historical_WS_month_dimensionless_30sPfaf06_trend_2004_2014M04
2017-12-20 10:58:10,682:ERROR:Asset does not exist or is not accessible: projects/WRI-Aquaduct/PCRGlobWB20V07/reduced_global_historical_combined_V05/global_historical_WS_month_dimensionless_30sPfaf06_trend_2004_2014M05

2017-12-20 10:58:11,944:DEBUG:projects/WRI-Aquaduct/PCRGlobWB20V07/reduced_global_historical_combined_V05/global_historical_WS_month_dimensionless_30sPfaf06_trend_2004_2014M05
2017-12-20 10:58:15,000:ERROR:Asset does not exist or is not accessible: projects/WRI-Aquaduct/PCRGlobWB20V07/reduced_global_historical_combined_V05/global_historical_WS_month_dimensionless_30sPfaf06_trend_2004_2014M06

2017-12-20 10:58:16,249:DEBUG:projects/WRI-Aquaduct/PCRGlobWB20V07/reduced_global_historical_combined_V05/global_historical_WS_month_dimensionless_30sPfaf06_trend_2004_2014M06
2017-12-20 10:58:19,443:ERROR:Asset does not exist or is not accessible: projects/WRI-Aquaduct/PCRGlobWB20V07/reduced_global_historical_combined_V05/global_historical_WS_month_dimensionless_30sPfaf06_trend_2004_2014M07

2017-12-20 10:58:20,722:DEBUG:projects/WRI-Aquaduct/PCRGlobWB20V07/reduced_global_historical_combined_V05/global_historical_WS_month_dimensionless_30sPfaf06_trend_2004_2014M07
2017-12-20 10:58:23,739:ERROR:Asset does not exist or is not accessible: projects/WRI-Aquaduct/PCRGlobWB20V07/reduced_global_historical_combined_V05/global_historical_WS_month_dimensionless_30sPfaf06_trend_2004_2014M08

2017-12-20 10:58:24,997:DEBUG:projects/WRI-Aquaduct/PCRGlobWB20V07/reduced_global_historical_combined_V05/global_historical_WS_month_dimensionless_30sPfaf06_trend_2004_2014M08
2017-12-20 10:58:28,213:ERROR:Asset does not exist or is not accessible: projects/WRI-Aquaduct/PCRGlobWB20V07/reduced_global_historical_combined_V05/global_historical_WS_month_dimensionless_30sPfaf06_trend_2004_2014M09

2017-12-20 10:58:29,456:DEBUG:projects/WRI-Aquaduct/PCRGlobWB20V07/reduced_global_historical_combined_V05/global_historical_WS_month_dimensionless_30sPfaf06_trend_2004_2014M09
2017-12-20 10:58:32,606:ERROR:Asset does not exist or is not accessible: projects/WRI-Aquaduct/PCRGlobWB20V07/reduced_global_historical_combined_V05/global_historical_WS_month_dimensionless_30sPfaf06_trend_2004_2014M10

2017-12-20 10:58:33,878:DEBUG:projects/WRI-Aquaduct/PCRGlobWB20V07/reduced_global_historical_combined_V05/global_historical_WS_month_dimensionless_30sPfaf06_trend_2004_2014M10
2017-12-20 10:58:36,957:ERROR:Asset does not exist or is not accessible: projects/WRI-Aquaduct/PCRGlobWB20V07/reduced_global_historical_combined_V05/global_historical_WS_month_dimensionless_30sPfaf06_trend_2004_2014M11

2017-12-20 10:58:37,745:DEBUG:projects/WRI-Aquaduct/PCRGlobWB20V07/reduced_global_historical_combined_V05/global_historical_WS_month_dimensionless_30sPfaf06_trend_2004_2014M11
2017-12-20 10:58:40,822:ERROR:Asset does not exist or is not accessible: projects/WRI-Aquaduct/PCRGlobWB20V07/reduced_global_historical_combined_V05/global_historical_WS_month_dimensionless_30sPfaf06_trend_2004_2014M12

2017-12-20 10:58:42,072:DEBUG:projects/WRI-Aquaduct/PCRGlobWB20V07/reduced_global_historical_combined_V05/global_historical_WS_month_dimensionless_30sPfaf06_trend_2004_2014M12
2017-12-20 10:58:45,198:ERROR:Asset does not exist or is not accessible: projects/WRI-Aquaduct/PCRGlobWB20V07/reduced_global_historical_combined_V05/global_historical_WS_year_dimensionless_30sPfaf06_mean_1960_2014M12

2017-12-20 10:58:45,981:DEBUG:projects/WRI-Aquaduct/PCRGlobWB20V07/reduced_global_historical_combined_V05/global_historical_WS_year_dimensionless_30sPfaf06_mean_1960_2014M12
2017-12-20 10:58:49,093:ERROR:Asset does not exist or is not accessible: projects/WRI-Aquaduct/PCRGlobWB20V07/reduced_global_historical_combined_V05/global_historical_WS_year_dimensionless_30sPfaf06_mean_2004_2014M12

2017-12-20 10:58:50,363:DEBUG:projects/WRI-Aquaduct/PCRGlobWB20V07/reduced_global_historical_combined_V05/global_historical_WS_year_dimensionless_30sPfaf06_mean_2004_2014M12
2017-12-20 10:58:53,516:ERROR:Asset does not exist or is not accessible: projects/WRI-Aquaduct/PCRGlobWB20V07/reduced_global_historical_combined_V05/global_historical_WS_year_dimensionless_30sPfaf06_trend_1960_2014M12

2017-12-20 10:58:54,768:DEBUG:projects/WRI-Aquaduct/PCRGlobWB20V07/reduced_global_historical_combined_V05/global_historical_WS_year_dimensionless_30sPfaf06_trend_1960_2014M12
2017-12-20 10:58:57,901:ERROR:Asset does not exist or is not accessible: projects/WRI-Aquaduct/PCRGlobWB20V07/reduced_global_historical_combined_V05/global_historical_WS_year_dimensionless_30sPfaf06_trend_2004_2014M12

2017-12-20 10:58:59,150:DEBUG:projects/WRI-Aquaduct/PCRGlobWB20V07/reduced_global_historical_combined_V05/global_historical_WS_year_dimensionless_30sPfaf06_trend_2004_2014M12
