2017-12-01 14:31:52,811:INFO:Asset projects/WRI-Aquaduct/PCRGlobWB20V07/global_historical_PDomWW_year_m_pfaf06_1960_2014 already exists

2017-12-01 14:31:55,682:INFO:
2017-12-01 14:31:58,537:INFO:
2017-12-01 14:32:01,420:INFO:
2017-12-01 14:32:04,292:INFO:
2017-12-01 14:32:07,204:INFO:
2017-12-01 14:32:10,068:INFO:
2017-12-01 14:32:12,953:INFO:
2017-12-01 14:32:15,846:INFO:
2017-12-01 14:32:18,702:INFO:
2017-12-01 14:32:21,582:INFO:
2017-12-01 14:32:24,470:INFO:
2017-12-01 14:32:27,398:INFO:
2017-12-01 14:32:30,252:INFO:
2017-12-01 14:32:33,165:INFO:
2017-12-01 14:32:36,111:INFO:
2017-12-01 14:32:38,961:INFO:
2017-12-01 14:32:41,793:INFO:
2017-12-01 14:32:44,651:INFO:
2017-12-01 14:32:47,513:INFO:
2017-12-01 14:32:50,405:INFO:
2017-12-01 14:32:53,170:INFO:
2017-12-01 14:32:55,966:INFO:
2017-12-01 14:32:58,746:INFO:
2017-12-01 14:33:12,882:ERROR:Asset projects/WRI-Aquaduct/PCRGlobWB20V07/global_historical_PDomWW_year_m_pfaf06_1960_2014 already exists

2017-12-01 14:33:14,959:ERROR:Asset projects/WRI-Aquaduct/PCRGlobWB20V07/global_historical_PDomWN_year_m_pfaf06_1960_2014 already exists

2017-12-01 14:33:17,042:ERROR:Asset projects/WRI-Aquaduct/PCRGlobWB20V07/global_historical_PIndWW_year_m_pfaf06_1960_2014 already exists

2017-12-01 14:33:19,103:ERROR:Asset projects/WRI-Aquaduct/PCRGlobWB20V07/global_historical_PIndWN_year_m_pfaf06_1960_2014 already exists

2017-12-01 14:33:21,174:ERROR:Asset projects/WRI-Aquaduct/PCRGlobWB20V07/global_historical_PIrrWW_year_m_pfaf06_1960_2014 already exists

2017-12-01 14:33:23,274:ERROR:Asset projects/WRI-Aquaduct/PCRGlobWB20V07/global_historical_PIrrWN_year_m_pfaf06_1960_2014 already exists

2017-12-01 14:33:25,335:ERROR:Asset projects/WRI-Aquaduct/PCRGlobWB20V07/global_historical_PLivWW_year_m_pfaf06_1960_2014 already exists

2017-12-01 14:33:27,420:ERROR:Asset projects/WRI-Aquaduct/PCRGlobWB20V07/global_historical_PLivWN_year_m_pfaf06_1960_2014 already exists

2017-12-01 14:33:29,559:ERROR:Asset projects/WRI-Aquaduct/PCRGlobWB20V07/global_historical_PTotWW_year_m_pfaf06_1960_2014 already exists

2017-12-01 14:33:31,733:ERROR:Asset projects/WRI-Aquaduct/PCRGlobWB20V07/global_historical_PTotWN_year_m_pfaf06_1960_2014 already exists

2017-12-01 14:33:33,797:ERROR:Asset projects/WRI-Aquaduct/PCRGlobWB20V07/global_historical_runoff_year_m_pfaf06_1960_2014 already exists

2017-12-01 14:33:35,928:ERROR:Asset projects/WRI-Aquaduct/PCRGlobWB20V07/global_historical_riverdischarge_year_m_pfaf06_1960_2014 already exists

2017-12-01 14:33:37,975:ERROR:Asset projects/WRI-Aquaduct/PCRGlobWB20V07/global_historical_PDomWW_month_m_pfaf06_1960_2014 already exists

2017-12-01 14:33:40,044:ERROR:Asset projects/WRI-Aquaduct/PCRGlobWB20V07/global_historical_PDomWN_month_m_pfaf06_1960_2014 already exists

2017-12-01 14:33:42,117:ERROR:Asset projects/WRI-Aquaduct/PCRGlobWB20V07/global_historical_PIndWW_month_m_pfaf06_1960_2014 already exists

2017-12-01 14:33:44,159:ERROR:Asset projects/WRI-Aquaduct/PCRGlobWB20V07/global_historical_PIndWN_month_m_pfaf06_1960_2014 already exists

2017-12-01 14:33:46,283:ERROR:Asset projects/WRI-Aquaduct/PCRGlobWB20V07/global_historical_PIrrWW_month_m_pfaf06_1960_2014 already exists

2017-12-01 14:33:48,392:ERROR:Asset projects/WRI-Aquaduct/PCRGlobWB20V07/global_historical_PIrrWN_month_m_pfaf06_1960_2014 already exists

2017-12-01 14:33:50,447:ERROR:Asset projects/WRI-Aquaduct/PCRGlobWB20V07/global_historical_PLivWW_month_m_pfaf06_1960_2014 already exists

2017-12-01 14:33:52,532:ERROR:Asset projects/WRI-Aquaduct/PCRGlobWB20V07/global_historical_PLivWN_month_m_pfaf06_1960_2014 already exists

2017-12-01 14:33:54,609:ERROR:Asset projects/WRI-Aquaduct/PCRGlobWB20V07/global_historical_PTotWW_month_m_pfaf06_1960_2014 already exists

2017-12-01 14:33:56,689:ERROR:Asset projects/WRI-Aquaduct/PCRGlobWB20V07/global_historical_PTotWN_month_m_pfaf06_1960_2014 already exists

2017-12-01 14:33:58,779:ERROR:Asset projects/WRI-Aquaduct/PCRGlobWB20V07/global_historical_runoff_month_m_pfaf06_1960_2014 already exists

2017-12-01 14:34:00,881:ERROR:Asset projects/WRI-Aquaduct/PCRGlobWB20V07/global_historical_riverdischarge_month_m_pfaf06_1960_2014 already exists

