2017-12-01 17:36:13,441:ERROR:Asset projects/WRI-Aquaduct/PCRGlobWB20V07/global_historical_PTotWW_year_m_pfaf06_1960_2014 already exists

2017-12-01 17:36:13,442:DEBUG:0 1960
2017-12-01 17:36:13,445:DEBUG:projects/WRI-Aquaduct/PCRGlobWB20V07/global_historical_PTotWW_year_m_pfaf06_1960_2014/global_historical_PTotWW_year_m_pfaf06_1960_2014Y1960M12
2017-12-01 17:36:17,952:DEBUG:0 1961
2017-12-01 17:36:17,955:DEBUG:projects/WRI-Aquaduct/PCRGlobWB20V07/global_historical_PTotWW_year_m_pfaf06_1960_2014/global_historical_PTotWW_year_m_pfaf06_1960_2014Y1961M12
2017-12-01 17:37:05,928:DEBUG:0 1962
2017-12-01 17:37:05,932:DEBUG:projects/WRI-Aquaduct/PCRGlobWB20V07/global_historical_PTotWW_year_m_pfaf06_1960_2014/global_historical_PTotWW_year_m_pfaf06_1960_2014Y1962M12
2017-12-01 17:37:56,946:ERROR:Asset projects/WRI-Aquaduct/PCRGlobWB20V07/global_historical_PTotWW_year_m_pfaf06_1960_2014 already exists

2017-12-01 17:37:56,947:DEBUG:0 1960
2017-12-01 17:37:56,955:DEBUG:projects/WRI-Aquaduct/PCRGlobWB20V07/global_historical_PTotWW_year_m_pfaf06_1960_2014/global_historical_PTotWW_year_m_pfaf06_1960_2014Y1960M12
2017-12-01 17:37:58,750:DEBUG:0 1961
2017-12-01 17:37:58,753:DEBUG:projects/WRI-Aquaduct/PCRGlobWB20V07/global_historical_PTotWW_year_m_pfaf06_1960_2014/global_historical_PTotWW_year_m_pfaf06_1960_2014Y1961M12
2017-12-01 17:38:00,493:DEBUG:0 1962
2017-12-01 17:38:00,495:DEBUG:projects/WRI-Aquaduct/PCRGlobWB20V07/global_historical_PTotWW_year_m_pfaf06_1960_2014/global_historical_PTotWW_year_m_pfaf06_1960_2014Y1962M12
2017-12-01 17:38:02,300:DEBUG:0 1963
2017-12-01 17:38:02,302:DEBUG:projects/WRI-Aquaduct/PCRGlobWB20V07/global_historical_PTotWW_year_m_pfaf06_1960_2014/global_historical_PTotWW_year_m_pfaf06_1960_2014Y1963M12
2017-12-01 17:38:04,084:DEBUG:0 1964
2017-12-01 17:38:04,086:DEBUG:projects/WRI-Aquaduct/PCRGlobWB20V07/global_historical_PTotWW_year_m_pfaf06_1960_2014/global_historical_PTotWW_year_m_pfaf06_1960_2014Y1964M12
2017-12-01 17:38:05,883:DEBUG:0 1965
2017-12-01 17:38:05,886:DEBUG:projects/WRI-Aquaduct/PCRGlobWB20V07/global_historical_PTotWW_year_m_pfaf06_1960_2014/global_historical_PTotWW_year_m_pfaf06_1960_2014Y1965M12
2017-12-01 17:38:07,613:DEBUG:0 1966
2017-12-01 17:38:07,616:DEBUG:projects/WRI-Aquaduct/PCRGlobWB20V07/global_historical_PTotWW_year_m_pfaf06_1960_2014/global_historical_PTotWW_year_m_pfaf06_1960_2014Y1966M12
2017-12-01 17:38:08,861:DEBUG:0 1967
2017-12-01 17:38:08,864:DEBUG:projects/WRI-Aquaduct/PCRGlobWB20V07/global_historical_PTotWW_year_m_pfaf06_1960_2014/global_historical_PTotWW_year_m_pfaf06_1960_2014Y1967M12
2017-12-01 17:38:10,638:DEBUG:0 1968
2017-12-01 17:38:10,640:DEBUG:projects/WRI-Aquaduct/PCRGlobWB20V07/global_historical_PTotWW_year_m_pfaf06_1960_2014/global_historical_PTotWW_year_m_pfaf06_1960_2014Y1968M12
2017-12-01 17:38:12,416:DEBUG:0 1969
2017-12-01 17:38:12,418:DEBUG:projects/WRI-Aquaduct/PCRGlobWB20V07/global_historical_PTotWW_year_m_pfaf06_1960_2014/global_historical_PTotWW_year_m_pfaf06_1960_2014Y1969M12
2017-12-01 17:38:14,202:DEBUG:0 1970
2017-12-01 17:38:14,205:DEBUG:projects/WRI-Aquaduct/PCRGlobWB20V07/global_historical_PTotWW_year_m_pfaf06_1960_2014/global_historical_PTotWW_year_m_pfaf06_1960_2014Y1970M12
2017-12-01 17:38:16,025:DEBUG:0 1971
2017-12-01 17:38:16,028:DEBUG:projects/WRI-Aquaduct/PCRGlobWB20V07/global_historical_PTotWW_year_m_pfaf06_1960_2014/global_historical_PTotWW_year_m_pfaf06_1960_2014Y1971M12
2017-12-01 17:38:17,867:DEBUG:0 1972
2017-12-01 17:38:17,870:DEBUG:projects/WRI-Aquaduct/PCRGlobWB20V07/global_historical_PTotWW_year_m_pfaf06_1960_2014/global_historical_PTotWW_year_m_pfaf06_1960_2014Y1972M12
2017-12-01 17:38:19,619:DEBUG:0 1973
2017-12-01 17:38:19,622:DEBUG:projects/WRI-Aquaduct/PCRGlobWB20V07/global_historical_PTotWW_year_m_pfaf06_1960_2014/global_historical_PTotWW_year_m_pfaf06_1960_2014Y1973M12
2017-12-01 17:38:21,359:DEBUG:0 1974
2017-12-01 17:38:21,362:DEBUG:projects/WRI-Aquaduct/PCRGlobWB20V07/global_historical_PTotWW_year_m_pfaf06_1960_2014/global_historical_PTotWW_year_m_pfaf06_1960_2014Y1974M12
2017-12-01 17:38:23,240:DEBUG:0 1975
2017-12-01 17:38:23,243:DEBUG:projects/WRI-Aquaduct/PCRGlobWB20V07/global_historical_PTotWW_year_m_pfaf06_1960_2014/global_historical_PTotWW_year_m_pfaf06_1960_2014Y1975M12
2017-12-01 17:38:25,008:DEBUG:0 1976
2017-12-01 17:38:25,010:DEBUG:projects/WRI-Aquaduct/PCRGlobWB20V07/global_historical_PTotWW_year_m_pfaf06_1960_2014/global_historical_PTotWW_year_m_pfaf06_1960_2014Y1976M12
2017-12-01 17:38:26,838:DEBUG:0 1977
2017-12-01 17:38:26,841:DEBUG:projects/WRI-Aquaduct/PCRGlobWB20V07/global_historical_PTotWW_year_m_pfaf06_1960_2014/global_historical_PTotWW_year_m_pfaf06_1960_2014Y1977M12
2017-12-01 17:38:28,587:DEBUG:0 1978
2017-12-01 17:38:28,590:DEBUG:projects/WRI-Aquaduct/PCRGlobWB20V07/global_historical_PTotWW_year_m_pfaf06_1960_2014/global_historical_PTotWW_year_m_pfaf06_1960_2014Y1978M12
2017-12-01 17:38:30,526:DEBUG:0 1979
2017-12-01 17:38:30,528:DEBUG:projects/WRI-Aquaduct/PCRGlobWB20V07/global_historical_PTotWW_year_m_pfaf06_1960_2014/global_historical_PTotWW_year_m_pfaf06_1960_2014Y1979M12
2017-12-01 17:38:32,448:DEBUG:0 1980
2017-12-01 17:38:32,451:DEBUG:projects/WRI-Aquaduct/PCRGlobWB20V07/global_historical_PTotWW_year_m_pfaf06_1960_2014/global_historical_PTotWW_year_m_pfaf06_1960_2014Y1980M12
2017-12-01 17:38:33,779:DEBUG:0 1981
2017-12-01 17:38:33,782:DEBUG:projects/WRI-Aquaduct/PCRGlobWB20V07/global_historical_PTotWW_year_m_pfaf06_1960_2014/global_historical_PTotWW_year_m_pfaf06_1960_2014Y1981M12
2017-12-01 17:38:35,497:DEBUG:0 1982
2017-12-01 17:38:35,500:DEBUG:projects/WRI-Aquaduct/PCRGlobWB20V07/global_historical_PTotWW_year_m_pfaf06_1960_2014/global_historical_PTotWW_year_m_pfaf06_1960_2014Y1982M12
2017-12-01 17:38:37,266:DEBUG:0 1983
2017-12-01 17:38:37,268:DEBUG:projects/WRI-Aquaduct/PCRGlobWB20V07/global_historical_PTotWW_year_m_pfaf06_1960_2014/global_historical_PTotWW_year_m_pfaf06_1960_2014Y1983M12
2017-12-01 17:38:39,047:DEBUG:0 1984
2017-12-01 17:38:39,050:DEBUG:projects/WRI-Aquaduct/PCRGlobWB20V07/global_historical_PTotWW_year_m_pfaf06_1960_2014/global_historical_PTotWW_year_m_pfaf06_1960_2014Y1984M12
2017-12-01 17:38:40,843:DEBUG:0 1985
2017-12-01 17:38:40,846:DEBUG:projects/WRI-Aquaduct/PCRGlobWB20V07/global_historical_PTotWW_year_m_pfaf06_1960_2014/global_historical_PTotWW_year_m_pfaf06_1960_2014Y1985M12
2017-12-01 17:38:42,704:DEBUG:0 1986
2017-12-01 17:38:42,706:DEBUG:projects/WRI-Aquaduct/PCRGlobWB20V07/global_historical_PTotWW_year_m_pfaf06_1960_2014/global_historical_PTotWW_year_m_pfaf06_1960_2014Y1986M12
2017-12-01 17:38:44,496:DEBUG:0 1987
2017-12-01 17:38:44,499:DEBUG:projects/WRI-Aquaduct/PCRGlobWB20V07/global_historical_PTotWW_year_m_pfaf06_1960_2014/global_historical_PTotWW_year_m_pfaf06_1960_2014Y1987M12
2017-12-01 17:38:46,312:DEBUG:0 1988
2017-12-01 17:38:46,315:DEBUG:projects/WRI-Aquaduct/PCRGlobWB20V07/global_historical_PTotWW_year_m_pfaf06_1960_2014/global_historical_PTotWW_year_m_pfaf06_1960_2014Y1988M12
2017-12-01 17:38:48,041:DEBUG:0 1989
2017-12-01 17:38:48,044:DEBUG:projects/WRI-Aquaduct/PCRGlobWB20V07/global_historical_PTotWW_year_m_pfaf06_1960_2014/global_historical_PTotWW_year_m_pfaf06_1960_2014Y1989M12
2017-12-01 17:38:49,833:DEBUG:0 1990
2017-12-01 17:38:49,836:DEBUG:projects/WRI-Aquaduct/PCRGlobWB20V07/global_historical_PTotWW_year_m_pfaf06_1960_2014/global_historical_PTotWW_year_m_pfaf06_1960_2014Y1990M12
2017-12-01 17:38:51,623:DEBUG:0 1991
2017-12-01 17:38:51,626:DEBUG:projects/WRI-Aquaduct/PCRGlobWB20V07/global_historical_PTotWW_year_m_pfaf06_1960_2014/global_historical_PTotWW_year_m_pfaf06_1960_2014Y1991M12
2017-12-01 17:38:53,315:DEBUG:0 1992
2017-12-01 17:38:53,317:DEBUG:projects/WRI-Aquaduct/PCRGlobWB20V07/global_historical_PTotWW_year_m_pfaf06_1960_2014/global_historical_PTotWW_year_m_pfaf06_1960_2014Y1992M12
2017-12-01 17:38:55,075:DEBUG:0 1993
2017-12-01 17:38:55,078:DEBUG:projects/WRI-Aquaduct/PCRGlobWB20V07/global_historical_PTotWW_year_m_pfaf06_1960_2014/global_historical_PTotWW_year_m_pfaf06_1960_2014Y1993M12
2017-12-01 17:38:56,763:DEBUG:0 1994
2017-12-01 17:38:56,766:DEBUG:projects/WRI-Aquaduct/PCRGlobWB20V07/global_historical_PTotWW_year_m_pfaf06_1960_2014/global_historical_PTotWW_year_m_pfaf06_1960_2014Y1994M12
2017-12-01 17:38:58,527:DEBUG:0 1995
2017-12-01 17:38:58,529:DEBUG:projects/WRI-Aquaduct/PCRGlobWB20V07/global_historical_PTotWW_year_m_pfaf06_1960_2014/global_historical_PTotWW_year_m_pfaf06_1960_2014Y1995M12
2017-12-01 17:39:00,226:DEBUG:0 1996
2017-12-01 17:39:00,228:DEBUG:projects/WRI-Aquaduct/PCRGlobWB20V07/global_historical_PTotWW_year_m_pfaf06_1960_2014/global_historical_PTotWW_year_m_pfaf06_1960_2014Y1996M12
2017-12-01 17:39:01,995:DEBUG:0 1997
2017-12-01 17:39:01,997:DEBUG:projects/WRI-Aquaduct/PCRGlobWB20V07/global_historical_PTotWW_year_m_pfaf06_1960_2014/global_historical_PTotWW_year_m_pfaf06_1960_2014Y1997M12
2017-12-01 17:39:03,758:DEBUG:0 1998
2017-12-01 17:39:03,761:DEBUG:projects/WRI-Aquaduct/PCRGlobWB20V07/global_historical_PTotWW_year_m_pfaf06_1960_2014/global_historical_PTotWW_year_m_pfaf06_1960_2014Y1998M12
2017-12-01 17:39:05,552:DEBUG:0 1999
2017-12-01 17:39:05,555:DEBUG:projects/WRI-Aquaduct/PCRGlobWB20V07/global_historical_PTotWW_year_m_pfaf06_1960_2014/global_historical_PTotWW_year_m_pfaf06_1960_2014Y1999M12
2017-12-01 17:39:07,335:DEBUG:0 2000
2017-12-01 17:39:07,338:DEBUG:projects/WRI-Aquaduct/PCRGlobWB20V07/global_historical_PTotWW_year_m_pfaf06_1960_2014/global_historical_PTotWW_year_m_pfaf06_1960_2014Y2000M12
2017-12-01 17:39:09,061:DEBUG:0 2001
2017-12-01 17:39:09,064:DEBUG:projects/WRI-Aquaduct/PCRGlobWB20V07/global_historical_PTotWW_year_m_pfaf06_1960_2014/global_historical_PTotWW_year_m_pfaf06_1960_2014Y2001M12
2017-12-01 17:39:10,815:DEBUG:0 2002
2017-12-01 17:39:10,818:DEBUG:projects/WRI-Aquaduct/PCRGlobWB20V07/global_historical_PTotWW_year_m_pfaf06_1960_2014/global_historical_PTotWW_year_m_pfaf06_1960_2014Y2002M12
2017-12-01 17:39:12,107:DEBUG:0 2003
2017-12-01 17:39:12,110:DEBUG:projects/WRI-Aquaduct/PCRGlobWB20V07/global_historical_PTotWW_year_m_pfaf06_1960_2014/global_historical_PTotWW_year_m_pfaf06_1960_2014Y2003M12
2017-12-01 17:39:14,009:DEBUG:0 2004
2017-12-01 17:39:14,011:DEBUG:projects/WRI-Aquaduct/PCRGlobWB20V07/global_historical_PTotWW_year_m_pfaf06_1960_2014/global_historical_PTotWW_year_m_pfaf06_1960_2014Y2004M12
2017-12-01 17:39:15,829:DEBUG:0 2005
2017-12-01 17:39:15,832:DEBUG:projects/WRI-Aquaduct/PCRGlobWB20V07/global_historical_PTotWW_year_m_pfaf06_1960_2014/global_historical_PTotWW_year_m_pfaf06_1960_2014Y2005M12
2017-12-01 17:39:17,614:DEBUG:0 2006
2017-12-01 17:39:17,617:DEBUG:projects/WRI-Aquaduct/PCRGlobWB20V07/global_historical_PTotWW_year_m_pfaf06_1960_2014/global_historical_PTotWW_year_m_pfaf06_1960_2014Y2006M12
2017-12-01 17:39:19,387:DEBUG:0 2007
2017-12-01 17:39:19,390:DEBUG:projects/WRI-Aquaduct/PCRGlobWB20V07/global_historical_PTotWW_year_m_pfaf06_1960_2014/global_historical_PTotWW_year_m_pfaf06_1960_2014Y2007M12
2017-12-01 17:39:21,142:DEBUG:0 2008
2017-12-01 17:39:21,145:DEBUG:projects/WRI-Aquaduct/PCRGlobWB20V07/global_historical_PTotWW_year_m_pfaf06_1960_2014/global_historical_PTotWW_year_m_pfaf06_1960_2014Y2008M12
2017-12-01 17:39:22,991:DEBUG:0 2009
2017-12-01 17:39:22,994:DEBUG:projects/WRI-Aquaduct/PCRGlobWB20V07/global_historical_PTotWW_year_m_pfaf06_1960_2014/global_historical_PTotWW_year_m_pfaf06_1960_2014Y2009M12
2017-12-01 17:39:24,756:DEBUG:0 2010
2017-12-01 17:39:24,759:DEBUG:projects/WRI-Aquaduct/PCRGlobWB20V07/global_historical_PTotWW_year_m_pfaf06_1960_2014/global_historical_PTotWW_year_m_pfaf06_1960_2014Y2010M12
2017-12-01 17:39:26,524:DEBUG:0 2011
2017-12-01 17:39:26,527:DEBUG:projects/WRI-Aquaduct/PCRGlobWB20V07/global_historical_PTotWW_year_m_pfaf06_1960_2014/global_historical_PTotWW_year_m_pfaf06_1960_2014Y2011M12
2017-12-01 17:39:27,817:DEBUG:0 2012
2017-12-01 17:39:27,820:DEBUG:projects/WRI-Aquaduct/PCRGlobWB20V07/global_historical_PTotWW_year_m_pfaf06_1960_2014/global_historical_PTotWW_year_m_pfaf06_1960_2014Y2012M12
2017-12-01 17:39:29,558:DEBUG:0 2013
2017-12-01 17:39:29,560:DEBUG:projects/WRI-Aquaduct/PCRGlobWB20V07/global_historical_PTotWW_year_m_pfaf06_1960_2014/global_historical_PTotWW_year_m_pfaf06_1960_2014Y2013M12
2017-12-01 17:39:31,331:DEBUG:0 2014
2017-12-01 17:39:31,333:DEBUG:projects/WRI-Aquaduct/PCRGlobWB20V07/global_historical_PTotWW_year_m_pfaf06_1960_2014/global_historical_PTotWW_year_m_pfaf06_1960_2014Y2014M12
2017-12-01 17:39:35,217:ERROR:Asset projects/WRI-Aquaduct/PCRGlobWB20V07/global_historical_riverdischarge_year_m_pfaf06_1960_2014 already exists

2017-12-01 17:39:35,217:DEBUG:1 1960
2017-12-01 17:39:35,220:DEBUG:projects/WRI-Aquaduct/PCRGlobWB20V07/global_historical_riverdischarge_year_m_pfaf06_1960_2014/global_historical_riverdischarge_year_m_pfaf06_1960_2014Y1960M12
2017-12-01 17:39:37,044:DEBUG:1 1961
2017-12-01 17:39:37,047:DEBUG:projects/WRI-Aquaduct/PCRGlobWB20V07/global_historical_riverdischarge_year_m_pfaf06_1960_2014/global_historical_riverdischarge_year_m_pfaf06_1960_2014Y1961M12
2017-12-01 17:39:38,835:DEBUG:1 1962
2017-12-01 17:39:38,838:DEBUG:projects/WRI-Aquaduct/PCRGlobWB20V07/global_historical_riverdischarge_year_m_pfaf06_1960_2014/global_historical_riverdischarge_year_m_pfaf06_1960_2014Y1962M12
2017-12-01 17:39:40,601:DEBUG:1 1963
2017-12-01 17:39:40,604:DEBUG:projects/WRI-Aquaduct/PCRGlobWB20V07/global_historical_riverdischarge_year_m_pfaf06_1960_2014/global_historical_riverdischarge_year_m_pfaf06_1960_2014Y1963M12
2017-12-01 17:39:42,369:DEBUG:1 1964
2017-12-01 17:39:42,371:DEBUG:projects/WRI-Aquaduct/PCRGlobWB20V07/global_historical_riverdischarge_year_m_pfaf06_1960_2014/global_historical_riverdischarge_year_m_pfaf06_1960_2014Y1964M12
2017-12-01 17:39:44,189:DEBUG:1 1965
2017-12-01 17:39:44,192:DEBUG:projects/WRI-Aquaduct/PCRGlobWB20V07/global_historical_riverdischarge_year_m_pfaf06_1960_2014/global_historical_riverdischarge_year_m_pfaf06_1960_2014Y1965M12
2017-12-01 17:39:45,942:DEBUG:1 1966
2017-12-01 17:39:45,945:DEBUG:projects/WRI-Aquaduct/PCRGlobWB20V07/global_historical_riverdischarge_year_m_pfaf06_1960_2014/global_historical_riverdischarge_year_m_pfaf06_1960_2014Y1966M12
2017-12-01 17:39:47,745:DEBUG:1 1967
2017-12-01 17:39:47,748:DEBUG:projects/WRI-Aquaduct/PCRGlobWB20V07/global_historical_riverdischarge_year_m_pfaf06_1960_2014/global_historical_riverdischarge_year_m_pfaf06_1960_2014Y1967M12
2017-12-01 17:39:49,530:DEBUG:1 1968
2017-12-01 17:39:49,533:DEBUG:projects/WRI-Aquaduct/PCRGlobWB20V07/global_historical_riverdischarge_year_m_pfaf06_1960_2014/global_historical_riverdischarge_year_m_pfaf06_1960_2014Y1968M12
2017-12-01 17:39:51,294:DEBUG:1 1969
2017-12-01 17:39:51,297:DEBUG:projects/WRI-Aquaduct/PCRGlobWB20V07/global_historical_riverdischarge_year_m_pfaf06_1960_2014/global_historical_riverdischarge_year_m_pfaf06_1960_2014Y1969M12
2017-12-01 17:39:52,996:DEBUG:1 1970
2017-12-01 17:39:52,998:DEBUG:projects/WRI-Aquaduct/PCRGlobWB20V07/global_historical_riverdischarge_year_m_pfaf06_1960_2014/global_historical_riverdischarge_year_m_pfaf06_1960_2014Y1970M12
2017-12-01 17:39:54,849:DEBUG:1 1971
2017-12-01 17:39:54,852:DEBUG:projects/WRI-Aquaduct/PCRGlobWB20V07/global_historical_riverdischarge_year_m_pfaf06_1960_2014/global_historical_riverdischarge_year_m_pfaf06_1960_2014Y1971M12
2017-12-01 17:39:56,598:DEBUG:1 1972
2017-12-01 17:39:56,601:DEBUG:projects/WRI-Aquaduct/PCRGlobWB20V07/global_historical_riverdischarge_year_m_pfaf06_1960_2014/global_historical_riverdischarge_year_m_pfaf06_1960_2014Y1972M12
2017-12-01 17:39:58,381:DEBUG:1 1973
2017-12-01 17:39:58,384:DEBUG:projects/WRI-Aquaduct/PCRGlobWB20V07/global_historical_riverdischarge_year_m_pfaf06_1960_2014/global_historical_riverdischarge_year_m_pfaf06_1960_2014Y1973M12
2017-12-01 17:40:00,159:DEBUG:1 1974
2017-12-01 17:40:00,162:DEBUG:projects/WRI-Aquaduct/PCRGlobWB20V07/global_historical_riverdischarge_year_m_pfaf06_1960_2014/global_historical_riverdischarge_year_m_pfaf06_1960_2014Y1974M12
2017-12-01 17:40:01,916:DEBUG:1 1975
2017-12-01 17:40:01,919:DEBUG:projects/WRI-Aquaduct/PCRGlobWB20V07/global_historical_riverdischarge_year_m_pfaf06_1960_2014/global_historical_riverdischarge_year_m_pfaf06_1960_2014Y1975M12
2017-12-01 17:40:03,796:DEBUG:1 1976
2017-12-01 17:40:03,798:DEBUG:projects/WRI-Aquaduct/PCRGlobWB20V07/global_historical_riverdischarge_year_m_pfaf06_1960_2014/global_historical_riverdischarge_year_m_pfaf06_1960_2014Y1976M12
2017-12-01 17:40:05,148:DEBUG:1 1977
2017-12-01 17:40:05,151:DEBUG:projects/WRI-Aquaduct/PCRGlobWB20V07/global_historical_riverdischarge_year_m_pfaf06_1960_2014/global_historical_riverdischarge_year_m_pfaf06_1960_2014Y1977M12
2017-12-01 17:40:06,977:DEBUG:1 1978
2017-12-01 17:40:06,980:DEBUG:projects/WRI-Aquaduct/PCRGlobWB20V07/global_historical_riverdischarge_year_m_pfaf06_1960_2014/global_historical_riverdischarge_year_m_pfaf06_1960_2014Y1978M12
2017-12-01 17:40:08,698:DEBUG:1 1979
2017-12-01 17:40:08,700:DEBUG:projects/WRI-Aquaduct/PCRGlobWB20V07/global_historical_riverdischarge_year_m_pfaf06_1960_2014/global_historical_riverdischarge_year_m_pfaf06_1960_2014Y1979M12
2017-12-01 17:40:10,486:DEBUG:1 1980
2017-12-01 17:40:10,489:DEBUG:projects/WRI-Aquaduct/PCRGlobWB20V07/global_historical_riverdischarge_year_m_pfaf06_1960_2014/global_historical_riverdischarge_year_m_pfaf06_1960_2014Y1980M12
2017-12-01 17:40:12,268:DEBUG:1 1981
2017-12-01 17:40:12,271:DEBUG:projects/WRI-Aquaduct/PCRGlobWB20V07/global_historical_riverdischarge_year_m_pfaf06_1960_2014/global_historical_riverdischarge_year_m_pfaf06_1960_2014Y1981M12
2017-12-01 17:40:14,049:DEBUG:1 1982
2017-12-01 17:40:14,051:DEBUG:projects/WRI-Aquaduct/PCRGlobWB20V07/global_historical_riverdischarge_year_m_pfaf06_1960_2014/global_historical_riverdischarge_year_m_pfaf06_1960_2014Y1982M12
2017-12-01 17:40:15,951:DEBUG:1 1983
2017-12-01 17:40:15,954:DEBUG:projects/WRI-Aquaduct/PCRGlobWB20V07/global_historical_riverdischarge_year_m_pfaf06_1960_2014/global_historical_riverdischarge_year_m_pfaf06_1960_2014Y1983M12
2017-12-01 17:40:17,680:DEBUG:1 1984
2017-12-01 17:40:17,683:DEBUG:projects/WRI-Aquaduct/PCRGlobWB20V07/global_historical_riverdischarge_year_m_pfaf06_1960_2014/global_historical_riverdischarge_year_m_pfaf06_1960_2014Y1984M12
2017-12-01 17:40:19,535:DEBUG:1 1985
2017-12-01 17:40:19,537:DEBUG:projects/WRI-Aquaduct/PCRGlobWB20V07/global_historical_riverdischarge_year_m_pfaf06_1960_2014/global_historical_riverdischarge_year_m_pfaf06_1960_2014Y1985M12
2017-12-01 17:40:21,271:DEBUG:1 1986
2017-12-01 17:40:21,274:DEBUG:projects/WRI-Aquaduct/PCRGlobWB20V07/global_historical_riverdischarge_year_m_pfaf06_1960_2014/global_historical_riverdischarge_year_m_pfaf06_1960_2014Y1986M12
2017-12-01 17:40:22,991:DEBUG:1 1987
2017-12-01 17:40:22,994:DEBUG:projects/WRI-Aquaduct/PCRGlobWB20V07/global_historical_riverdischarge_year_m_pfaf06_1960_2014/global_historical_riverdischarge_year_m_pfaf06_1960_2014Y1987M12
2017-12-01 17:40:24,766:DEBUG:1 1988
2017-12-01 17:40:24,769:DEBUG:projects/WRI-Aquaduct/PCRGlobWB20V07/global_historical_riverdischarge_year_m_pfaf06_1960_2014/global_historical_riverdischarge_year_m_pfaf06_1960_2014Y1988M12
2017-12-01 17:40:26,514:DEBUG:1 1989
2017-12-01 17:40:26,517:DEBUG:projects/WRI-Aquaduct/PCRGlobWB20V07/global_historical_riverdischarge_year_m_pfaf06_1960_2014/global_historical_riverdischarge_year_m_pfaf06_1960_2014Y1989M12
2017-12-01 17:40:28,313:DEBUG:1 1990
2017-12-01 17:40:28,316:DEBUG:projects/WRI-Aquaduct/PCRGlobWB20V07/global_historical_riverdischarge_year_m_pfaf06_1960_2014/global_historical_riverdischarge_year_m_pfaf06_1960_2014Y1990M12
2017-12-01 17:40:30,062:DEBUG:1 1991
2017-12-01 17:40:30,064:DEBUG:projects/WRI-Aquaduct/PCRGlobWB20V07/global_historical_riverdischarge_year_m_pfaf06_1960_2014/global_historical_riverdischarge_year_m_pfaf06_1960_2014Y1991M12
2017-12-01 17:40:31,837:DEBUG:1 1992
2017-12-01 17:40:31,840:DEBUG:projects/WRI-Aquaduct/PCRGlobWB20V07/global_historical_riverdischarge_year_m_pfaf06_1960_2014/global_historical_riverdischarge_year_m_pfaf06_1960_2014Y1992M12
2017-12-01 17:40:33,590:DEBUG:1 1993
2017-12-01 17:40:33,593:DEBUG:projects/WRI-Aquaduct/PCRGlobWB20V07/global_historical_riverdischarge_year_m_pfaf06_1960_2014/global_historical_riverdischarge_year_m_pfaf06_1960_2014Y1993M12
2017-12-01 17:40:35,418:DEBUG:1 1994
2017-12-01 17:40:35,421:DEBUG:projects/WRI-Aquaduct/PCRGlobWB20V07/global_historical_riverdischarge_year_m_pfaf06_1960_2014/global_historical_riverdischarge_year_m_pfaf06_1960_2014Y1994M12
2017-12-01 17:40:37,150:DEBUG:1 1995
2017-12-01 17:40:37,153:DEBUG:projects/WRI-Aquaduct/PCRGlobWB20V07/global_historical_riverdischarge_year_m_pfaf06_1960_2014/global_historical_riverdischarge_year_m_pfaf06_1960_2014Y1995M12
2017-12-01 17:40:38,898:DEBUG:1 1996
2017-12-01 17:40:38,901:DEBUG:projects/WRI-Aquaduct/PCRGlobWB20V07/global_historical_riverdischarge_year_m_pfaf06_1960_2014/global_historical_riverdischarge_year_m_pfaf06_1960_2014Y1996M12
2017-12-01 17:40:40,265:DEBUG:1 1997
2017-12-01 17:40:40,268:DEBUG:projects/WRI-Aquaduct/PCRGlobWB20V07/global_historical_riverdischarge_year_m_pfaf06_1960_2014/global_historical_riverdischarge_year_m_pfaf06_1960_2014Y1997M12
2017-12-01 17:40:42,089:DEBUG:1 1998
2017-12-01 17:40:42,092:DEBUG:projects/WRI-Aquaduct/PCRGlobWB20V07/global_historical_riverdischarge_year_m_pfaf06_1960_2014/global_historical_riverdischarge_year_m_pfaf06_1960_2014Y1998M12
2017-12-01 17:40:43,876:DEBUG:1 1999
2017-12-01 17:40:43,879:DEBUG:projects/WRI-Aquaduct/PCRGlobWB20V07/global_historical_riverdischarge_year_m_pfaf06_1960_2014/global_historical_riverdischarge_year_m_pfaf06_1960_2014Y1999M12
2017-12-01 17:40:45,674:DEBUG:1 2000
2017-12-01 17:40:45,677:DEBUG:projects/WRI-Aquaduct/PCRGlobWB20V07/global_historical_riverdischarge_year_m_pfaf06_1960_2014/global_historical_riverdischarge_year_m_pfaf06_1960_2014Y2000M12
2017-12-01 17:40:47,468:DEBUG:1 2001
2017-12-01 17:40:47,471:DEBUG:projects/WRI-Aquaduct/PCRGlobWB20V07/global_historical_riverdischarge_year_m_pfaf06_1960_2014/global_historical_riverdischarge_year_m_pfaf06_1960_2014Y2001M12
2017-12-01 17:40:49,234:DEBUG:1 2002
2017-12-01 17:40:49,236:DEBUG:projects/WRI-Aquaduct/PCRGlobWB20V07/global_historical_riverdischarge_year_m_pfaf06_1960_2014/global_historical_riverdischarge_year_m_pfaf06_1960_2014Y2002M12
2017-12-01 17:40:51,014:DEBUG:1 2003
2017-12-01 17:40:51,016:DEBUG:projects/WRI-Aquaduct/PCRGlobWB20V07/global_historical_riverdischarge_year_m_pfaf06_1960_2014/global_historical_riverdischarge_year_m_pfaf06_1960_2014Y2003M12
2017-12-01 17:40:52,813:DEBUG:1 2004
2017-12-01 17:40:52,815:DEBUG:projects/WRI-Aquaduct/PCRGlobWB20V07/global_historical_riverdischarge_year_m_pfaf06_1960_2014/global_historical_riverdischarge_year_m_pfaf06_1960_2014Y2004M12
2017-12-01 17:40:54,609:DEBUG:1 2005
2017-12-01 17:40:54,612:DEBUG:projects/WRI-Aquaduct/PCRGlobWB20V07/global_historical_riverdischarge_year_m_pfaf06_1960_2014/global_historical_riverdischarge_year_m_pfaf06_1960_2014Y2005M12
2017-12-01 17:40:56,045:DEBUG:1 2006
2017-12-01 17:40:56,048:DEBUG:projects/WRI-Aquaduct/PCRGlobWB20V07/global_historical_riverdischarge_year_m_pfaf06_1960_2014/global_historical_riverdischarge_year_m_pfaf06_1960_2014Y2006M12
2017-12-01 17:40:57,769:DEBUG:1 2007
2017-12-01 17:40:57,771:DEBUG:projects/WRI-Aquaduct/PCRGlobWB20V07/global_historical_riverdischarge_year_m_pfaf06_1960_2014/global_historical_riverdischarge_year_m_pfaf06_1960_2014Y2007M12
2017-12-01 17:40:59,511:DEBUG:1 2008
2017-12-01 17:40:59,514:DEBUG:projects/WRI-Aquaduct/PCRGlobWB20V07/global_historical_riverdischarge_year_m_pfaf06_1960_2014/global_historical_riverdischarge_year_m_pfaf06_1960_2014Y2008M12
2017-12-01 17:41:01,263:DEBUG:1 2009
2017-12-01 17:41:01,266:DEBUG:projects/WRI-Aquaduct/PCRGlobWB20V07/global_historical_riverdischarge_year_m_pfaf06_1960_2014/global_historical_riverdischarge_year_m_pfaf06_1960_2014Y2009M12
2017-12-01 17:41:03,006:DEBUG:1 2010
2017-12-01 17:41:03,008:DEBUG:projects/WRI-Aquaduct/PCRGlobWB20V07/global_historical_riverdischarge_year_m_pfaf06_1960_2014/global_historical_riverdischarge_year_m_pfaf06_1960_2014Y2010M12
2017-12-01 17:41:04,870:DEBUG:1 2011
2017-12-01 17:41:04,872:DEBUG:projects/WRI-Aquaduct/PCRGlobWB20V07/global_historical_riverdischarge_year_m_pfaf06_1960_2014/global_historical_riverdischarge_year_m_pfaf06_1960_2014Y2011M12
2017-12-01 17:41:06,687:DEBUG:1 2012
2017-12-01 17:41:06,690:DEBUG:projects/WRI-Aquaduct/PCRGlobWB20V07/global_historical_riverdischarge_year_m_pfaf06_1960_2014/global_historical_riverdischarge_year_m_pfaf06_1960_2014Y2012M12
2017-12-01 17:41:08,422:DEBUG:1 2013
2017-12-01 17:41:08,425:DEBUG:projects/WRI-Aquaduct/PCRGlobWB20V07/global_historical_riverdischarge_year_m_pfaf06_1960_2014/global_historical_riverdischarge_year_m_pfaf06_1960_2014Y2013M12
2017-12-01 17:41:10,180:DEBUG:1 2014
2017-12-01 17:41:10,182:DEBUG:projects/WRI-Aquaduct/PCRGlobWB20V07/global_historical_riverdischarge_year_m_pfaf06_1960_2014/global_historical_riverdischarge_year_m_pfaf06_1960_2014Y2014M12
