2017-12-01 16:54:07,999:ERROR:Asset projects/WRI-Aquaduct/PCRGlobWB20V07/global_historical_PTotWW_year_m_pfaf06_1960_2014 already exists

2017-12-01 16:54:07,999:DEBUG:0 1960
2017-12-01 16:54:08,003:DEBUG:projects/WRI-Aquaduct/PCRGlobWB20V07/global_historical_PTotWW_year_m_pfaf06_1960_2014/global_historical_PTotWW_year_m_pfaf06_1960_2014Y1960M12
2017-12-01 16:54:09,812:DEBUG:0 1961
2017-12-01 16:54:09,815:DEBUG:projects/WRI-Aquaduct/PCRGlobWB20V07/global_historical_PTotWW_year_m_pfaf06_1960_2014/global_historical_PTotWW_year_m_pfaf06_1960_2014Y1961M12
2017-12-01 16:54:11,561:DEBUG:0 1962
2017-12-01 16:54:11,564:DEBUG:projects/WRI-Aquaduct/PCRGlobWB20V07/global_historical_PTotWW_year_m_pfaf06_1960_2014/global_historical_PTotWW_year_m_pfaf06_1960_2014Y1962M12
2017-12-01 16:54:13,304:DEBUG:0 1963
2017-12-01 16:54:13,307:DEBUG:projects/WRI-Aquaduct/PCRGlobWB20V07/global_historical_PTotWW_year_m_pfaf06_1960_2014/global_historical_PTotWW_year_m_pfaf06_1960_2014Y1963M12
2017-12-01 16:54:15,053:DEBUG:0 1964
2017-12-01 16:54:15,055:DEBUG:projects/WRI-Aquaduct/PCRGlobWB20V07/global_historical_PTotWW_year_m_pfaf06_1960_2014/global_historical_PTotWW_year_m_pfaf06_1960_2014Y1964M12
2017-12-01 16:54:16,832:DEBUG:0 1965
2017-12-01 16:54:16,835:DEBUG:projects/WRI-Aquaduct/PCRGlobWB20V07/global_historical_PTotWW_year_m_pfaf06_1960_2014/global_historical_PTotWW_year_m_pfaf06_1960_2014Y1965M12
2017-12-01 16:54:18,552:DEBUG:0 1966
2017-12-01 16:54:18,555:DEBUG:projects/WRI-Aquaduct/PCRGlobWB20V07/global_historical_PTotWW_year_m_pfaf06_1960_2014/global_historical_PTotWW_year_m_pfaf06_1960_2014Y1966M12
2017-12-01 16:54:20,310:DEBUG:0 1967
2017-12-01 16:54:20,313:DEBUG:projects/WRI-Aquaduct/PCRGlobWB20V07/global_historical_PTotWW_year_m_pfaf06_1960_2014/global_historical_PTotWW_year_m_pfaf06_1960_2014Y1967M12
2017-12-01 16:54:22,107:DEBUG:0 1968
2017-12-01 16:54:22,110:DEBUG:projects/WRI-Aquaduct/PCRGlobWB20V07/global_historical_PTotWW_year_m_pfaf06_1960_2014/global_historical_PTotWW_year_m_pfaf06_1960_2014Y1968M12
2017-12-01 16:54:23,847:DEBUG:0 1969
2017-12-01 16:54:23,850:DEBUG:projects/WRI-Aquaduct/PCRGlobWB20V07/global_historical_PTotWW_year_m_pfaf06_1960_2014/global_historical_PTotWW_year_m_pfaf06_1960_2014Y1969M12
2017-12-01 16:54:25,728:DEBUG:0 1970
2017-12-01 16:54:25,730:DEBUG:projects/WRI-Aquaduct/PCRGlobWB20V07/global_historical_PTotWW_year_m_pfaf06_1960_2014/global_historical_PTotWW_year_m_pfaf06_1960_2014Y1970M12
2017-12-01 16:54:27,464:DEBUG:0 1971
2017-12-01 16:54:27,467:DEBUG:projects/WRI-Aquaduct/PCRGlobWB20V07/global_historical_PTotWW_year_m_pfaf06_1960_2014/global_historical_PTotWW_year_m_pfaf06_1960_2014Y1971M12
2017-12-01 16:54:29,206:DEBUG:0 1972
2017-12-01 16:54:29,208:DEBUG:projects/WRI-Aquaduct/PCRGlobWB20V07/global_historical_PTotWW_year_m_pfaf06_1960_2014/global_historical_PTotWW_year_m_pfaf06_1960_2014Y1972M12
2017-12-01 16:54:30,967:DEBUG:0 1973
2017-12-01 16:54:30,970:DEBUG:projects/WRI-Aquaduct/PCRGlobWB20V07/global_historical_PTotWW_year_m_pfaf06_1960_2014/global_historical_PTotWW_year_m_pfaf06_1960_2014Y1973M12
2017-12-01 16:54:32,820:DEBUG:0 1974
2017-12-01 16:54:32,822:DEBUG:projects/WRI-Aquaduct/PCRGlobWB20V07/global_historical_PTotWW_year_m_pfaf06_1960_2014/global_historical_PTotWW_year_m_pfaf06_1960_2014Y1974M12
2017-12-01 16:54:34,670:DEBUG:0 1975
2017-12-01 16:54:34,673:DEBUG:projects/WRI-Aquaduct/PCRGlobWB20V07/global_historical_PTotWW_year_m_pfaf06_1960_2014/global_historical_PTotWW_year_m_pfaf06_1960_2014Y1975M12
2017-12-01 16:54:36,405:DEBUG:0 1976
2017-12-01 16:54:36,408:DEBUG:projects/WRI-Aquaduct/PCRGlobWB20V07/global_historical_PTotWW_year_m_pfaf06_1960_2014/global_historical_PTotWW_year_m_pfaf06_1960_2014Y1976M12
2017-12-01 16:54:38,157:DEBUG:0 1977
2017-12-01 16:54:38,160:DEBUG:projects/WRI-Aquaduct/PCRGlobWB20V07/global_historical_PTotWW_year_m_pfaf06_1960_2014/global_historical_PTotWW_year_m_pfaf06_1960_2014Y1977M12
2017-12-01 16:54:39,924:DEBUG:0 1978
2017-12-01 16:54:39,926:DEBUG:projects/WRI-Aquaduct/PCRGlobWB20V07/global_historical_PTotWW_year_m_pfaf06_1960_2014/global_historical_PTotWW_year_m_pfaf06_1960_2014Y1978M12
2017-12-01 16:54:41,668:DEBUG:0 1979
2017-12-01 16:54:41,671:DEBUG:projects/WRI-Aquaduct/PCRGlobWB20V07/global_historical_PTotWW_year_m_pfaf06_1960_2014/global_historical_PTotWW_year_m_pfaf06_1960_2014Y1979M12
2017-12-01 16:54:43,522:DEBUG:0 1980
2017-12-01 16:54:43,525:DEBUG:projects/WRI-Aquaduct/PCRGlobWB20V07/global_historical_PTotWW_year_m_pfaf06_1960_2014/global_historical_PTotWW_year_m_pfaf06_1960_2014Y1980M12
2017-12-01 16:54:45,359:DEBUG:0 1981
2017-12-01 16:54:45,362:DEBUG:projects/WRI-Aquaduct/PCRGlobWB20V07/global_historical_PTotWW_year_m_pfaf06_1960_2014/global_historical_PTotWW_year_m_pfaf06_1960_2014Y1981M12
2017-12-01 16:54:47,129:DEBUG:0 1982
2017-12-01 16:54:47,132:DEBUG:projects/WRI-Aquaduct/PCRGlobWB20V07/global_historical_PTotWW_year_m_pfaf06_1960_2014/global_historical_PTotWW_year_m_pfaf06_1960_2014Y1982M12
2017-12-01 16:54:48,916:DEBUG:0 1983
2017-12-01 16:54:48,919:DEBUG:projects/WRI-Aquaduct/PCRGlobWB20V07/global_historical_PTotWW_year_m_pfaf06_1960_2014/global_historical_PTotWW_year_m_pfaf06_1960_2014Y1983M12
2017-12-01 16:54:50,696:DEBUG:0 1984
2017-12-01 16:54:50,699:DEBUG:projects/WRI-Aquaduct/PCRGlobWB20V07/global_historical_PTotWW_year_m_pfaf06_1960_2014/global_historical_PTotWW_year_m_pfaf06_1960_2014Y1984M12
2017-12-01 16:54:52,448:DEBUG:0 1985
2017-12-01 16:54:52,451:DEBUG:projects/WRI-Aquaduct/PCRGlobWB20V07/global_historical_PTotWW_year_m_pfaf06_1960_2014/global_historical_PTotWW_year_m_pfaf06_1960_2014Y1985M12
2017-12-01 16:54:54,254:DEBUG:0 1986
2017-12-01 16:54:54,257:DEBUG:projects/WRI-Aquaduct/PCRGlobWB20V07/global_historical_PTotWW_year_m_pfaf06_1960_2014/global_historical_PTotWW_year_m_pfaf06_1960_2014Y1986M12
2017-12-01 16:54:55,991:DEBUG:0 1987
2017-12-01 16:54:55,994:DEBUG:projects/WRI-Aquaduct/PCRGlobWB20V07/global_historical_PTotWW_year_m_pfaf06_1960_2014/global_historical_PTotWW_year_m_pfaf06_1960_2014Y1987M12
2017-12-01 16:54:57,715:DEBUG:0 1988
2017-12-01 16:54:57,718:DEBUG:projects/WRI-Aquaduct/PCRGlobWB20V07/global_historical_PTotWW_year_m_pfaf06_1960_2014/global_historical_PTotWW_year_m_pfaf06_1960_2014Y1988M12
2017-12-01 16:54:59,512:DEBUG:0 1989
2017-12-01 16:54:59,515:DEBUG:projects/WRI-Aquaduct/PCRGlobWB20V07/global_historical_PTotWW_year_m_pfaf06_1960_2014/global_historical_PTotWW_year_m_pfaf06_1960_2014Y1989M12
2017-12-01 16:55:01,330:DEBUG:0 1990
2017-12-01 16:55:01,332:DEBUG:projects/WRI-Aquaduct/PCRGlobWB20V07/global_historical_PTotWW_year_m_pfaf06_1960_2014/global_historical_PTotWW_year_m_pfaf06_1960_2014Y1990M12
2017-12-01 16:55:03,122:DEBUG:0 1991
2017-12-01 16:55:03,124:DEBUG:projects/WRI-Aquaduct/PCRGlobWB20V07/global_historical_PTotWW_year_m_pfaf06_1960_2014/global_historical_PTotWW_year_m_pfaf06_1960_2014Y1991M12
2017-12-01 16:55:04,943:DEBUG:0 1992
2017-12-01 16:55:04,946:DEBUG:projects/WRI-Aquaduct/PCRGlobWB20V07/global_historical_PTotWW_year_m_pfaf06_1960_2014/global_historical_PTotWW_year_m_pfaf06_1960_2014Y1992M12
2017-12-01 16:55:06,693:DEBUG:0 1993
2017-12-01 16:55:06,696:DEBUG:projects/WRI-Aquaduct/PCRGlobWB20V07/global_historical_PTotWW_year_m_pfaf06_1960_2014/global_historical_PTotWW_year_m_pfaf06_1960_2014Y1993M12
2017-12-01 16:55:08,442:DEBUG:0 1994
2017-12-01 16:55:08,444:DEBUG:projects/WRI-Aquaduct/PCRGlobWB20V07/global_historical_PTotWW_year_m_pfaf06_1960_2014/global_historical_PTotWW_year_m_pfaf06_1960_2014Y1994M12
2017-12-01 16:55:10,171:DEBUG:0 1995
2017-12-01 16:55:10,174:DEBUG:projects/WRI-Aquaduct/PCRGlobWB20V07/global_historical_PTotWW_year_m_pfaf06_1960_2014/global_historical_PTotWW_year_m_pfaf06_1960_2014Y1995M12
2017-12-01 16:55:11,939:DEBUG:0 1996
2017-12-01 16:55:11,942:DEBUG:projects/WRI-Aquaduct/PCRGlobWB20V07/global_historical_PTotWW_year_m_pfaf06_1960_2014/global_historical_PTotWW_year_m_pfaf06_1960_2014Y1996M12
2017-12-01 16:55:13,670:DEBUG:0 1997
2017-12-01 16:55:13,672:DEBUG:projects/WRI-Aquaduct/PCRGlobWB20V07/global_historical_PTotWW_year_m_pfaf06_1960_2014/global_historical_PTotWW_year_m_pfaf06_1960_2014Y1997M12
2017-12-01 16:55:15,410:DEBUG:0 1998
2017-12-01 16:55:15,413:DEBUG:projects/WRI-Aquaduct/PCRGlobWB20V07/global_historical_PTotWW_year_m_pfaf06_1960_2014/global_historical_PTotWW_year_m_pfaf06_1960_2014Y1998M12
2017-12-01 16:55:17,150:DEBUG:0 1999
2017-12-01 16:55:17,153:DEBUG:projects/WRI-Aquaduct/PCRGlobWB20V07/global_historical_PTotWW_year_m_pfaf06_1960_2014/global_historical_PTotWW_year_m_pfaf06_1960_2014Y1999M12
2017-12-01 16:55:18,879:DEBUG:0 2000
2017-12-01 16:55:18,881:DEBUG:projects/WRI-Aquaduct/PCRGlobWB20V07/global_historical_PTotWW_year_m_pfaf06_1960_2014/global_historical_PTotWW_year_m_pfaf06_1960_2014Y2000M12
2017-12-01 16:55:20,850:DEBUG:0 2001
2017-12-01 16:55:20,853:DEBUG:projects/WRI-Aquaduct/PCRGlobWB20V07/global_historical_PTotWW_year_m_pfaf06_1960_2014/global_historical_PTotWW_year_m_pfaf06_1960_2014Y2001M12
2017-12-01 16:55:22,599:DEBUG:0 2002
2017-12-01 16:55:22,601:DEBUG:projects/WRI-Aquaduct/PCRGlobWB20V07/global_historical_PTotWW_year_m_pfaf06_1960_2014/global_historical_PTotWW_year_m_pfaf06_1960_2014Y2002M12
2017-12-01 16:55:24,506:DEBUG:0 2003
2017-12-01 16:55:24,509:DEBUG:projects/WRI-Aquaduct/PCRGlobWB20V07/global_historical_PTotWW_year_m_pfaf06_1960_2014/global_historical_PTotWW_year_m_pfaf06_1960_2014Y2003M12
2017-12-01 16:55:26,462:DEBUG:0 2004
2017-12-01 16:55:26,465:DEBUG:projects/WRI-Aquaduct/PCRGlobWB20V07/global_historical_PTotWW_year_m_pfaf06_1960_2014/global_historical_PTotWW_year_m_pfaf06_1960_2014Y2004M12
2017-12-01 16:55:28,352:DEBUG:0 2005
2017-12-01 16:55:28,355:DEBUG:projects/WRI-Aquaduct/PCRGlobWB20V07/global_historical_PTotWW_year_m_pfaf06_1960_2014/global_historical_PTotWW_year_m_pfaf06_1960_2014Y2005M12
2017-12-01 16:55:30,280:DEBUG:0 2006
2017-12-01 16:55:30,283:DEBUG:projects/WRI-Aquaduct/PCRGlobWB20V07/global_historical_PTotWW_year_m_pfaf06_1960_2014/global_historical_PTotWW_year_m_pfaf06_1960_2014Y2006M12
2017-12-01 16:55:32,195:DEBUG:0 2007
2017-12-01 16:55:32,198:DEBUG:projects/WRI-Aquaduct/PCRGlobWB20V07/global_historical_PTotWW_year_m_pfaf06_1960_2014/global_historical_PTotWW_year_m_pfaf06_1960_2014Y2007M12
2017-12-01 16:55:34,135:DEBUG:0 2008
2017-12-01 16:55:34,137:DEBUG:projects/WRI-Aquaduct/PCRGlobWB20V07/global_historical_PTotWW_year_m_pfaf06_1960_2014/global_historical_PTotWW_year_m_pfaf06_1960_2014Y2008M12
2017-12-01 16:55:36,080:DEBUG:0 2009
2017-12-01 16:55:36,083:DEBUG:projects/WRI-Aquaduct/PCRGlobWB20V07/global_historical_PTotWW_year_m_pfaf06_1960_2014/global_historical_PTotWW_year_m_pfaf06_1960_2014Y2009M12
2017-12-01 16:55:38,001:DEBUG:0 2010
2017-12-01 16:55:38,004:DEBUG:projects/WRI-Aquaduct/PCRGlobWB20V07/global_historical_PTotWW_year_m_pfaf06_1960_2014/global_historical_PTotWW_year_m_pfaf06_1960_2014Y2010M12
2017-12-01 16:55:39,920:DEBUG:0 2011
2017-12-01 16:55:39,923:DEBUG:projects/WRI-Aquaduct/PCRGlobWB20V07/global_historical_PTotWW_year_m_pfaf06_1960_2014/global_historical_PTotWW_year_m_pfaf06_1960_2014Y2011M12
2017-12-01 16:55:41,948:DEBUG:0 2012
2017-12-01 16:55:41,951:DEBUG:projects/WRI-Aquaduct/PCRGlobWB20V07/global_historical_PTotWW_year_m_pfaf06_1960_2014/global_historical_PTotWW_year_m_pfaf06_1960_2014Y2012M12
2017-12-01 16:55:43,810:DEBUG:0 2013
2017-12-01 16:55:43,813:DEBUG:projects/WRI-Aquaduct/PCRGlobWB20V07/global_historical_PTotWW_year_m_pfaf06_1960_2014/global_historical_PTotWW_year_m_pfaf06_1960_2014Y2013M12
2017-12-01 16:55:45,723:DEBUG:0 2014
2017-12-01 16:55:45,726:DEBUG:projects/WRI-Aquaduct/PCRGlobWB20V07/global_historical_PTotWW_year_m_pfaf06_1960_2014/global_historical_PTotWW_year_m_pfaf06_1960_2014Y2014M12
2017-12-01 16:55:49,848:ERROR:Asset projects/WRI-Aquaduct/PCRGlobWB20V07/global_historical_riverdischarge_year_m_pfaf06_1960_2014 already exists

2017-12-01 16:55:49,849:DEBUG:1 1960
2017-12-01 16:55:49,852:DEBUG:projects/WRI-Aquaduct/PCRGlobWB20V07/global_historical_riverdischarge_year_m_pfaf06_1960_2014/global_historical_riverdischarge_year_m_pfaf06_1960_2014Y1960M12
2017-12-01 16:55:51,854:DEBUG:1 1961
2017-12-01 16:55:51,857:DEBUG:projects/WRI-Aquaduct/PCRGlobWB20V07/global_historical_riverdischarge_year_m_pfaf06_1960_2014/global_historical_riverdischarge_year_m_pfaf06_1960_2014Y1961M12
2017-12-01 16:55:53,787:DEBUG:1 1962
2017-12-01 16:55:53,790:DEBUG:projects/WRI-Aquaduct/PCRGlobWB20V07/global_historical_riverdischarge_year_m_pfaf06_1960_2014/global_historical_riverdischarge_year_m_pfaf06_1960_2014Y1962M12
2017-12-01 16:55:55,689:DEBUG:1 1963
2017-12-01 16:55:55,691:DEBUG:projects/WRI-Aquaduct/PCRGlobWB20V07/global_historical_riverdischarge_year_m_pfaf06_1960_2014/global_historical_riverdischarge_year_m_pfaf06_1960_2014Y1963M12
2017-12-01 16:55:57,594:DEBUG:1 1964
2017-12-01 16:55:57,597:DEBUG:projects/WRI-Aquaduct/PCRGlobWB20V07/global_historical_riverdischarge_year_m_pfaf06_1960_2014/global_historical_riverdischarge_year_m_pfaf06_1960_2014Y1964M12
2017-12-01 16:55:59,520:DEBUG:1 1965
2017-12-01 16:55:59,523:DEBUG:projects/WRI-Aquaduct/PCRGlobWB20V07/global_historical_riverdischarge_year_m_pfaf06_1960_2014/global_historical_riverdischarge_year_m_pfaf06_1960_2014Y1965M12
2017-12-01 16:56:01,479:DEBUG:1 1966
2017-12-01 16:56:01,481:DEBUG:projects/WRI-Aquaduct/PCRGlobWB20V07/global_historical_riverdischarge_year_m_pfaf06_1960_2014/global_historical_riverdischarge_year_m_pfaf06_1960_2014Y1966M12
2017-12-01 16:56:03,478:DEBUG:1 1967
2017-12-01 16:56:03,480:DEBUG:projects/WRI-Aquaduct/PCRGlobWB20V07/global_historical_riverdischarge_year_m_pfaf06_1960_2014/global_historical_riverdischarge_year_m_pfaf06_1960_2014Y1967M12
2017-12-01 16:56:05,508:DEBUG:1 1968
2017-12-01 16:56:05,510:DEBUG:projects/WRI-Aquaduct/PCRGlobWB20V07/global_historical_riverdischarge_year_m_pfaf06_1960_2014/global_historical_riverdischarge_year_m_pfaf06_1960_2014Y1968M12
2017-12-01 16:56:07,439:DEBUG:1 1969
2017-12-01 16:56:07,441:DEBUG:projects/WRI-Aquaduct/PCRGlobWB20V07/global_historical_riverdischarge_year_m_pfaf06_1960_2014/global_historical_riverdischarge_year_m_pfaf06_1960_2014Y1969M12
2017-12-01 16:56:09,476:DEBUG:1 1970
2017-12-01 16:56:09,479:DEBUG:projects/WRI-Aquaduct/PCRGlobWB20V07/global_historical_riverdischarge_year_m_pfaf06_1960_2014/global_historical_riverdischarge_year_m_pfaf06_1960_2014Y1970M12
2017-12-01 16:56:11,421:DEBUG:1 1971
2017-12-01 16:56:11,423:DEBUG:projects/WRI-Aquaduct/PCRGlobWB20V07/global_historical_riverdischarge_year_m_pfaf06_1960_2014/global_historical_riverdischarge_year_m_pfaf06_1960_2014Y1971M12
2017-12-01 16:56:13,340:DEBUG:1 1972
2017-12-01 16:56:13,343:DEBUG:projects/WRI-Aquaduct/PCRGlobWB20V07/global_historical_riverdischarge_year_m_pfaf06_1960_2014/global_historical_riverdischarge_year_m_pfaf06_1960_2014Y1972M12
2017-12-01 16:56:15,338:DEBUG:1 1973
2017-12-01 16:56:15,340:DEBUG:projects/WRI-Aquaduct/PCRGlobWB20V07/global_historical_riverdischarge_year_m_pfaf06_1960_2014/global_historical_riverdischarge_year_m_pfaf06_1960_2014Y1973M12
2017-12-01 16:56:17,294:DEBUG:1 1974
2017-12-01 16:56:17,296:DEBUG:projects/WRI-Aquaduct/PCRGlobWB20V07/global_historical_riverdischarge_year_m_pfaf06_1960_2014/global_historical_riverdischarge_year_m_pfaf06_1960_2014Y1974M12
2017-12-01 16:56:19,258:DEBUG:1 1975
2017-12-01 16:56:19,261:DEBUG:projects/WRI-Aquaduct/PCRGlobWB20V07/global_historical_riverdischarge_year_m_pfaf06_1960_2014/global_historical_riverdischarge_year_m_pfaf06_1960_2014Y1975M12
2017-12-01 16:56:21,188:DEBUG:1 1976
2017-12-01 16:56:21,190:DEBUG:projects/WRI-Aquaduct/PCRGlobWB20V07/global_historical_riverdischarge_year_m_pfaf06_1960_2014/global_historical_riverdischarge_year_m_pfaf06_1960_2014Y1976M12
2017-12-01 16:56:23,113:DEBUG:1 1977
2017-12-01 16:56:23,115:DEBUG:projects/WRI-Aquaduct/PCRGlobWB20V07/global_historical_riverdischarge_year_m_pfaf06_1960_2014/global_historical_riverdischarge_year_m_pfaf06_1960_2014Y1977M12
2017-12-01 16:56:24,596:DEBUG:1 1978
2017-12-01 16:56:24,598:DEBUG:projects/WRI-Aquaduct/PCRGlobWB20V07/global_historical_riverdischarge_year_m_pfaf06_1960_2014/global_historical_riverdischarge_year_m_pfaf06_1960_2014Y1978M12
2017-12-01 16:56:26,567:DEBUG:1 1979
2017-12-01 16:56:26,570:DEBUG:projects/WRI-Aquaduct/PCRGlobWB20V07/global_historical_riverdischarge_year_m_pfaf06_1960_2014/global_historical_riverdischarge_year_m_pfaf06_1960_2014Y1979M12
2017-12-01 16:56:28,518:DEBUG:1 1980
2017-12-01 16:56:28,521:DEBUG:projects/WRI-Aquaduct/PCRGlobWB20V07/global_historical_riverdischarge_year_m_pfaf06_1960_2014/global_historical_riverdischarge_year_m_pfaf06_1960_2014Y1980M12
2017-12-01 16:56:30,436:DEBUG:1 1981
2017-12-01 16:56:30,439:DEBUG:projects/WRI-Aquaduct/PCRGlobWB20V07/global_historical_riverdischarge_year_m_pfaf06_1960_2014/global_historical_riverdischarge_year_m_pfaf06_1960_2014Y1981M12
2017-12-01 16:56:32,366:DEBUG:1 1982
2017-12-01 16:56:32,368:DEBUG:projects/WRI-Aquaduct/PCRGlobWB20V07/global_historical_riverdischarge_year_m_pfaf06_1960_2014/global_historical_riverdischarge_year_m_pfaf06_1960_2014Y1982M12
2017-12-01 16:56:34,356:DEBUG:1 1983
2017-12-01 16:56:34,358:DEBUG:projects/WRI-Aquaduct/PCRGlobWB20V07/global_historical_riverdischarge_year_m_pfaf06_1960_2014/global_historical_riverdischarge_year_m_pfaf06_1960_2014Y1983M12
2017-12-01 16:56:35,810:DEBUG:1 1984
2017-12-01 16:56:35,813:DEBUG:projects/WRI-Aquaduct/PCRGlobWB20V07/global_historical_riverdischarge_year_m_pfaf06_1960_2014/global_historical_riverdischarge_year_m_pfaf06_1960_2014Y1984M12
2017-12-01 16:56:37,787:DEBUG:1 1985
2017-12-01 16:56:37,790:DEBUG:projects/WRI-Aquaduct/PCRGlobWB20V07/global_historical_riverdischarge_year_m_pfaf06_1960_2014/global_historical_riverdischarge_year_m_pfaf06_1960_2014Y1985M12
2017-12-01 16:56:39,700:DEBUG:1 1986
2017-12-01 16:56:39,702:DEBUG:projects/WRI-Aquaduct/PCRGlobWB20V07/global_historical_riverdischarge_year_m_pfaf06_1960_2014/global_historical_riverdischarge_year_m_pfaf06_1960_2014Y1986M12
2017-12-01 16:56:41,622:DEBUG:1 1987
2017-12-01 16:56:41,625:DEBUG:projects/WRI-Aquaduct/PCRGlobWB20V07/global_historical_riverdischarge_year_m_pfaf06_1960_2014/global_historical_riverdischarge_year_m_pfaf06_1960_2014Y1987M12
2017-12-01 16:56:43,552:DEBUG:1 1988
2017-12-01 16:56:43,554:DEBUG:projects/WRI-Aquaduct/PCRGlobWB20V07/global_historical_riverdischarge_year_m_pfaf06_1960_2014/global_historical_riverdischarge_year_m_pfaf06_1960_2014Y1988M12
2017-12-01 16:56:45,439:DEBUG:1 1989
2017-12-01 16:56:45,442:DEBUG:projects/WRI-Aquaduct/PCRGlobWB20V07/global_historical_riverdischarge_year_m_pfaf06_1960_2014/global_historical_riverdischarge_year_m_pfaf06_1960_2014Y1989M12
2017-12-01 16:56:47,388:DEBUG:1 1990
2017-12-01 16:56:47,391:DEBUG:projects/WRI-Aquaduct/PCRGlobWB20V07/global_historical_riverdischarge_year_m_pfaf06_1960_2014/global_historical_riverdischarge_year_m_pfaf06_1960_2014Y1990M12
2017-12-01 16:56:49,458:DEBUG:1 1991
2017-12-01 16:56:49,461:DEBUG:projects/WRI-Aquaduct/PCRGlobWB20V07/global_historical_riverdischarge_year_m_pfaf06_1960_2014/global_historical_riverdischarge_year_m_pfaf06_1960_2014Y1991M12
2017-12-01 16:56:51,378:DEBUG:1 1992
2017-12-01 16:56:51,381:DEBUG:projects/WRI-Aquaduct/PCRGlobWB20V07/global_historical_riverdischarge_year_m_pfaf06_1960_2014/global_historical_riverdischarge_year_m_pfaf06_1960_2014Y1992M12
2017-12-01 16:56:53,337:DEBUG:1 1993
2017-12-01 16:56:53,340:DEBUG:projects/WRI-Aquaduct/PCRGlobWB20V07/global_historical_riverdischarge_year_m_pfaf06_1960_2014/global_historical_riverdischarge_year_m_pfaf06_1960_2014Y1993M12
2017-12-01 16:56:55,243:DEBUG:1 1994
2017-12-01 16:56:55,245:DEBUG:projects/WRI-Aquaduct/PCRGlobWB20V07/global_historical_riverdischarge_year_m_pfaf06_1960_2014/global_historical_riverdischarge_year_m_pfaf06_1960_2014Y1994M12
2017-12-01 16:56:57,204:DEBUG:1 1995
2017-12-01 16:56:57,207:DEBUG:projects/WRI-Aquaduct/PCRGlobWB20V07/global_historical_riverdischarge_year_m_pfaf06_1960_2014/global_historical_riverdischarge_year_m_pfaf06_1960_2014Y1995M12
2017-12-01 16:56:59,346:DEBUG:1 1996
2017-12-01 16:56:59,349:DEBUG:projects/WRI-Aquaduct/PCRGlobWB20V07/global_historical_riverdischarge_year_m_pfaf06_1960_2014/global_historical_riverdischarge_year_m_pfaf06_1960_2014Y1996M12
2017-12-01 16:57:01,401:DEBUG:1 1997
2017-12-01 16:57:01,403:DEBUG:projects/WRI-Aquaduct/PCRGlobWB20V07/global_historical_riverdischarge_year_m_pfaf06_1960_2014/global_historical_riverdischarge_year_m_pfaf06_1960_2014Y1997M12
2017-12-01 16:57:03,320:DEBUG:1 1998
2017-12-01 16:57:03,322:DEBUG:projects/WRI-Aquaduct/PCRGlobWB20V07/global_historical_riverdischarge_year_m_pfaf06_1960_2014/global_historical_riverdischarge_year_m_pfaf06_1960_2014Y1998M12
2017-12-01 16:57:05,335:DEBUG:1 1999
2017-12-01 16:57:05,337:DEBUG:projects/WRI-Aquaduct/PCRGlobWB20V07/global_historical_riverdischarge_year_m_pfaf06_1960_2014/global_historical_riverdischarge_year_m_pfaf06_1960_2014Y1999M12
2017-12-01 16:57:07,268:DEBUG:1 2000
2017-12-01 16:57:07,271:DEBUG:projects/WRI-Aquaduct/PCRGlobWB20V07/global_historical_riverdischarge_year_m_pfaf06_1960_2014/global_historical_riverdischarge_year_m_pfaf06_1960_2014Y2000M12
2017-12-01 16:57:09,220:DEBUG:1 2001
2017-12-01 16:57:09,222:DEBUG:projects/WRI-Aquaduct/PCRGlobWB20V07/global_historical_riverdischarge_year_m_pfaf06_1960_2014/global_historical_riverdischarge_year_m_pfaf06_1960_2014Y2001M12
2017-12-01 16:57:11,134:DEBUG:1 2002
2017-12-01 16:57:11,137:DEBUG:projects/WRI-Aquaduct/PCRGlobWB20V07/global_historical_riverdischarge_year_m_pfaf06_1960_2014/global_historical_riverdischarge_year_m_pfaf06_1960_2014Y2002M12
2017-12-01 16:57:13,098:DEBUG:1 2003
2017-12-01 16:57:13,100:DEBUG:projects/WRI-Aquaduct/PCRGlobWB20V07/global_historical_riverdischarge_year_m_pfaf06_1960_2014/global_historical_riverdischarge_year_m_pfaf06_1960_2014Y2003M12
2017-12-01 16:57:14,997:DEBUG:1 2004
2017-12-01 16:57:15,000:DEBUG:projects/WRI-Aquaduct/PCRGlobWB20V07/global_historical_riverdischarge_year_m_pfaf06_1960_2014/global_historical_riverdischarge_year_m_pfaf06_1960_2014Y2004M12
2017-12-01 16:57:16,933:DEBUG:1 2005
2017-12-01 16:57:16,936:DEBUG:projects/WRI-Aquaduct/PCRGlobWB20V07/global_historical_riverdischarge_year_m_pfaf06_1960_2014/global_historical_riverdischarge_year_m_pfaf06_1960_2014Y2005M12
2017-12-01 16:57:18,852:DEBUG:1 2006
2017-12-01 16:57:18,855:DEBUG:projects/WRI-Aquaduct/PCRGlobWB20V07/global_historical_riverdischarge_year_m_pfaf06_1960_2014/global_historical_riverdischarge_year_m_pfaf06_1960_2014Y2006M12
2017-12-01 16:57:20,783:DEBUG:1 2007
2017-12-01 16:57:20,785:DEBUG:projects/WRI-Aquaduct/PCRGlobWB20V07/global_historical_riverdischarge_year_m_pfaf06_1960_2014/global_historical_riverdischarge_year_m_pfaf06_1960_2014Y2007M12
2017-12-01 16:57:22,703:DEBUG:1 2008
2017-12-01 16:57:22,705:DEBUG:projects/WRI-Aquaduct/PCRGlobWB20V07/global_historical_riverdischarge_year_m_pfaf06_1960_2014/global_historical_riverdischarge_year_m_pfaf06_1960_2014Y2008M12
2017-12-01 16:57:24,563:DEBUG:1 2009
2017-12-01 16:57:24,566:DEBUG:projects/WRI-Aquaduct/PCRGlobWB20V07/global_historical_riverdischarge_year_m_pfaf06_1960_2014/global_historical_riverdischarge_year_m_pfaf06_1960_2014Y2009M12
2017-12-01 16:57:26,290:DEBUG:1 2010
2017-12-01 16:57:26,293:DEBUG:projects/WRI-Aquaduct/PCRGlobWB20V07/global_historical_riverdischarge_year_m_pfaf06_1960_2014/global_historical_riverdischarge_year_m_pfaf06_1960_2014Y2010M12
2017-12-01 16:57:28,061:DEBUG:1 2011
2017-12-01 16:57:28,064:DEBUG:projects/WRI-Aquaduct/PCRGlobWB20V07/global_historical_riverdischarge_year_m_pfaf06_1960_2014/global_historical_riverdischarge_year_m_pfaf06_1960_2014Y2011M12
2017-12-01 16:57:29,835:DEBUG:1 2012
2017-12-01 16:57:29,838:DEBUG:projects/WRI-Aquaduct/PCRGlobWB20V07/global_historical_riverdischarge_year_m_pfaf06_1960_2014/global_historical_riverdischarge_year_m_pfaf06_1960_2014Y2012M12
2017-12-01 16:57:31,608:DEBUG:1 2013
2017-12-01 16:57:31,611:DEBUG:projects/WRI-Aquaduct/PCRGlobWB20V07/global_historical_riverdischarge_year_m_pfaf06_1960_2014/global_historical_riverdischarge_year_m_pfaf06_1960_2014Y2013M12
2017-12-01 16:57:33,375:DEBUG:1 2014
2017-12-01 16:57:33,378:DEBUG:projects/WRI-Aquaduct/PCRGlobWB20V07/global_historical_riverdischarge_year_m_pfaf06_1960_2014/global_historical_riverdischarge_year_m_pfaf06_1960_2014Y2014M12
2017-12-01 17:26:36,760:ERROR:Asset projects/WRI-Aquaduct/PCRGlobWB20V07/global_historical_PTotWW_year_m_pfaf06_1960_2014 already exists

2017-12-01 17:26:36,761:DEBUG:0 1960
2017-12-01 17:26:36,764:DEBUG:projects/WRI-Aquaduct/PCRGlobWB20V07/global_historical_PTotWW_year_m_pfaf06_1960_2014/global_historical_PTotWW_year_m_pfaf06_1960_2014Y1960M12
2017-12-01 17:27:39,354:ERROR:Asset projects/WRI-Aquaduct/PCRGlobWB20V07/global_historical_riverdischarge_year_m_pfaf06_1960_2014 already exists

2017-12-01 17:27:39,354:DEBUG:1 1960
2017-12-01 17:27:39,357:DEBUG:projects/WRI-Aquaduct/PCRGlobWB20V07/global_historical_riverdischarge_year_m_pfaf06_1960_2014/global_historical_riverdischarge_year_m_pfaf06_1960_2014Y1960M12
