2017-12-19 10:24:11,262:ERROR:
2017-12-19 10:24:12,528:DEBUG:projects/WRI-Aquaduct/PCRGlobWB20V07/reduced_global_historical_combined_V05/global_historical_Q_month_millionm3_30sPfaf06_mean_1960_2014M01
2017-12-19 10:24:14,851:DEBUG:projects/WRI-Aquaduct/PCRGlobWB20V07/reduced_global_historical_combined_V05/global_historical_Q_month_millionm3_30sPfaf06_mean_1960_2014M02
2017-12-19 10:24:17,168:DEBUG:projects/WRI-Aquaduct/PCRGlobWB20V07/reduced_global_historical_combined_V05/global_historical_Q_month_millionm3_30sPfaf06_mean_1960_2014M03
2017-12-19 10:24:19,539:DEBUG:projects/WRI-Aquaduct/PCRGlobWB20V07/reduced_global_historical_combined_V05/global_historical_Q_month_millionm3_30sPfaf06_mean_1960_2014M04
2017-12-19 10:24:21,846:DEBUG:projects/WRI-Aquaduct/PCRGlobWB20V07/reduced_global_historical_combined_V05/global_historical_Q_month_millionm3_30sPfaf06_mean_1960_2014M05
2017-12-19 10:24:24,113:DEBUG:projects/WRI-Aquaduct/PCRGlobWB20V07/reduced_global_historical_combined_V05/global_historical_Q_month_millionm3_30sPfaf06_mean_1960_2014M06
2017-12-19 10:24:26,378:DEBUG:projects/WRI-Aquaduct/PCRGlobWB20V07/reduced_global_historical_combined_V05/global_historical_Q_month_millionm3_30sPfaf06_mean_1960_2014M07
2017-12-19 10:24:28,653:DEBUG:projects/WRI-Aquaduct/PCRGlobWB20V07/reduced_global_historical_combined_V05/global_historical_Q_month_millionm3_30sPfaf06_mean_1960_2014M08
2017-12-19 10:24:29,946:DEBUG:projects/WRI-Aquaduct/PCRGlobWB20V07/reduced_global_historical_combined_V05/global_historical_Q_month_millionm3_30sPfaf06_mean_1960_2014M09
2017-12-19 10:24:32,213:DEBUG:projects/WRI-Aquaduct/PCRGlobWB20V07/reduced_global_historical_combined_V05/global_historical_Q_month_millionm3_30sPfaf06_mean_1960_2014M10
2017-12-19 10:24:34,522:DEBUG:projects/WRI-Aquaduct/PCRGlobWB20V07/reduced_global_historical_combined_V05/global_historical_Q_month_millionm3_30sPfaf06_mean_1960_2014M11
2017-12-19 10:24:36,793:DEBUG:projects/WRI-Aquaduct/PCRGlobWB20V07/reduced_global_historical_combined_V05/global_historical_Q_month_millionm3_30sPfaf06_mean_1960_2014M12
2017-12-19 10:24:39,018:DEBUG:projects/WRI-Aquaduct/PCRGlobWB20V07/reduced_global_historical_combined_V05/global_historical_Q_month_millionm3_30sPfaf06_mean_2004_2014M01
2017-12-19 10:24:41,333:DEBUG:projects/WRI-Aquaduct/PCRGlobWB20V07/reduced_global_historical_combined_V05/global_historical_Q_month_millionm3_30sPfaf06_mean_2004_2014M02
2017-12-19 10:24:43,926:DEBUG:projects/WRI-Aquaduct/PCRGlobWB20V07/reduced_global_historical_combined_V05/global_historical_Q_month_millionm3_30sPfaf06_mean_2004_2014M03
2017-12-19 10:24:46,238:DEBUG:projects/WRI-Aquaduct/PCRGlobWB20V07/reduced_global_historical_combined_V05/global_historical_Q_month_millionm3_30sPfaf06_mean_2004_2014M04
2017-12-19 10:24:48,512:DEBUG:projects/WRI-Aquaduct/PCRGlobWB20V07/reduced_global_historical_combined_V05/global_historical_Q_month_millionm3_30sPfaf06_mean_2004_2014M05
2017-12-19 10:24:50,809:DEBUG:projects/WRI-Aquaduct/PCRGlobWB20V07/reduced_global_historical_combined_V05/global_historical_Q_month_millionm3_30sPfaf06_mean_2004_2014M06
2017-12-19 10:24:53,083:DEBUG:projects/WRI-Aquaduct/PCRGlobWB20V07/reduced_global_historical_combined_V05/global_historical_Q_month_millionm3_30sPfaf06_mean_2004_2014M07
2017-12-19 10:24:55,398:DEBUG:projects/WRI-Aquaduct/PCRGlobWB20V07/reduced_global_historical_combined_V05/global_historical_Q_month_millionm3_30sPfaf06_mean_2004_2014M08
2017-12-19 10:24:58,486:DEBUG:projects/WRI-Aquaduct/PCRGlobWB20V07/reduced_global_historical_combined_V05/global_historical_Q_month_millionm3_30sPfaf06_mean_2004_2014M09
2017-12-19 10:25:00,873:DEBUG:projects/WRI-Aquaduct/PCRGlobWB20V07/reduced_global_historical_combined_V05/global_historical_Q_month_millionm3_30sPfaf06_mean_2004_2014M10
2017-12-19 10:25:02,654:DEBUG:projects/WRI-Aquaduct/PCRGlobWB20V07/reduced_global_historical_combined_V05/global_historical_Q_month_millionm3_30sPfaf06_mean_2004_2014M11
2017-12-19 10:25:04,955:DEBUG:projects/WRI-Aquaduct/PCRGlobWB20V07/reduced_global_historical_combined_V05/global_historical_Q_month_millionm3_30sPfaf06_mean_2004_2014M12
2017-12-19 10:25:06,787:DEBUG:projects/WRI-Aquaduct/PCRGlobWB20V07/reduced_global_historical_combined_V05/global_historical_Q_month_millionm3_30sPfaf06_trend_1960_2014M01
2017-12-19 10:25:09,135:DEBUG:projects/WRI-Aquaduct/PCRGlobWB20V07/reduced_global_historical_combined_V05/global_historical_Q_month_millionm3_30sPfaf06_trend_1960_2014M02
2017-12-19 10:25:11,586:DEBUG:projects/WRI-Aquaduct/PCRGlobWB20V07/reduced_global_historical_combined_V05/global_historical_Q_month_millionm3_30sPfaf06_trend_1960_2014M03
2017-12-19 10:25:13,540:DEBUG:projects/WRI-Aquaduct/PCRGlobWB20V07/reduced_global_historical_combined_V05/global_historical_Q_month_millionm3_30sPfaf06_trend_1960_2014M04
2017-12-19 10:25:15,884:DEBUG:projects/WRI-Aquaduct/PCRGlobWB20V07/reduced_global_historical_combined_V05/global_historical_Q_month_millionm3_30sPfaf06_trend_1960_2014M05
2017-12-19 10:25:18,288:DEBUG:projects/WRI-Aquaduct/PCRGlobWB20V07/reduced_global_historical_combined_V05/global_historical_Q_month_millionm3_30sPfaf06_trend_1960_2014M06
2017-12-19 10:25:20,273:DEBUG:projects/WRI-Aquaduct/PCRGlobWB20V07/reduced_global_historical_combined_V05/global_historical_Q_month_millionm3_30sPfaf06_trend_1960_2014M07
2017-12-19 10:25:22,645:DEBUG:projects/WRI-Aquaduct/PCRGlobWB20V07/reduced_global_historical_combined_V05/global_historical_Q_month_millionm3_30sPfaf06_trend_1960_2014M08
2017-12-19 10:25:25,046:DEBUG:projects/WRI-Aquaduct/PCRGlobWB20V07/reduced_global_historical_combined_V05/global_historical_Q_month_millionm3_30sPfaf06_trend_1960_2014M09
2017-12-19 10:25:27,467:DEBUG:projects/WRI-Aquaduct/PCRGlobWB20V07/reduced_global_historical_combined_V05/global_historical_Q_month_millionm3_30sPfaf06_trend_1960_2014M10
2017-12-19 10:25:29,820:DEBUG:projects/WRI-Aquaduct/PCRGlobWB20V07/reduced_global_historical_combined_V05/global_historical_Q_month_millionm3_30sPfaf06_trend_1960_2014M11
2017-12-19 10:25:32,284:DEBUG:projects/WRI-Aquaduct/PCRGlobWB20V07/reduced_global_historical_combined_V05/global_historical_Q_month_millionm3_30sPfaf06_trend_1960_2014M12
2017-12-19 10:25:34,684:DEBUG:projects/WRI-Aquaduct/PCRGlobWB20V07/reduced_global_historical_combined_V05/global_historical_Q_month_millionm3_30sPfaf06_trend_2004_2014M01
2017-12-19 10:25:37,017:DEBUG:projects/WRI-Aquaduct/PCRGlobWB20V07/reduced_global_historical_combined_V05/global_historical_Q_month_millionm3_30sPfaf06_trend_2004_2014M02
2017-12-19 10:25:39,443:DEBUG:projects/WRI-Aquaduct/PCRGlobWB20V07/reduced_global_historical_combined_V05/global_historical_Q_month_millionm3_30sPfaf06_trend_2004_2014M03
2017-12-19 10:25:41,818:DEBUG:projects/WRI-Aquaduct/PCRGlobWB20V07/reduced_global_historical_combined_V05/global_historical_Q_month_millionm3_30sPfaf06_trend_2004_2014M04
2017-12-19 10:25:44,277:DEBUG:projects/WRI-Aquaduct/PCRGlobWB20V07/reduced_global_historical_combined_V05/global_historical_Q_month_millionm3_30sPfaf06_trend_2004_2014M05
2017-12-19 10:25:46,635:DEBUG:projects/WRI-Aquaduct/PCRGlobWB20V07/reduced_global_historical_combined_V05/global_historical_Q_month_millionm3_30sPfaf06_trend_2004_2014M06
2017-12-19 10:25:49,002:DEBUG:projects/WRI-Aquaduct/PCRGlobWB20V07/reduced_global_historical_combined_V05/global_historical_Q_month_millionm3_30sPfaf06_trend_2004_2014M07
2017-12-19 10:25:53,958:DEBUG:projects/WRI-Aquaduct/PCRGlobWB20V07/reduced_global_historical_combined_V05/global_historical_Q_month_millionm3_30sPfaf06_trend_2004_2014M08
2017-12-19 10:25:56,351:DEBUG:projects/WRI-Aquaduct/PCRGlobWB20V07/reduced_global_historical_combined_V05/global_historical_Q_month_millionm3_30sPfaf06_trend_2004_2014M09
2017-12-19 10:25:58,685:DEBUG:projects/WRI-Aquaduct/PCRGlobWB20V07/reduced_global_historical_combined_V05/global_historical_Q_month_millionm3_30sPfaf06_trend_2004_2014M10
2017-12-19 10:26:01,066:DEBUG:projects/WRI-Aquaduct/PCRGlobWB20V07/reduced_global_historical_combined_V05/global_historical_Q_month_millionm3_30sPfaf06_trend_2004_2014M11
2017-12-19 10:26:03,525:DEBUG:projects/WRI-Aquaduct/PCRGlobWB20V07/reduced_global_historical_combined_V05/global_historical_Q_month_millionm3_30sPfaf06_trend_2004_2014M12
2017-12-19 10:26:05,880:DEBUG:projects/WRI-Aquaduct/PCRGlobWB20V07/reduced_global_historical_combined_V05/global_historical_Q_year_millionm3_30sPfaf06_mean_1960_2014M12
2017-12-19 10:26:08,313:DEBUG:projects/WRI-Aquaduct/PCRGlobWB20V07/reduced_global_historical_combined_V05/global_historical_Q_year_millionm3_30sPfaf06_mean_2004_2014M12
2017-12-19 10:26:10,829:DEBUG:projects/WRI-Aquaduct/PCRGlobWB20V07/reduced_global_historical_combined_V05/global_historical_Q_year_millionm3_30sPfaf06_trend_1960_2014M12
2017-12-19 10:26:13,426:DEBUG:projects/WRI-Aquaduct/PCRGlobWB20V07/reduced_global_historical_combined_V05/global_historical_Q_year_millionm3_30sPfaf06_trend_2004_2014M12
2017-12-19 10:26:15,992:DEBUG:projects/WRI-Aquaduct/PCRGlobWB20V07/reduced_global_historical_combined_V05/global_historical_WW_month_millionm3_30sPfaf06_mean_1960_2014M01
2017-12-19 10:26:18,457:DEBUG:projects/WRI-Aquaduct/PCRGlobWB20V07/reduced_global_historical_combined_V05/global_historical_WW_month_millionm3_30sPfaf06_mean_1960_2014M02
2017-12-19 10:26:20,842:DEBUG:projects/WRI-Aquaduct/PCRGlobWB20V07/reduced_global_historical_combined_V05/global_historical_WW_month_millionm3_30sPfaf06_mean_1960_2014M03
2017-12-19 10:26:23,383:DEBUG:projects/WRI-Aquaduct/PCRGlobWB20V07/reduced_global_historical_combined_V05/global_historical_WW_month_millionm3_30sPfaf06_mean_1960_2014M04
2017-12-19 10:26:25,862:DEBUG:projects/WRI-Aquaduct/PCRGlobWB20V07/reduced_global_historical_combined_V05/global_historical_WW_month_millionm3_30sPfaf06_mean_1960_2014M05
2017-12-19 10:26:28,394:DEBUG:projects/WRI-Aquaduct/PCRGlobWB20V07/reduced_global_historical_combined_V05/global_historical_WW_month_millionm3_30sPfaf06_mean_1960_2014M06
2017-12-19 10:26:30,897:DEBUG:projects/WRI-Aquaduct/PCRGlobWB20V07/reduced_global_historical_combined_V05/global_historical_WW_month_millionm3_30sPfaf06_mean_1960_2014M07
2017-12-19 10:26:36,792:DEBUG:projects/WRI-Aquaduct/PCRGlobWB20V07/reduced_global_historical_combined_V05/global_historical_WW_month_millionm3_30sPfaf06_mean_1960_2014M08
2017-12-19 10:26:39,223:DEBUG:projects/WRI-Aquaduct/PCRGlobWB20V07/reduced_global_historical_combined_V05/global_historical_WW_month_millionm3_30sPfaf06_mean_1960_2014M09
2017-12-19 10:26:41,695:DEBUG:projects/WRI-Aquaduct/PCRGlobWB20V07/reduced_global_historical_combined_V05/global_historical_WW_month_millionm3_30sPfaf06_mean_1960_2014M10
2017-12-19 10:26:48,842:DEBUG:projects/WRI-Aquaduct/PCRGlobWB20V07/reduced_global_historical_combined_V05/global_historical_WW_month_millionm3_30sPfaf06_mean_1960_2014M11
2017-12-19 10:26:51,447:DEBUG:projects/WRI-Aquaduct/PCRGlobWB20V07/reduced_global_historical_combined_V05/global_historical_WW_month_millionm3_30sPfaf06_mean_1960_2014M12
2017-12-19 10:26:53,928:DEBUG:projects/WRI-Aquaduct/PCRGlobWB20V07/reduced_global_historical_combined_V05/global_historical_WW_month_millionm3_30sPfaf06_mean_2004_2014M01
2017-12-19 10:26:56,346:DEBUG:projects/WRI-Aquaduct/PCRGlobWB20V07/reduced_global_historical_combined_V05/global_historical_WW_month_millionm3_30sPfaf06_mean_2004_2014M02
2017-12-19 10:26:58,854:DEBUG:projects/WRI-Aquaduct/PCRGlobWB20V07/reduced_global_historical_combined_V05/global_historical_WW_month_millionm3_30sPfaf06_mean_2004_2014M03
2017-12-19 10:27:01,377:DEBUG:projects/WRI-Aquaduct/PCRGlobWB20V07/reduced_global_historical_combined_V05/global_historical_WW_month_millionm3_30sPfaf06_mean_2004_2014M04
2017-12-19 10:27:03,933:DEBUG:projects/WRI-Aquaduct/PCRGlobWB20V07/reduced_global_historical_combined_V05/global_historical_WW_month_millionm3_30sPfaf06_mean_2004_2014M05
2017-12-19 10:27:06,379:DEBUG:projects/WRI-Aquaduct/PCRGlobWB20V07/reduced_global_historical_combined_V05/global_historical_WW_month_millionm3_30sPfaf06_mean_2004_2014M06
2017-12-19 10:27:08,708:DEBUG:projects/WRI-Aquaduct/PCRGlobWB20V07/reduced_global_historical_combined_V05/global_historical_WW_month_millionm3_30sPfaf06_mean_2004_2014M07
2017-12-19 10:27:10,986:DEBUG:projects/WRI-Aquaduct/PCRGlobWB20V07/reduced_global_historical_combined_V05/global_historical_WW_month_millionm3_30sPfaf06_mean_2004_2014M08
2017-12-19 10:27:13,340:DEBUG:projects/WRI-Aquaduct/PCRGlobWB20V07/reduced_global_historical_combined_V05/global_historical_WW_month_millionm3_30sPfaf06_mean_2004_2014M09
2017-12-19 10:27:15,654:DEBUG:projects/WRI-Aquaduct/PCRGlobWB20V07/reduced_global_historical_combined_V05/global_historical_WW_month_millionm3_30sPfaf06_mean_2004_2014M10
2017-12-19 10:27:17,998:DEBUG:projects/WRI-Aquaduct/PCRGlobWB20V07/reduced_global_historical_combined_V05/global_historical_WW_month_millionm3_30sPfaf06_mean_2004_2014M11
2017-12-19 10:27:20,344:DEBUG:projects/WRI-Aquaduct/PCRGlobWB20V07/reduced_global_historical_combined_V05/global_historical_WW_month_millionm3_30sPfaf06_mean_2004_2014M12
2017-12-19 10:27:22,700:DEBUG:projects/WRI-Aquaduct/PCRGlobWB20V07/reduced_global_historical_combined_V05/global_historical_WW_month_millionm3_30sPfaf06_trend_1960_2014M01
2017-12-19 10:27:25,114:DEBUG:projects/WRI-Aquaduct/PCRGlobWB20V07/reduced_global_historical_combined_V05/global_historical_WW_month_millionm3_30sPfaf06_trend_1960_2014M02
2017-12-19 10:27:27,559:DEBUG:projects/WRI-Aquaduct/PCRGlobWB20V07/reduced_global_historical_combined_V05/global_historical_WW_month_millionm3_30sPfaf06_trend_1960_2014M03
2017-12-19 10:27:30,032:DEBUG:projects/WRI-Aquaduct/PCRGlobWB20V07/reduced_global_historical_combined_V05/global_historical_WW_month_millionm3_30sPfaf06_trend_1960_2014M04
2017-12-19 10:27:32,452:DEBUG:projects/WRI-Aquaduct/PCRGlobWB20V07/reduced_global_historical_combined_V05/global_historical_WW_month_millionm3_30sPfaf06_trend_1960_2014M05
2017-12-19 10:27:34,855:DEBUG:projects/WRI-Aquaduct/PCRGlobWB20V07/reduced_global_historical_combined_V05/global_historical_WW_month_millionm3_30sPfaf06_trend_1960_2014M06
2017-12-19 10:27:37,300:DEBUG:projects/WRI-Aquaduct/PCRGlobWB20V07/reduced_global_historical_combined_V05/global_historical_WW_month_millionm3_30sPfaf06_trend_1960_2014M07
2017-12-19 10:27:39,702:DEBUG:projects/WRI-Aquaduct/PCRGlobWB20V07/reduced_global_historical_combined_V05/global_historical_WW_month_millionm3_30sPfaf06_trend_1960_2014M08
2017-12-19 10:27:42,084:DEBUG:projects/WRI-Aquaduct/PCRGlobWB20V07/reduced_global_historical_combined_V05/global_historical_WW_month_millionm3_30sPfaf06_trend_1960_2014M09
2017-12-19 10:27:44,085:DEBUG:projects/WRI-Aquaduct/PCRGlobWB20V07/reduced_global_historical_combined_V05/global_historical_WW_month_millionm3_30sPfaf06_trend_1960_2014M10
2017-12-19 10:27:46,539:DEBUG:projects/WRI-Aquaduct/PCRGlobWB20V07/reduced_global_historical_combined_V05/global_historical_WW_month_millionm3_30sPfaf06_trend_1960_2014M11
2017-12-19 10:27:48,997:DEBUG:projects/WRI-Aquaduct/PCRGlobWB20V07/reduced_global_historical_combined_V05/global_historical_WW_month_millionm3_30sPfaf06_trend_1960_2014M12
2017-12-19 10:27:51,402:DEBUG:projects/WRI-Aquaduct/PCRGlobWB20V07/reduced_global_historical_combined_V05/global_historical_WW_month_millionm3_30sPfaf06_trend_2004_2014M01
2017-12-19 10:27:53,883:DEBUG:projects/WRI-Aquaduct/PCRGlobWB20V07/reduced_global_historical_combined_V05/global_historical_WW_month_millionm3_30sPfaf06_trend_2004_2014M02
2017-12-19 10:27:56,279:DEBUG:projects/WRI-Aquaduct/PCRGlobWB20V07/reduced_global_historical_combined_V05/global_historical_WW_month_millionm3_30sPfaf06_trend_2004_2014M03
2017-12-19 10:27:58,657:DEBUG:projects/WRI-Aquaduct/PCRGlobWB20V07/reduced_global_historical_combined_V05/global_historical_WW_month_millionm3_30sPfaf06_trend_2004_2014M04
2017-12-19 10:28:01,116:DEBUG:projects/WRI-Aquaduct/PCRGlobWB20V07/reduced_global_historical_combined_V05/global_historical_WW_month_millionm3_30sPfaf06_trend_2004_2014M05
2017-12-19 10:28:03,536:DEBUG:projects/WRI-Aquaduct/PCRGlobWB20V07/reduced_global_historical_combined_V05/global_historical_WW_month_millionm3_30sPfaf06_trend_2004_2014M06
2017-12-19 10:28:05,550:DEBUG:projects/WRI-Aquaduct/PCRGlobWB20V07/reduced_global_historical_combined_V05/global_historical_WW_month_millionm3_30sPfaf06_trend_2004_2014M07
2017-12-19 10:28:07,964:DEBUG:projects/WRI-Aquaduct/PCRGlobWB20V07/reduced_global_historical_combined_V05/global_historical_WW_month_millionm3_30sPfaf06_trend_2004_2014M08
2017-12-19 10:28:10,710:DEBUG:projects/WRI-Aquaduct/PCRGlobWB20V07/reduced_global_historical_combined_V05/global_historical_WW_month_millionm3_30sPfaf06_trend_2004_2014M09
2017-12-19 10:28:13,214:DEBUG:projects/WRI-Aquaduct/PCRGlobWB20V07/reduced_global_historical_combined_V05/global_historical_WW_month_millionm3_30sPfaf06_trend_2004_2014M10
2017-12-19 10:28:15,667:DEBUG:projects/WRI-Aquaduct/PCRGlobWB20V07/reduced_global_historical_combined_V05/global_historical_WW_month_millionm3_30sPfaf06_trend_2004_2014M11
2017-12-19 10:28:18,089:DEBUG:projects/WRI-Aquaduct/PCRGlobWB20V07/reduced_global_historical_combined_V05/global_historical_WW_month_millionm3_30sPfaf06_trend_2004_2014M12
2017-12-19 10:28:20,525:DEBUG:projects/WRI-Aquaduct/PCRGlobWB20V07/reduced_global_historical_combined_V05/global_historical_WW_year_millionm3_30sPfaf06_mean_1960_2014M12
2017-12-19 10:28:22,303:DEBUG:projects/WRI-Aquaduct/PCRGlobWB20V07/reduced_global_historical_combined_V05/global_historical_WW_year_millionm3_30sPfaf06_mean_2004_2014M12
2017-12-19 10:28:24,589:DEBUG:projects/WRI-Aquaduct/PCRGlobWB20V07/reduced_global_historical_combined_V05/global_historical_WW_year_millionm3_30sPfaf06_trend_1960_2014M12
2017-12-19 10:28:27,085:DEBUG:projects/WRI-Aquaduct/PCRGlobWB20V07/reduced_global_historical_combined_V05/global_historical_WW_year_millionm3_30sPfaf06_trend_2004_2014M12
2017-12-19 10:28:29,040:DEBUG:projects/WRI-Aquaduct/PCRGlobWB20V07/reduced_global_historical_combined_V05/global_historical_WN_month_millionm3_30sPfaf06_mean_1960_2014M01
2017-12-19 10:28:30,905:DEBUG:projects/WRI-Aquaduct/PCRGlobWB20V07/reduced_global_historical_combined_V05/global_historical_WN_month_millionm3_30sPfaf06_mean_1960_2014M02
2017-12-19 10:28:33,349:DEBUG:projects/WRI-Aquaduct/PCRGlobWB20V07/reduced_global_historical_combined_V05/global_historical_WN_month_millionm3_30sPfaf06_mean_1960_2014M03
2017-12-19 10:28:35,640:DEBUG:projects/WRI-Aquaduct/PCRGlobWB20V07/reduced_global_historical_combined_V05/global_historical_WN_month_millionm3_30sPfaf06_mean_1960_2014M04
2017-12-19 10:28:37,965:DEBUG:projects/WRI-Aquaduct/PCRGlobWB20V07/reduced_global_historical_combined_V05/global_historical_WN_month_millionm3_30sPfaf06_mean_1960_2014M05
2017-12-19 10:28:40,267:DEBUG:projects/WRI-Aquaduct/PCRGlobWB20V07/reduced_global_historical_combined_V05/global_historical_WN_month_millionm3_30sPfaf06_mean_1960_2014M06
2017-12-19 10:28:42,596:DEBUG:projects/WRI-Aquaduct/PCRGlobWB20V07/reduced_global_historical_combined_V05/global_historical_WN_month_millionm3_30sPfaf06_mean_1960_2014M07
2017-12-19 10:28:45,134:DEBUG:projects/WRI-Aquaduct/PCRGlobWB20V07/reduced_global_historical_combined_V05/global_historical_WN_month_millionm3_30sPfaf06_mean_1960_2014M08
2017-12-19 10:28:47,434:DEBUG:projects/WRI-Aquaduct/PCRGlobWB20V07/reduced_global_historical_combined_V05/global_historical_WN_month_millionm3_30sPfaf06_mean_1960_2014M09
2017-12-19 10:28:49,714:DEBUG:projects/WRI-Aquaduct/PCRGlobWB20V07/reduced_global_historical_combined_V05/global_historical_WN_month_millionm3_30sPfaf06_mean_1960_2014M10
2017-12-19 10:28:52,039:DEBUG:projects/WRI-Aquaduct/PCRGlobWB20V07/reduced_global_historical_combined_V05/global_historical_WN_month_millionm3_30sPfaf06_mean_1960_2014M11
2017-12-19 10:28:54,319:DEBUG:projects/WRI-Aquaduct/PCRGlobWB20V07/reduced_global_historical_combined_V05/global_historical_WN_month_millionm3_30sPfaf06_mean_1960_2014M12
2017-12-19 10:28:56,631:DEBUG:projects/WRI-Aquaduct/PCRGlobWB20V07/reduced_global_historical_combined_V05/global_historical_WN_month_millionm3_30sPfaf06_mean_2004_2014M01
2017-12-19 10:28:58,940:DEBUG:projects/WRI-Aquaduct/PCRGlobWB20V07/reduced_global_historical_combined_V05/global_historical_WN_month_millionm3_30sPfaf06_mean_2004_2014M02
2017-12-19 10:29:01,190:DEBUG:projects/WRI-Aquaduct/PCRGlobWB20V07/reduced_global_historical_combined_V05/global_historical_WN_month_millionm3_30sPfaf06_mean_2004_2014M03
2017-12-19 10:29:03,486:DEBUG:projects/WRI-Aquaduct/PCRGlobWB20V07/reduced_global_historical_combined_V05/global_historical_WN_month_millionm3_30sPfaf06_mean_2004_2014M04
2017-12-19 10:29:05,298:DEBUG:projects/WRI-Aquaduct/PCRGlobWB20V07/reduced_global_historical_combined_V05/global_historical_WN_month_millionm3_30sPfaf06_mean_2004_2014M05
2017-12-19 10:29:07,647:DEBUG:projects/WRI-Aquaduct/PCRGlobWB20V07/reduced_global_historical_combined_V05/global_historical_WN_month_millionm3_30sPfaf06_mean_2004_2014M06
2017-12-19 10:29:09,880:DEBUG:projects/WRI-Aquaduct/PCRGlobWB20V07/reduced_global_historical_combined_V05/global_historical_WN_month_millionm3_30sPfaf06_mean_2004_2014M07
2017-12-19 10:29:12,138:DEBUG:projects/WRI-Aquaduct/PCRGlobWB20V07/reduced_global_historical_combined_V05/global_historical_WN_month_millionm3_30sPfaf06_mean_2004_2014M08
2017-12-19 10:29:14,509:DEBUG:projects/WRI-Aquaduct/PCRGlobWB20V07/reduced_global_historical_combined_V05/global_historical_WN_month_millionm3_30sPfaf06_mean_2004_2014M09
2017-12-19 10:29:16,801:DEBUG:projects/WRI-Aquaduct/PCRGlobWB20V07/reduced_global_historical_combined_V05/global_historical_WN_month_millionm3_30sPfaf06_mean_2004_2014M10
2017-12-19 10:29:19,093:DEBUG:projects/WRI-Aquaduct/PCRGlobWB20V07/reduced_global_historical_combined_V05/global_historical_WN_month_millionm3_30sPfaf06_mean_2004_2014M11
2017-12-19 10:29:21,391:DEBUG:projects/WRI-Aquaduct/PCRGlobWB20V07/reduced_global_historical_combined_V05/global_historical_WN_month_millionm3_30sPfaf06_mean_2004_2014M12
2017-12-19 10:29:23,742:DEBUG:projects/WRI-Aquaduct/PCRGlobWB20V07/reduced_global_historical_combined_V05/global_historical_WN_month_millionm3_30sPfaf06_trend_1960_2014M01
2017-12-19 10:29:26,119:DEBUG:projects/WRI-Aquaduct/PCRGlobWB20V07/reduced_global_historical_combined_V05/global_historical_WN_month_millionm3_30sPfaf06_trend_1960_2014M02
2017-12-19 10:29:28,522:DEBUG:projects/WRI-Aquaduct/PCRGlobWB20V07/reduced_global_historical_combined_V05/global_historical_WN_month_millionm3_30sPfaf06_trend_1960_2014M03
2017-12-19 10:29:30,863:DEBUG:projects/WRI-Aquaduct/PCRGlobWB20V07/reduced_global_historical_combined_V05/global_historical_WN_month_millionm3_30sPfaf06_trend_1960_2014M04
2017-12-19 10:29:33,355:DEBUG:projects/WRI-Aquaduct/PCRGlobWB20V07/reduced_global_historical_combined_V05/global_historical_WN_month_millionm3_30sPfaf06_trend_1960_2014M05
2017-12-19 10:29:35,814:DEBUG:projects/WRI-Aquaduct/PCRGlobWB20V07/reduced_global_historical_combined_V05/global_historical_WN_month_millionm3_30sPfaf06_trend_1960_2014M06
2017-12-19 10:29:38,218:DEBUG:projects/WRI-Aquaduct/PCRGlobWB20V07/reduced_global_historical_combined_V05/global_historical_WN_month_millionm3_30sPfaf06_trend_1960_2014M07
2017-12-19 10:29:40,567:DEBUG:projects/WRI-Aquaduct/PCRGlobWB20V07/reduced_global_historical_combined_V05/global_historical_WN_month_millionm3_30sPfaf06_trend_1960_2014M08
2017-12-19 10:29:42,974:DEBUG:projects/WRI-Aquaduct/PCRGlobWB20V07/reduced_global_historical_combined_V05/global_historical_WN_month_millionm3_30sPfaf06_trend_1960_2014M09
2017-12-19 10:29:45,376:DEBUG:projects/WRI-Aquaduct/PCRGlobWB20V07/reduced_global_historical_combined_V05/global_historical_WN_month_millionm3_30sPfaf06_trend_1960_2014M10
2017-12-19 10:29:47,486:DEBUG:projects/WRI-Aquaduct/PCRGlobWB20V07/reduced_global_historical_combined_V05/global_historical_WN_month_millionm3_30sPfaf06_trend_1960_2014M11
2017-12-19 10:29:49,902:DEBUG:projects/WRI-Aquaduct/PCRGlobWB20V07/reduced_global_historical_combined_V05/global_historical_WN_month_millionm3_30sPfaf06_trend_1960_2014M12
2017-12-19 10:29:52,292:DEBUG:projects/WRI-Aquaduct/PCRGlobWB20V07/reduced_global_historical_combined_V05/global_historical_WN_month_millionm3_30sPfaf06_trend_2004_2014M01
2017-12-19 10:29:54,675:DEBUG:projects/WRI-Aquaduct/PCRGlobWB20V07/reduced_global_historical_combined_V05/global_historical_WN_month_millionm3_30sPfaf06_trend_2004_2014M02
2017-12-19 10:29:57,097:DEBUG:projects/WRI-Aquaduct/PCRGlobWB20V07/reduced_global_historical_combined_V05/global_historical_WN_month_millionm3_30sPfaf06_trend_2004_2014M03
2017-12-19 10:29:59,529:DEBUG:projects/WRI-Aquaduct/PCRGlobWB20V07/reduced_global_historical_combined_V05/global_historical_WN_month_millionm3_30sPfaf06_trend_2004_2014M04
2017-12-19 10:30:01,906:DEBUG:projects/WRI-Aquaduct/PCRGlobWB20V07/reduced_global_historical_combined_V05/global_historical_WN_month_millionm3_30sPfaf06_trend_2004_2014M05
2017-12-19 10:30:04,424:DEBUG:projects/WRI-Aquaduct/PCRGlobWB20V07/reduced_global_historical_combined_V05/global_historical_WN_month_millionm3_30sPfaf06_trend_2004_2014M06
2017-12-19 10:30:07,383:DEBUG:projects/WRI-Aquaduct/PCRGlobWB20V07/reduced_global_historical_combined_V05/global_historical_WN_month_millionm3_30sPfaf06_trend_2004_2014M07
2017-12-19 10:30:09,810:DEBUG:projects/WRI-Aquaduct/PCRGlobWB20V07/reduced_global_historical_combined_V05/global_historical_WN_month_millionm3_30sPfaf06_trend_2004_2014M08
2017-12-19 10:30:12,204:DEBUG:projects/WRI-Aquaduct/PCRGlobWB20V07/reduced_global_historical_combined_V05/global_historical_WN_month_millionm3_30sPfaf06_trend_2004_2014M09
2017-12-19 10:30:14,634:DEBUG:projects/WRI-Aquaduct/PCRGlobWB20V07/reduced_global_historical_combined_V05/global_historical_WN_month_millionm3_30sPfaf06_trend_2004_2014M10
2017-12-19 10:30:17,058:DEBUG:projects/WRI-Aquaduct/PCRGlobWB20V07/reduced_global_historical_combined_V05/global_historical_WN_month_millionm3_30sPfaf06_trend_2004_2014M11
2017-12-19 10:30:19,518:DEBUG:projects/WRI-Aquaduct/PCRGlobWB20V07/reduced_global_historical_combined_V05/global_historical_WN_month_millionm3_30sPfaf06_trend_2004_2014M12
2017-12-19 10:30:21,931:DEBUG:projects/WRI-Aquaduct/PCRGlobWB20V07/reduced_global_historical_combined_V05/global_historical_WN_year_millionm3_30sPfaf06_mean_1960_2014M12
2017-12-19 10:30:24,315:DEBUG:projects/WRI-Aquaduct/PCRGlobWB20V07/reduced_global_historical_combined_V05/global_historical_WN_year_millionm3_30sPfaf06_mean_2004_2014M12
2017-12-19 10:30:26,524:DEBUG:projects/WRI-Aquaduct/PCRGlobWB20V07/reduced_global_historical_combined_V05/global_historical_WN_year_millionm3_30sPfaf06_trend_1960_2014M12
2017-12-19 10:30:28,875:DEBUG:projects/WRI-Aquaduct/PCRGlobWB20V07/reduced_global_historical_combined_V05/global_historical_WN_year_millionm3_30sPfaf06_trend_2004_2014M12
