2017-12-19 09:57:34,600:ERROR:
2017-12-19 09:57:35,861:DEBUG:projects/WRI-Aquaduct/PCRGlobWB20V07/reduced_global_historical_combined_V02/global_historical_Q_month_millionm3_30sPfaf06_mean_1960_2014M01
2017-12-19 09:57:39,256:DEBUG:projects/WRI-Aquaduct/PCRGlobWB20V07/reduced_global_historical_combined_V02/global_historical_Q_month_millionm3_30sPfaf06_mean_1960_2014M02
2017-12-19 09:57:41,586:DEBUG:projects/WRI-Aquaduct/PCRGlobWB20V07/reduced_global_historical_combined_V02/global_historical_Q_month_millionm3_30sPfaf06_mean_1960_2014M03
2017-12-19 09:57:43,883:DEBUG:projects/WRI-Aquaduct/PCRGlobWB20V07/reduced_global_historical_combined_V02/global_historical_Q_month_millionm3_30sPfaf06_mean_1960_2014M04
2017-12-19 09:57:46,209:DEBUG:projects/WRI-Aquaduct/PCRGlobWB20V07/reduced_global_historical_combined_V02/global_historical_Q_month_millionm3_30sPfaf06_mean_1960_2014M05
2017-12-19 09:57:48,530:DEBUG:projects/WRI-Aquaduct/PCRGlobWB20V07/reduced_global_historical_combined_V02/global_historical_Q_month_millionm3_30sPfaf06_mean_1960_2014M06
2017-12-19 09:57:50,857:DEBUG:projects/WRI-Aquaduct/PCRGlobWB20V07/reduced_global_historical_combined_V02/global_historical_Q_month_millionm3_30sPfaf06_mean_1960_2014M07
2017-12-19 09:57:53,274:DEBUG:projects/WRI-Aquaduct/PCRGlobWB20V07/reduced_global_historical_combined_V02/global_historical_Q_month_millionm3_30sPfaf06_mean_1960_2014M08
2017-12-19 09:57:55,579:DEBUG:projects/WRI-Aquaduct/PCRGlobWB20V07/reduced_global_historical_combined_V02/global_historical_Q_month_millionm3_30sPfaf06_mean_1960_2014M09
2017-12-19 09:57:57,961:DEBUG:projects/WRI-Aquaduct/PCRGlobWB20V07/reduced_global_historical_combined_V02/global_historical_Q_month_millionm3_30sPfaf06_mean_1960_2014M10
2017-12-19 09:58:00,311:DEBUG:projects/WRI-Aquaduct/PCRGlobWB20V07/reduced_global_historical_combined_V02/global_historical_Q_month_millionm3_30sPfaf06_mean_1960_2014M11
2017-12-19 09:58:02,654:DEBUG:projects/WRI-Aquaduct/PCRGlobWB20V07/reduced_global_historical_combined_V02/global_historical_Q_month_millionm3_30sPfaf06_mean_1960_2014M12
2017-12-19 09:58:05,001:DEBUG:projects/WRI-Aquaduct/PCRGlobWB20V07/reduced_global_historical_combined_V02/global_historical_Q_month_millionm3_30sPfaf06_mean_2004_2014M01
2017-12-19 09:58:07,350:DEBUG:projects/WRI-Aquaduct/PCRGlobWB20V07/reduced_global_historical_combined_V02/global_historical_Q_month_millionm3_30sPfaf06_mean_2004_2014M02
2017-12-19 09:58:09,697:DEBUG:projects/WRI-Aquaduct/PCRGlobWB20V07/reduced_global_historical_combined_V02/global_historical_Q_month_millionm3_30sPfaf06_mean_2004_2014M03
2017-12-19 09:58:12,025:DEBUG:projects/WRI-Aquaduct/PCRGlobWB20V07/reduced_global_historical_combined_V02/global_historical_Q_month_millionm3_30sPfaf06_mean_2004_2014M04
2017-12-19 09:58:14,401:DEBUG:projects/WRI-Aquaduct/PCRGlobWB20V07/reduced_global_historical_combined_V02/global_historical_Q_month_millionm3_30sPfaf06_mean_2004_2014M05
2017-12-19 09:58:16,695:DEBUG:projects/WRI-Aquaduct/PCRGlobWB20V07/reduced_global_historical_combined_V02/global_historical_Q_month_millionm3_30sPfaf06_mean_2004_2014M06
2017-12-19 09:58:18,967:DEBUG:projects/WRI-Aquaduct/PCRGlobWB20V07/reduced_global_historical_combined_V02/global_historical_Q_month_millionm3_30sPfaf06_mean_2004_2014M07
2017-12-19 09:58:21,351:DEBUG:projects/WRI-Aquaduct/PCRGlobWB20V07/reduced_global_historical_combined_V02/global_historical_Q_month_millionm3_30sPfaf06_mean_2004_2014M08
2017-12-19 09:58:23,676:DEBUG:projects/WRI-Aquaduct/PCRGlobWB20V07/reduced_global_historical_combined_V02/global_historical_Q_month_millionm3_30sPfaf06_mean_2004_2014M09
2017-12-19 09:58:26,025:DEBUG:projects/WRI-Aquaduct/PCRGlobWB20V07/reduced_global_historical_combined_V02/global_historical_Q_month_millionm3_30sPfaf06_mean_2004_2014M10
2017-12-19 09:58:28,726:DEBUG:projects/WRI-Aquaduct/PCRGlobWB20V07/reduced_global_historical_combined_V02/global_historical_Q_month_millionm3_30sPfaf06_mean_2004_2014M11
2017-12-19 09:58:30,973:DEBUG:projects/WRI-Aquaduct/PCRGlobWB20V07/reduced_global_historical_combined_V02/global_historical_Q_month_millionm3_30sPfaf06_mean_2004_2014M12
2017-12-19 09:58:33,289:DEBUG:projects/WRI-Aquaduct/PCRGlobWB20V07/reduced_global_historical_combined_V02/global_historical_Q_month_millionm3_30sPfaf06_trend_1960_2014M01
2017-12-19 09:58:35,776:DEBUG:projects/WRI-Aquaduct/PCRGlobWB20V07/reduced_global_historical_combined_V02/global_historical_Q_month_millionm3_30sPfaf06_trend_1960_2014M02
2017-12-19 09:58:38,162:DEBUG:projects/WRI-Aquaduct/PCRGlobWB20V07/reduced_global_historical_combined_V02/global_historical_Q_month_millionm3_30sPfaf06_trend_1960_2014M03
2017-12-19 09:58:40,574:DEBUG:projects/WRI-Aquaduct/PCRGlobWB20V07/reduced_global_historical_combined_V02/global_historical_Q_month_millionm3_30sPfaf06_trend_1960_2014M04
2017-12-19 09:58:42,994:DEBUG:projects/WRI-Aquaduct/PCRGlobWB20V07/reduced_global_historical_combined_V02/global_historical_Q_month_millionm3_30sPfaf06_trend_1960_2014M05
2017-12-19 09:58:46,954:DEBUG:projects/WRI-Aquaduct/PCRGlobWB20V07/reduced_global_historical_combined_V02/global_historical_Q_month_millionm3_30sPfaf06_trend_1960_2014M06
2017-12-19 09:58:49,282:DEBUG:projects/WRI-Aquaduct/PCRGlobWB20V07/reduced_global_historical_combined_V02/global_historical_Q_month_millionm3_30sPfaf06_trend_1960_2014M07
2017-12-19 09:58:51,669:DEBUG:projects/WRI-Aquaduct/PCRGlobWB20V07/reduced_global_historical_combined_V02/global_historical_Q_month_millionm3_30sPfaf06_trend_1960_2014M08
2017-12-19 09:58:54,118:DEBUG:projects/WRI-Aquaduct/PCRGlobWB20V07/reduced_global_historical_combined_V02/global_historical_Q_month_millionm3_30sPfaf06_trend_1960_2014M09
2017-12-19 09:58:56,589:DEBUG:projects/WRI-Aquaduct/PCRGlobWB20V07/reduced_global_historical_combined_V02/global_historical_Q_month_millionm3_30sPfaf06_trend_1960_2014M10
2017-12-19 09:58:59,036:DEBUG:projects/WRI-Aquaduct/PCRGlobWB20V07/reduced_global_historical_combined_V02/global_historical_Q_month_millionm3_30sPfaf06_trend_1960_2014M11
2017-12-19 09:59:01,443:DEBUG:projects/WRI-Aquaduct/PCRGlobWB20V07/reduced_global_historical_combined_V02/global_historical_Q_month_millionm3_30sPfaf06_trend_1960_2014M12
2017-12-19 09:59:03,811:DEBUG:projects/WRI-Aquaduct/PCRGlobWB20V07/reduced_global_historical_combined_V02/global_historical_Q_month_millionm3_30sPfaf06_trend_2004_2014M01
2017-12-19 09:59:06,333:DEBUG:projects/WRI-Aquaduct/PCRGlobWB20V07/reduced_global_historical_combined_V02/global_historical_Q_month_millionm3_30sPfaf06_trend_2004_2014M02
2017-12-19 09:59:08,727:DEBUG:projects/WRI-Aquaduct/PCRGlobWB20V07/reduced_global_historical_combined_V02/global_historical_Q_month_millionm3_30sPfaf06_trend_2004_2014M03
2017-12-19 09:59:11,126:DEBUG:projects/WRI-Aquaduct/PCRGlobWB20V07/reduced_global_historical_combined_V02/global_historical_Q_month_millionm3_30sPfaf06_trend_2004_2014M04
2017-12-19 09:59:13,569:DEBUG:projects/WRI-Aquaduct/PCRGlobWB20V07/reduced_global_historical_combined_V02/global_historical_Q_month_millionm3_30sPfaf06_trend_2004_2014M05
2017-12-19 09:59:15,990:DEBUG:projects/WRI-Aquaduct/PCRGlobWB20V07/reduced_global_historical_combined_V02/global_historical_Q_month_millionm3_30sPfaf06_trend_2004_2014M06
2017-12-19 09:59:18,366:DEBUG:projects/WRI-Aquaduct/PCRGlobWB20V07/reduced_global_historical_combined_V02/global_historical_Q_month_millionm3_30sPfaf06_trend_2004_2014M07
2017-12-19 09:59:20,843:DEBUG:projects/WRI-Aquaduct/PCRGlobWB20V07/reduced_global_historical_combined_V02/global_historical_Q_month_millionm3_30sPfaf06_trend_2004_2014M08
2017-12-19 09:59:23,331:DEBUG:projects/WRI-Aquaduct/PCRGlobWB20V07/reduced_global_historical_combined_V02/global_historical_Q_month_millionm3_30sPfaf06_trend_2004_2014M09
2017-12-19 09:59:25,823:DEBUG:projects/WRI-Aquaduct/PCRGlobWB20V07/reduced_global_historical_combined_V02/global_historical_Q_month_millionm3_30sPfaf06_trend_2004_2014M10
2017-12-19 09:59:29,236:DEBUG:projects/WRI-Aquaduct/PCRGlobWB20V07/reduced_global_historical_combined_V02/global_historical_Q_month_millionm3_30sPfaf06_trend_2004_2014M11
2017-12-19 09:59:31,606:DEBUG:projects/WRI-Aquaduct/PCRGlobWB20V07/reduced_global_historical_combined_V02/global_historical_Q_month_millionm3_30sPfaf06_trend_2004_2014M12
2017-12-19 09:59:33,988:DEBUG:projects/WRI-Aquaduct/PCRGlobWB20V07/reduced_global_historical_combined_V02/global_historical_Q_year_millionm3_30sPfaf06_mean_1960_2014M12
2017-12-19 09:59:36,235:DEBUG:projects/WRI-Aquaduct/PCRGlobWB20V07/reduced_global_historical_combined_V02/global_historical_Q_year_millionm3_30sPfaf06_mean_2004_2014M12
2017-12-19 09:59:38,560:DEBUG:projects/WRI-Aquaduct/PCRGlobWB20V07/reduced_global_historical_combined_V02/global_historical_Q_year_millionm3_30sPfaf06_trend_1960_2014M12
2017-12-19 09:59:40,880:DEBUG:projects/WRI-Aquaduct/PCRGlobWB20V07/reduced_global_historical_combined_V02/global_historical_Q_year_millionm3_30sPfaf06_trend_2004_2014M12
2017-12-19 09:59:43,180:DEBUG:projects/WRI-Aquaduct/PCRGlobWB20V07/reduced_global_historical_combined_V02/global_historical_WW_month_millionm3_30sPfaf06_mean_1960_2014M01
2017-12-19 09:59:45,527:DEBUG:projects/WRI-Aquaduct/PCRGlobWB20V07/reduced_global_historical_combined_V02/global_historical_WW_month_millionm3_30sPfaf06_mean_1960_2014M02
2017-12-19 09:59:48,025:DEBUG:projects/WRI-Aquaduct/PCRGlobWB20V07/reduced_global_historical_combined_V02/global_historical_WW_month_millionm3_30sPfaf06_mean_1960_2014M03
2017-12-19 09:59:50,287:DEBUG:projects/WRI-Aquaduct/PCRGlobWB20V07/reduced_global_historical_combined_V02/global_historical_WW_month_millionm3_30sPfaf06_mean_1960_2014M04
2017-12-19 09:59:52,751:DEBUG:projects/WRI-Aquaduct/PCRGlobWB20V07/reduced_global_historical_combined_V02/global_historical_WW_month_millionm3_30sPfaf06_mean_1960_2014M05
2017-12-19 09:59:55,102:DEBUG:projects/WRI-Aquaduct/PCRGlobWB20V07/reduced_global_historical_combined_V02/global_historical_WW_month_millionm3_30sPfaf06_mean_1960_2014M06
2017-12-19 09:59:58,573:DEBUG:projects/WRI-Aquaduct/PCRGlobWB20V07/reduced_global_historical_combined_V02/global_historical_WW_month_millionm3_30sPfaf06_mean_1960_2014M07
2017-12-19 10:00:00,861:DEBUG:projects/WRI-Aquaduct/PCRGlobWB20V07/reduced_global_historical_combined_V02/global_historical_WW_month_millionm3_30sPfaf06_mean_1960_2014M08
2017-12-19 10:00:03,182:DEBUG:projects/WRI-Aquaduct/PCRGlobWB20V07/reduced_global_historical_combined_V02/global_historical_WW_month_millionm3_30sPfaf06_mean_1960_2014M09
2017-12-19 10:00:05,539:DEBUG:projects/WRI-Aquaduct/PCRGlobWB20V07/reduced_global_historical_combined_V02/global_historical_WW_month_millionm3_30sPfaf06_mean_1960_2014M10
2017-12-19 10:00:07,912:DEBUG:projects/WRI-Aquaduct/PCRGlobWB20V07/reduced_global_historical_combined_V02/global_historical_WW_month_millionm3_30sPfaf06_mean_1960_2014M11
2017-12-19 10:00:10,313:DEBUG:projects/WRI-Aquaduct/PCRGlobWB20V07/reduced_global_historical_combined_V02/global_historical_WW_month_millionm3_30sPfaf06_mean_1960_2014M12
2017-12-19 10:00:12,599:DEBUG:projects/WRI-Aquaduct/PCRGlobWB20V07/reduced_global_historical_combined_V02/global_historical_WW_month_millionm3_30sPfaf06_mean_2004_2014M01
2017-12-19 10:00:15,024:DEBUG:projects/WRI-Aquaduct/PCRGlobWB20V07/reduced_global_historical_combined_V02/global_historical_WW_month_millionm3_30sPfaf06_mean_2004_2014M02
2017-12-19 10:00:18,541:DEBUG:projects/WRI-Aquaduct/PCRGlobWB20V07/reduced_global_historical_combined_V02/global_historical_WW_month_millionm3_30sPfaf06_mean_2004_2014M03
2017-12-19 10:00:20,846:DEBUG:projects/WRI-Aquaduct/PCRGlobWB20V07/reduced_global_historical_combined_V02/global_historical_WW_month_millionm3_30sPfaf06_mean_2004_2014M04
2017-12-19 10:00:23,154:DEBUG:projects/WRI-Aquaduct/PCRGlobWB20V07/reduced_global_historical_combined_V02/global_historical_WW_month_millionm3_30sPfaf06_mean_2004_2014M05
2017-12-19 10:00:25,478:DEBUG:projects/WRI-Aquaduct/PCRGlobWB20V07/reduced_global_historical_combined_V02/global_historical_WW_month_millionm3_30sPfaf06_mean_2004_2014M06
2017-12-19 10:00:27,766:DEBUG:projects/WRI-Aquaduct/PCRGlobWB20V07/reduced_global_historical_combined_V02/global_historical_WW_month_millionm3_30sPfaf06_mean_2004_2014M07
2017-12-19 10:00:30,050:DEBUG:projects/WRI-Aquaduct/PCRGlobWB20V07/reduced_global_historical_combined_V02/global_historical_WW_month_millionm3_30sPfaf06_mean_2004_2014M08
2017-12-19 10:00:32,388:DEBUG:projects/WRI-Aquaduct/PCRGlobWB20V07/reduced_global_historical_combined_V02/global_historical_WW_month_millionm3_30sPfaf06_mean_2004_2014M09
2017-12-19 10:00:34,628:DEBUG:projects/WRI-Aquaduct/PCRGlobWB20V07/reduced_global_historical_combined_V02/global_historical_WW_month_millionm3_30sPfaf06_mean_2004_2014M10
2017-12-19 10:00:36,936:DEBUG:projects/WRI-Aquaduct/PCRGlobWB20V07/reduced_global_historical_combined_V02/global_historical_WW_month_millionm3_30sPfaf06_mean_2004_2014M11
2017-12-19 10:00:39,265:DEBUG:projects/WRI-Aquaduct/PCRGlobWB20V07/reduced_global_historical_combined_V02/global_historical_WW_month_millionm3_30sPfaf06_mean_2004_2014M12
2017-12-19 10:00:41,672:DEBUG:projects/WRI-Aquaduct/PCRGlobWB20V07/reduced_global_historical_combined_V02/global_historical_WW_month_millionm3_30sPfaf06_trend_1960_2014M01
2017-12-19 10:00:44,073:DEBUG:projects/WRI-Aquaduct/PCRGlobWB20V07/reduced_global_historical_combined_V02/global_historical_WW_month_millionm3_30sPfaf06_trend_1960_2014M02
2017-12-19 10:00:46,460:DEBUG:projects/WRI-Aquaduct/PCRGlobWB20V07/reduced_global_historical_combined_V02/global_historical_WW_month_millionm3_30sPfaf06_trend_1960_2014M03
2017-12-19 10:00:48,848:DEBUG:projects/WRI-Aquaduct/PCRGlobWB20V07/reduced_global_historical_combined_V02/global_historical_WW_month_millionm3_30sPfaf06_trend_1960_2014M04
2017-12-19 10:00:51,360:DEBUG:projects/WRI-Aquaduct/PCRGlobWB20V07/reduced_global_historical_combined_V02/global_historical_WW_month_millionm3_30sPfaf06_trend_1960_2014M05
2017-12-19 10:00:53,751:DEBUG:projects/WRI-Aquaduct/PCRGlobWB20V07/reduced_global_historical_combined_V02/global_historical_WW_month_millionm3_30sPfaf06_trend_1960_2014M06
2017-12-19 10:00:56,149:DEBUG:projects/WRI-Aquaduct/PCRGlobWB20V07/reduced_global_historical_combined_V02/global_historical_WW_month_millionm3_30sPfaf06_trend_1960_2014M07
2017-12-19 10:00:58,590:DEBUG:projects/WRI-Aquaduct/PCRGlobWB20V07/reduced_global_historical_combined_V02/global_historical_WW_month_millionm3_30sPfaf06_trend_1960_2014M08
2017-12-19 10:01:00,964:DEBUG:projects/WRI-Aquaduct/PCRGlobWB20V07/reduced_global_historical_combined_V02/global_historical_WW_month_millionm3_30sPfaf06_trend_1960_2014M09
2017-12-19 10:01:03,373:DEBUG:projects/WRI-Aquaduct/PCRGlobWB20V07/reduced_global_historical_combined_V02/global_historical_WW_month_millionm3_30sPfaf06_trend_1960_2014M10
2017-12-19 10:01:05,841:DEBUG:projects/WRI-Aquaduct/PCRGlobWB20V07/reduced_global_historical_combined_V02/global_historical_WW_month_millionm3_30sPfaf06_trend_1960_2014M11
2017-12-19 10:01:08,261:DEBUG:projects/WRI-Aquaduct/PCRGlobWB20V07/reduced_global_historical_combined_V02/global_historical_WW_month_millionm3_30sPfaf06_trend_1960_2014M12
2017-12-19 10:01:10,686:DEBUG:projects/WRI-Aquaduct/PCRGlobWB20V07/reduced_global_historical_combined_V02/global_historical_WW_month_millionm3_30sPfaf06_trend_2004_2014M01
2017-12-19 10:01:13,091:DEBUG:projects/WRI-Aquaduct/PCRGlobWB20V07/reduced_global_historical_combined_V02/global_historical_WW_month_millionm3_30sPfaf06_trend_2004_2014M02
2017-12-19 10:01:15,489:DEBUG:projects/WRI-Aquaduct/PCRGlobWB20V07/reduced_global_historical_combined_V02/global_historical_WW_month_millionm3_30sPfaf06_trend_2004_2014M03
2017-12-19 10:01:17,874:DEBUG:projects/WRI-Aquaduct/PCRGlobWB20V07/reduced_global_historical_combined_V02/global_historical_WW_month_millionm3_30sPfaf06_trend_2004_2014M04
2017-12-19 10:01:20,340:DEBUG:projects/WRI-Aquaduct/PCRGlobWB20V07/reduced_global_historical_combined_V02/global_historical_WW_month_millionm3_30sPfaf06_trend_2004_2014M05
2017-12-19 10:01:22,707:DEBUG:projects/WRI-Aquaduct/PCRGlobWB20V07/reduced_global_historical_combined_V02/global_historical_WW_month_millionm3_30sPfaf06_trend_2004_2014M06
2017-12-19 10:01:25,078:DEBUG:projects/WRI-Aquaduct/PCRGlobWB20V07/reduced_global_historical_combined_V02/global_historical_WW_month_millionm3_30sPfaf06_trend_2004_2014M07
2017-12-19 10:01:27,496:DEBUG:projects/WRI-Aquaduct/PCRGlobWB20V07/reduced_global_historical_combined_V02/global_historical_WW_month_millionm3_30sPfaf06_trend_2004_2014M08
2017-12-19 10:01:29,927:DEBUG:projects/WRI-Aquaduct/PCRGlobWB20V07/reduced_global_historical_combined_V02/global_historical_WW_month_millionm3_30sPfaf06_trend_2004_2014M09
2017-12-19 10:01:32,307:DEBUG:projects/WRI-Aquaduct/PCRGlobWB20V07/reduced_global_historical_combined_V02/global_historical_WW_month_millionm3_30sPfaf06_trend_2004_2014M10
2017-12-19 10:01:34,739:DEBUG:projects/WRI-Aquaduct/PCRGlobWB20V07/reduced_global_historical_combined_V02/global_historical_WW_month_millionm3_30sPfaf06_trend_2004_2014M11
2017-12-19 10:01:38,156:DEBUG:projects/WRI-Aquaduct/PCRGlobWB20V07/reduced_global_historical_combined_V02/global_historical_WW_month_millionm3_30sPfaf06_trend_2004_2014M12
2017-12-19 10:01:40,541:DEBUG:projects/WRI-Aquaduct/PCRGlobWB20V07/reduced_global_historical_combined_V02/global_historical_WW_year_millionm3_30sPfaf06_mean_1960_2014M12
2017-12-19 10:01:43,099:DEBUG:projects/WRI-Aquaduct/PCRGlobWB20V07/reduced_global_historical_combined_V02/global_historical_WW_year_millionm3_30sPfaf06_mean_2004_2014M12
2017-12-19 10:01:44,946:DEBUG:projects/WRI-Aquaduct/PCRGlobWB20V07/reduced_global_historical_combined_V02/global_historical_WW_year_millionm3_30sPfaf06_trend_1960_2014M12
2017-12-19 10:01:49,380:DEBUG:projects/WRI-Aquaduct/PCRGlobWB20V07/reduced_global_historical_combined_V02/global_historical_WW_year_millionm3_30sPfaf06_trend_2004_2014M12
2017-12-19 10:01:51,720:DEBUG:projects/WRI-Aquaduct/PCRGlobWB20V07/reduced_global_historical_combined_V02/global_historical_WN_month_millionm3_30sPfaf06_mean_1960_2014M01
2017-12-19 10:01:54,104:DEBUG:projects/WRI-Aquaduct/PCRGlobWB20V07/reduced_global_historical_combined_V02/global_historical_WN_month_millionm3_30sPfaf06_mean_1960_2014M02
2017-12-19 10:01:57,539:DEBUG:projects/WRI-Aquaduct/PCRGlobWB20V07/reduced_global_historical_combined_V02/global_historical_WN_month_millionm3_30sPfaf06_mean_1960_2014M03
2017-12-19 10:01:59,827:DEBUG:projects/WRI-Aquaduct/PCRGlobWB20V07/reduced_global_historical_combined_V02/global_historical_WN_month_millionm3_30sPfaf06_mean_1960_2014M04
2017-12-19 10:02:01,676:DEBUG:projects/WRI-Aquaduct/PCRGlobWB20V07/reduced_global_historical_combined_V02/global_historical_WN_month_millionm3_30sPfaf06_mean_1960_2014M05
2017-12-19 10:02:03,967:DEBUG:projects/WRI-Aquaduct/PCRGlobWB20V07/reduced_global_historical_combined_V02/global_historical_WN_month_millionm3_30sPfaf06_mean_1960_2014M06
2017-12-19 10:02:06,292:DEBUG:projects/WRI-Aquaduct/PCRGlobWB20V07/reduced_global_historical_combined_V02/global_historical_WN_month_millionm3_30sPfaf06_mean_1960_2014M07
2017-12-19 10:02:08,673:DEBUG:projects/WRI-Aquaduct/PCRGlobWB20V07/reduced_global_historical_combined_V02/global_historical_WN_month_millionm3_30sPfaf06_mean_1960_2014M08
2017-12-19 10:02:10,953:DEBUG:projects/WRI-Aquaduct/PCRGlobWB20V07/reduced_global_historical_combined_V02/global_historical_WN_month_millionm3_30sPfaf06_mean_1960_2014M09
2017-12-19 10:02:13,299:DEBUG:projects/WRI-Aquaduct/PCRGlobWB20V07/reduced_global_historical_combined_V02/global_historical_WN_month_millionm3_30sPfaf06_mean_1960_2014M10
2017-12-19 10:02:15,563:DEBUG:projects/WRI-Aquaduct/PCRGlobWB20V07/reduced_global_historical_combined_V02/global_historical_WN_month_millionm3_30sPfaf06_mean_1960_2014M11
2017-12-19 10:02:17,839:DEBUG:projects/WRI-Aquaduct/PCRGlobWB20V07/reduced_global_historical_combined_V02/global_historical_WN_month_millionm3_30sPfaf06_mean_1960_2014M12
2017-12-19 10:02:20,153:DEBUG:projects/WRI-Aquaduct/PCRGlobWB20V07/reduced_global_historical_combined_V02/global_historical_WN_month_millionm3_30sPfaf06_mean_2004_2014M01
2017-12-19 10:02:22,529:DEBUG:projects/WRI-Aquaduct/PCRGlobWB20V07/reduced_global_historical_combined_V02/global_historical_WN_month_millionm3_30sPfaf06_mean_2004_2014M02
2017-12-19 10:02:24,378:DEBUG:projects/WRI-Aquaduct/PCRGlobWB20V07/reduced_global_historical_combined_V02/global_historical_WN_month_millionm3_30sPfaf06_mean_2004_2014M03
2017-12-19 10:02:26,257:DEBUG:projects/WRI-Aquaduct/PCRGlobWB20V07/reduced_global_historical_combined_V02/global_historical_WN_month_millionm3_30sPfaf06_mean_2004_2014M04
2017-12-19 10:02:28,725:DEBUG:projects/WRI-Aquaduct/PCRGlobWB20V07/reduced_global_historical_combined_V02/global_historical_WN_month_millionm3_30sPfaf06_mean_2004_2014M05
2017-12-19 10:02:31,088:DEBUG:projects/WRI-Aquaduct/PCRGlobWB20V07/reduced_global_historical_combined_V02/global_historical_WN_month_millionm3_30sPfaf06_mean_2004_2014M06
2017-12-19 10:02:33,446:DEBUG:projects/WRI-Aquaduct/PCRGlobWB20V07/reduced_global_historical_combined_V02/global_historical_WN_month_millionm3_30sPfaf06_mean_2004_2014M07
2017-12-19 10:02:35,340:DEBUG:projects/WRI-Aquaduct/PCRGlobWB20V07/reduced_global_historical_combined_V02/global_historical_WN_month_millionm3_30sPfaf06_mean_2004_2014M08
2017-12-19 10:02:37,701:DEBUG:projects/WRI-Aquaduct/PCRGlobWB20V07/reduced_global_historical_combined_V02/global_historical_WN_month_millionm3_30sPfaf06_mean_2004_2014M09
2017-12-19 10:02:40,096:DEBUG:projects/WRI-Aquaduct/PCRGlobWB20V07/reduced_global_historical_combined_V02/global_historical_WN_month_millionm3_30sPfaf06_mean_2004_2014M10
2017-12-19 10:02:42,453:DEBUG:projects/WRI-Aquaduct/PCRGlobWB20V07/reduced_global_historical_combined_V02/global_historical_WN_month_millionm3_30sPfaf06_mean_2004_2014M11
2017-12-19 10:02:44,689:DEBUG:projects/WRI-Aquaduct/PCRGlobWB20V07/reduced_global_historical_combined_V02/global_historical_WN_month_millionm3_30sPfaf06_mean_2004_2014M12
2017-12-19 10:02:47,024:DEBUG:projects/WRI-Aquaduct/PCRGlobWB20V07/reduced_global_historical_combined_V02/global_historical_WN_month_millionm3_30sPfaf06_trend_1960_2014M01
2017-12-19 10:02:49,026:DEBUG:projects/WRI-Aquaduct/PCRGlobWB20V07/reduced_global_historical_combined_V02/global_historical_WN_month_millionm3_30sPfaf06_trend_1960_2014M02
2017-12-19 10:02:51,438:DEBUG:projects/WRI-Aquaduct/PCRGlobWB20V07/reduced_global_historical_combined_V02/global_historical_WN_month_millionm3_30sPfaf06_trend_1960_2014M03
2017-12-19 10:02:53,911:DEBUG:projects/WRI-Aquaduct/PCRGlobWB20V07/reduced_global_historical_combined_V02/global_historical_WN_month_millionm3_30sPfaf06_trend_1960_2014M04
2017-12-19 10:02:56,294:DEBUG:projects/WRI-Aquaduct/PCRGlobWB20V07/reduced_global_historical_combined_V02/global_historical_WN_month_millionm3_30sPfaf06_trend_1960_2014M05
2017-12-19 10:02:58,781:DEBUG:projects/WRI-Aquaduct/PCRGlobWB20V07/reduced_global_historical_combined_V02/global_historical_WN_month_millionm3_30sPfaf06_trend_1960_2014M06
2017-12-19 10:03:03,969:DEBUG:projects/WRI-Aquaduct/PCRGlobWB20V07/reduced_global_historical_combined_V02/global_historical_WN_month_millionm3_30sPfaf06_trend_1960_2014M07
2017-12-19 10:03:06,378:DEBUG:projects/WRI-Aquaduct/PCRGlobWB20V07/reduced_global_historical_combined_V02/global_historical_WN_month_millionm3_30sPfaf06_trend_1960_2014M08
2017-12-19 10:03:08,800:DEBUG:projects/WRI-Aquaduct/PCRGlobWB20V07/reduced_global_historical_combined_V02/global_historical_WN_month_millionm3_30sPfaf06_trend_1960_2014M09
2017-12-19 10:03:12,584:DEBUG:projects/WRI-Aquaduct/PCRGlobWB20V07/reduced_global_historical_combined_V02/global_historical_WN_month_millionm3_30sPfaf06_trend_1960_2014M10
2017-12-19 10:03:14,966:DEBUG:projects/WRI-Aquaduct/PCRGlobWB20V07/reduced_global_historical_combined_V02/global_historical_WN_month_millionm3_30sPfaf06_trend_1960_2014M11
2017-12-19 10:03:17,362:DEBUG:projects/WRI-Aquaduct/PCRGlobWB20V07/reduced_global_historical_combined_V02/global_historical_WN_month_millionm3_30sPfaf06_trend_1960_2014M12
2017-12-19 10:03:19,785:DEBUG:projects/WRI-Aquaduct/PCRGlobWB20V07/reduced_global_historical_combined_V02/global_historical_WN_month_millionm3_30sPfaf06_trend_2004_2014M01
2017-12-19 10:03:22,196:DEBUG:projects/WRI-Aquaduct/PCRGlobWB20V07/reduced_global_historical_combined_V02/global_historical_WN_month_millionm3_30sPfaf06_trend_2004_2014M02
2017-12-19 10:03:24,569:DEBUG:projects/WRI-Aquaduct/PCRGlobWB20V07/reduced_global_historical_combined_V02/global_historical_WN_month_millionm3_30sPfaf06_trend_2004_2014M03
2017-12-19 10:03:26,978:DEBUG:projects/WRI-Aquaduct/PCRGlobWB20V07/reduced_global_historical_combined_V02/global_historical_WN_month_millionm3_30sPfaf06_trend_2004_2014M04
2017-12-19 10:03:29,380:DEBUG:projects/WRI-Aquaduct/PCRGlobWB20V07/reduced_global_historical_combined_V02/global_historical_WN_month_millionm3_30sPfaf06_trend_2004_2014M05
2017-12-19 10:03:32,748:DEBUG:projects/WRI-Aquaduct/PCRGlobWB20V07/reduced_global_historical_combined_V02/global_historical_WN_month_millionm3_30sPfaf06_trend_2004_2014M06
2017-12-19 10:03:34,709:DEBUG:projects/WRI-Aquaduct/PCRGlobWB20V07/reduced_global_historical_combined_V02/global_historical_WN_month_millionm3_30sPfaf06_trend_2004_2014M07
2017-12-19 10:03:37,156:DEBUG:projects/WRI-Aquaduct/PCRGlobWB20V07/reduced_global_historical_combined_V02/global_historical_WN_month_millionm3_30sPfaf06_trend_2004_2014M08
2017-12-19 10:03:39,583:DEBUG:projects/WRI-Aquaduct/PCRGlobWB20V07/reduced_global_historical_combined_V02/global_historical_WN_month_millionm3_30sPfaf06_trend_2004_2014M09
2017-12-19 10:03:41,969:DEBUG:projects/WRI-Aquaduct/PCRGlobWB20V07/reduced_global_historical_combined_V02/global_historical_WN_month_millionm3_30sPfaf06_trend_2004_2014M10
2017-12-19 10:03:44,415:DEBUG:projects/WRI-Aquaduct/PCRGlobWB20V07/reduced_global_historical_combined_V02/global_historical_WN_month_millionm3_30sPfaf06_trend_2004_2014M11
2017-12-19 10:03:46,896:DEBUG:projects/WRI-Aquaduct/PCRGlobWB20V07/reduced_global_historical_combined_V02/global_historical_WN_month_millionm3_30sPfaf06_trend_2004_2014M12
2017-12-19 10:03:49,370:DEBUG:projects/WRI-Aquaduct/PCRGlobWB20V07/reduced_global_historical_combined_V02/global_historical_WN_year_millionm3_30sPfaf06_mean_1960_2014M12
2017-12-19 10:03:51,663:DEBUG:projects/WRI-Aquaduct/PCRGlobWB20V07/reduced_global_historical_combined_V02/global_historical_WN_year_millionm3_30sPfaf06_mean_2004_2014M12
2017-12-19 10:03:53,467:DEBUG:projects/WRI-Aquaduct/PCRGlobWB20V07/reduced_global_historical_combined_V02/global_historical_WN_year_millionm3_30sPfaf06_trend_1960_2014M12
2017-12-19 10:03:55,743:DEBUG:projects/WRI-Aquaduct/PCRGlobWB20V07/reduced_global_historical_combined_V02/global_historical_WN_year_millionm3_30sPfaf06_trend_2004_2014M12
