2017-12-04 14:43:30,621:ERROR:error  1960 12 year
Traceback (most recent call last):
  File "<ipython-input-11-392378b58954>", line 11, in <module>
    waterStressUncapped(year,month,temporalResolution)
  File "<ipython-input-8-41c3931c786f>", line 132, in waterStressUncapped
    dimensions = dimensions,
NameError: global name 'dimensions' is not defined
2017-12-04 14:46:08,653:DEBUG:exists 1960 12 year
2017-12-04 14:46:11,074:DEBUG:exists 1961 12 year
2017-12-04 14:46:13,398:DEBUG:exists 1962 12 year
2017-12-04 14:46:15,640:DEBUG:exists 1963 12 year
2017-12-04 14:46:17,552:DEBUG:exists 1964 12 year
2017-12-04 14:46:19,875:DEBUG:exists 1965 12 year
2017-12-04 14:46:22,146:DEBUG:exists 1966 12 year
2017-12-04 14:46:24,482:DEBUG:exists 1967 12 year
2017-12-04 14:46:26,803:DEBUG:exists 1968 12 year
2017-12-04 14:46:29,105:DEBUG:exists 1969 12 year
2017-12-04 14:46:31,409:DEBUG:exists 1970 12 year
2017-12-04 14:46:33,777:DEBUG:exists 1971 12 year
2017-12-04 14:46:35,541:DEBUG:exists 1972 12 year
2017-12-04 14:46:37,860:DEBUG:exists 1973 12 year
2017-12-04 14:46:40,253:DEBUG:exists 1974 12 year
2017-12-04 14:46:42,569:DEBUG:exists 1975 12 year
2017-12-04 14:46:44,851:DEBUG:exists 1976 12 year
2017-12-04 14:46:47,178:DEBUG:exists 1977 12 year
2017-12-04 14:46:49,009:DEBUG:exists 1978 12 year
2017-12-04 14:46:51,305:DEBUG:exists 1979 12 year
2017-12-04 14:46:53,700:DEBUG:exists 1980 12 year
2017-12-04 14:46:56,042:DEBUG:exists 1981 12 year
2017-12-04 14:46:58,377:DEBUG:exists 1982 12 year
2017-12-04 14:47:00,704:DEBUG:exists 1983 12 year
2017-12-04 14:47:03,009:DEBUG:exists 1984 12 year
2017-12-04 14:47:05,351:DEBUG:exists 1985 12 year
2017-12-04 14:47:07,664:DEBUG:exists 1986 12 year
2017-12-04 14:47:09,958:DEBUG:exists 1987 12 year
2017-12-04 14:47:12,303:DEBUG:exists 1988 12 year
2017-12-04 14:47:14,629:DEBUG:exists 1989 12 year
2017-12-04 14:47:16,944:DEBUG:exists 1990 12 year
2017-12-04 14:47:19,230:DEBUG:exists 1991 12 year
2017-12-04 14:47:21,599:DEBUG:exists 1992 12 year
2017-12-04 14:47:23,897:DEBUG:exists 1993 12 year
2017-12-04 14:47:26,350:DEBUG:exists 1994 12 year
2017-12-04 14:47:28,698:DEBUG:exists 1995 12 year
2017-12-04 14:47:31,030:DEBUG:exists 1996 12 year
2017-12-04 14:47:33,371:DEBUG:exists 1997 12 year
2017-12-04 14:47:35,718:DEBUG:exists 1998 12 year
2017-12-04 14:47:38,093:DEBUG:exists 1999 12 year
2017-12-04 14:47:40,443:DEBUG:exists 2000 12 year
2017-12-04 14:47:42,602:DEBUG:exists 2001 12 year
2017-12-04 14:47:44,995:DEBUG:exists 2002 12 year
2017-12-04 14:47:47,312:DEBUG:exists 2003 12 year
2017-12-04 14:47:49,712:DEBUG:exists 2004 12 year
2017-12-04 14:47:52,039:DEBUG:exists 2005 12 year
2017-12-04 14:47:54,364:DEBUG:exists 2006 12 year
2017-12-04 14:47:56,632:DEBUG:exists 2007 12 year
2017-12-04 14:47:58,944:DEBUG:exists 2008 12 year
2017-12-04 14:48:01,347:DEBUG:exists 2009 12 year
2017-12-04 14:48:04,014:DEBUG:exists 2010 12 year
2017-12-04 14:48:06,308:DEBUG:exists 2011 12 year
2017-12-04 14:48:08,577:DEBUG:exists 2012 12 year
2017-12-04 14:48:10,894:DEBUG:exists 2013 12 year
2017-12-04 14:48:13,246:DEBUG:exists 2014 12 year
2017-12-04 15:46:50,941:DEBUG:exists 1982 12 year
