2017-12-18 13:19:25,642:ERROR:
2017-12-18 15:45:44,333:ERROR:Asset projects/WRI-Aquaduct/PCRGlobWB20V07/reduced_global_historical_combined already exists

2017-12-18 15:46:32,113:DEBUG:projects/WRI-Aquaduct/PCRGlobWB20V07/reduced_global_historical_combined/global_historical_Q_month_millionm3_30sPfaf06_mean_1960_2014M01
2017-12-18 15:46:33,380:DEBUG:projects/WRI-Aquaduct/PCRGlobWB20V07/reduced_global_historical_combined/global_historical_Q_month_millionm3_30sPfaf06_mean_1960_2014M02
2017-12-18 15:46:34,637:DEBUG:projects/WRI-Aquaduct/PCRGlobWB20V07/reduced_global_historical_combined/global_historical_Q_month_millionm3_30sPfaf06_mean_1960_2014M03
2017-12-18 15:46:35,900:DEBUG:projects/WRI-Aquaduct/PCRGlobWB20V07/reduced_global_historical_combined/global_historical_Q_month_millionm3_30sPfaf06_mean_1960_2014M04
2017-12-18 15:46:37,151:DEBUG:projects/WRI-Aquaduct/PCRGlobWB20V07/reduced_global_historical_combined/global_historical_Q_month_millionm3_30sPfaf06_mean_1960_2014M05
2017-12-18 15:46:38,456:DEBUG:projects/WRI-Aquaduct/PCRGlobWB20V07/reduced_global_historical_combined/global_historical_Q_month_millionm3_30sPfaf06_mean_1960_2014M06
2017-12-18 15:46:39,756:DEBUG:projects/WRI-Aquaduct/PCRGlobWB20V07/reduced_global_historical_combined/global_historical_Q_month_millionm3_30sPfaf06_mean_1960_2014M07
2017-12-18 15:46:41,046:DEBUG:projects/WRI-Aquaduct/PCRGlobWB20V07/reduced_global_historical_combined/global_historical_Q_month_millionm3_30sPfaf06_mean_1960_2014M08
2017-12-18 15:46:42,330:DEBUG:projects/WRI-Aquaduct/PCRGlobWB20V07/reduced_global_historical_combined/global_historical_Q_month_millionm3_30sPfaf06_mean_1960_2014M09
2017-12-18 15:46:43,644:DEBUG:projects/WRI-Aquaduct/PCRGlobWB20V07/reduced_global_historical_combined/global_historical_Q_month_millionm3_30sPfaf06_mean_1960_2014M10
2017-12-18 15:46:44,919:DEBUG:projects/WRI-Aquaduct/PCRGlobWB20V07/reduced_global_historical_combined/global_historical_Q_month_millionm3_30sPfaf06_mean_1960_2014M11
2017-12-18 15:46:46,177:DEBUG:projects/WRI-Aquaduct/PCRGlobWB20V07/reduced_global_historical_combined/global_historical_Q_month_millionm3_30sPfaf06_mean_1960_2014M12
2017-12-18 15:46:47,444:DEBUG:projects/WRI-Aquaduct/PCRGlobWB20V07/reduced_global_historical_combined/global_historical_Q_month_millionm3_30sPfaf06_mean_2004_2014M01
2017-12-18 15:46:48,712:DEBUG:projects/WRI-Aquaduct/PCRGlobWB20V07/reduced_global_historical_combined/global_historical_Q_month_millionm3_30sPfaf06_mean_2004_2014M02
2017-12-18 15:46:49,980:DEBUG:projects/WRI-Aquaduct/PCRGlobWB20V07/reduced_global_historical_combined/global_historical_Q_month_millionm3_30sPfaf06_mean_2004_2014M03
2017-12-18 15:46:51,241:DEBUG:projects/WRI-Aquaduct/PCRGlobWB20V07/reduced_global_historical_combined/global_historical_Q_month_millionm3_30sPfaf06_mean_2004_2014M04
2017-12-18 15:46:52,562:DEBUG:projects/WRI-Aquaduct/PCRGlobWB20V07/reduced_global_historical_combined/global_historical_Q_month_millionm3_30sPfaf06_mean_2004_2014M05
2017-12-18 15:46:53,845:DEBUG:projects/WRI-Aquaduct/PCRGlobWB20V07/reduced_global_historical_combined/global_historical_Q_month_millionm3_30sPfaf06_mean_2004_2014M06
2017-12-18 15:46:55,085:DEBUG:projects/WRI-Aquaduct/PCRGlobWB20V07/reduced_global_historical_combined/global_historical_Q_month_millionm3_30sPfaf06_mean_2004_2014M07
2017-12-18 15:46:56,323:DEBUG:projects/WRI-Aquaduct/PCRGlobWB20V07/reduced_global_historical_combined/global_historical_Q_month_millionm3_30sPfaf06_mean_2004_2014M08
2017-12-18 15:46:57,576:DEBUG:projects/WRI-Aquaduct/PCRGlobWB20V07/reduced_global_historical_combined/global_historical_Q_month_millionm3_30sPfaf06_mean_2004_2014M09
2017-12-18 15:46:58,831:DEBUG:projects/WRI-Aquaduct/PCRGlobWB20V07/reduced_global_historical_combined/global_historical_Q_month_millionm3_30sPfaf06_mean_2004_2014M10
2017-12-18 15:47:00,091:DEBUG:projects/WRI-Aquaduct/PCRGlobWB20V07/reduced_global_historical_combined/global_historical_Q_month_millionm3_30sPfaf06_mean_2004_2014M11
2017-12-18 15:47:01,336:DEBUG:projects/WRI-Aquaduct/PCRGlobWB20V07/reduced_global_historical_combined/global_historical_Q_month_millionm3_30sPfaf06_mean_2004_2014M12
2017-12-18 15:47:02,598:DEBUG:projects/WRI-Aquaduct/PCRGlobWB20V07/reduced_global_historical_combined/global_historical_Q_year_millionm3_30sPfaf06_mean_1960_2014M12
2017-12-18 15:47:03,860:DEBUG:projects/WRI-Aquaduct/PCRGlobWB20V07/reduced_global_historical_combined/global_historical_Q_year_millionm3_30sPfaf06_mean_2004_2014M12
2017-12-18 15:47:05,154:DEBUG:projects/WRI-Aquaduct/PCRGlobWB20V07/reduced_global_historical_combined/global_historical_WW_month_millionm3_30sPfaf06_mean_1960_2014M01
2017-12-18 15:47:06,415:DEBUG:projects/WRI-Aquaduct/PCRGlobWB20V07/reduced_global_historical_combined/global_historical_WW_month_millionm3_30sPfaf06_mean_1960_2014M02
2017-12-18 15:47:07,670:DEBUG:projects/WRI-Aquaduct/PCRGlobWB20V07/reduced_global_historical_combined/global_historical_WW_month_millionm3_30sPfaf06_mean_1960_2014M03
2017-12-18 15:47:08,932:DEBUG:projects/WRI-Aquaduct/PCRGlobWB20V07/reduced_global_historical_combined/global_historical_WW_month_millionm3_30sPfaf06_mean_1960_2014M04
2017-12-18 15:47:10,206:DEBUG:projects/WRI-Aquaduct/PCRGlobWB20V07/reduced_global_historical_combined/global_historical_WW_month_millionm3_30sPfaf06_mean_1960_2014M05
2017-12-18 15:47:11,454:DEBUG:projects/WRI-Aquaduct/PCRGlobWB20V07/reduced_global_historical_combined/global_historical_WW_month_millionm3_30sPfaf06_mean_1960_2014M06
2017-12-18 15:47:12,691:DEBUG:projects/WRI-Aquaduct/PCRGlobWB20V07/reduced_global_historical_combined/global_historical_WW_month_millionm3_30sPfaf06_mean_1960_2014M07
2017-12-18 15:47:13,942:DEBUG:projects/WRI-Aquaduct/PCRGlobWB20V07/reduced_global_historical_combined/global_historical_WW_month_millionm3_30sPfaf06_mean_1960_2014M08
2017-12-18 15:47:15,326:DEBUG:projects/WRI-Aquaduct/PCRGlobWB20V07/reduced_global_historical_combined/global_historical_WW_month_millionm3_30sPfaf06_mean_1960_2014M09
2017-12-18 15:47:16,576:DEBUG:projects/WRI-Aquaduct/PCRGlobWB20V07/reduced_global_historical_combined/global_historical_WW_month_millionm3_30sPfaf06_mean_1960_2014M10
2017-12-18 15:47:17,860:DEBUG:projects/WRI-Aquaduct/PCRGlobWB20V07/reduced_global_historical_combined/global_historical_WW_month_millionm3_30sPfaf06_mean_1960_2014M11
2017-12-18 15:47:19,111:DEBUG:projects/WRI-Aquaduct/PCRGlobWB20V07/reduced_global_historical_combined/global_historical_WW_month_millionm3_30sPfaf06_mean_1960_2014M12
2017-12-18 15:47:20,343:DEBUG:projects/WRI-Aquaduct/PCRGlobWB20V07/reduced_global_historical_combined/global_historical_WW_month_millionm3_30sPfaf06_mean_2004_2014M01
2017-12-18 15:47:21,595:DEBUG:projects/WRI-Aquaduct/PCRGlobWB20V07/reduced_global_historical_combined/global_historical_WW_month_millionm3_30sPfaf06_mean_2004_2014M02
2017-12-18 15:47:22,868:DEBUG:projects/WRI-Aquaduct/PCRGlobWB20V07/reduced_global_historical_combined/global_historical_WW_month_millionm3_30sPfaf06_mean_2004_2014M03
2017-12-18 15:47:24,113:DEBUG:projects/WRI-Aquaduct/PCRGlobWB20V07/reduced_global_historical_combined/global_historical_WW_month_millionm3_30sPfaf06_mean_2004_2014M04
2017-12-18 15:47:25,356:DEBUG:projects/WRI-Aquaduct/PCRGlobWB20V07/reduced_global_historical_combined/global_historical_WW_month_millionm3_30sPfaf06_mean_2004_2014M05
2017-12-18 15:47:26,614:DEBUG:projects/WRI-Aquaduct/PCRGlobWB20V07/reduced_global_historical_combined/global_historical_WW_month_millionm3_30sPfaf06_mean_2004_2014M06
2017-12-18 15:47:27,860:DEBUG:projects/WRI-Aquaduct/PCRGlobWB20V07/reduced_global_historical_combined/global_historical_WW_month_millionm3_30sPfaf06_mean_2004_2014M07
2017-12-18 15:47:29,120:DEBUG:projects/WRI-Aquaduct/PCRGlobWB20V07/reduced_global_historical_combined/global_historical_WW_month_millionm3_30sPfaf06_mean_2004_2014M08
2017-12-18 15:47:30,409:DEBUG:projects/WRI-Aquaduct/PCRGlobWB20V07/reduced_global_historical_combined/global_historical_WW_month_millionm3_30sPfaf06_mean_2004_2014M09
2017-12-18 15:47:31,670:DEBUG:projects/WRI-Aquaduct/PCRGlobWB20V07/reduced_global_historical_combined/global_historical_WW_month_millionm3_30sPfaf06_mean_2004_2014M10
2017-12-18 15:47:32,920:DEBUG:projects/WRI-Aquaduct/PCRGlobWB20V07/reduced_global_historical_combined/global_historical_WW_month_millionm3_30sPfaf06_mean_2004_2014M11
2017-12-18 15:47:34,172:DEBUG:projects/WRI-Aquaduct/PCRGlobWB20V07/reduced_global_historical_combined/global_historical_WW_month_millionm3_30sPfaf06_mean_2004_2014M12
2017-12-18 15:47:35,466:DEBUG:projects/WRI-Aquaduct/PCRGlobWB20V07/reduced_global_historical_combined/global_historical_WW_year_millionm3_30sPfaf06_mean_1960_2014M12
2017-12-18 15:47:36,721:DEBUG:projects/WRI-Aquaduct/PCRGlobWB20V07/reduced_global_historical_combined/global_historical_WW_year_millionm3_30sPfaf06_mean_2004_2014M12
2017-12-18 15:47:37,973:DEBUG:projects/WRI-Aquaduct/PCRGlobWB20V07/reduced_global_historical_combined/global_historical_WN_month_millionm3_30sPfaf06_mean_1960_2014M01
2017-12-18 15:47:39,225:DEBUG:projects/WRI-Aquaduct/PCRGlobWB20V07/reduced_global_historical_combined/global_historical_WN_month_millionm3_30sPfaf06_mean_1960_2014M02
2017-12-18 15:47:40,467:DEBUG:projects/WRI-Aquaduct/PCRGlobWB20V07/reduced_global_historical_combined/global_historical_WN_month_millionm3_30sPfaf06_mean_1960_2014M03
2017-12-18 15:47:41,727:DEBUG:projects/WRI-Aquaduct/PCRGlobWB20V07/reduced_global_historical_combined/global_historical_WN_month_millionm3_30sPfaf06_mean_1960_2014M04
2017-12-18 15:47:43,055:DEBUG:projects/WRI-Aquaduct/PCRGlobWB20V07/reduced_global_historical_combined/global_historical_WN_month_millionm3_30sPfaf06_mean_1960_2014M05
2017-12-18 15:47:44,308:DEBUG:projects/WRI-Aquaduct/PCRGlobWB20V07/reduced_global_historical_combined/global_historical_WN_month_millionm3_30sPfaf06_mean_1960_2014M06
2017-12-18 15:47:45,547:DEBUG:projects/WRI-Aquaduct/PCRGlobWB20V07/reduced_global_historical_combined/global_historical_WN_month_millionm3_30sPfaf06_mean_1960_2014M07
2017-12-18 15:47:46,818:DEBUG:projects/WRI-Aquaduct/PCRGlobWB20V07/reduced_global_historical_combined/global_historical_WN_month_millionm3_30sPfaf06_mean_1960_2014M08
2017-12-18 15:47:48,072:DEBUG:projects/WRI-Aquaduct/PCRGlobWB20V07/reduced_global_historical_combined/global_historical_WN_month_millionm3_30sPfaf06_mean_1960_2014M09
2017-12-18 15:47:49,310:DEBUG:projects/WRI-Aquaduct/PCRGlobWB20V07/reduced_global_historical_combined/global_historical_WN_month_millionm3_30sPfaf06_mean_1960_2014M10
2017-12-18 15:47:50,563:DEBUG:projects/WRI-Aquaduct/PCRGlobWB20V07/reduced_global_historical_combined/global_historical_WN_month_millionm3_30sPfaf06_mean_1960_2014M11
2017-12-18 15:47:51,812:DEBUG:projects/WRI-Aquaduct/PCRGlobWB20V07/reduced_global_historical_combined/global_historical_WN_month_millionm3_30sPfaf06_mean_1960_2014M12
2017-12-18 15:47:53,083:DEBUG:projects/WRI-Aquaduct/PCRGlobWB20V07/reduced_global_historical_combined/global_historical_WN_month_millionm3_30sPfaf06_mean_2004_2014M01
2017-12-18 15:47:54,328:DEBUG:projects/WRI-Aquaduct/PCRGlobWB20V07/reduced_global_historical_combined/global_historical_WN_month_millionm3_30sPfaf06_mean_2004_2014M02
2017-12-18 15:47:55,648:DEBUG:projects/WRI-Aquaduct/PCRGlobWB20V07/reduced_global_historical_combined/global_historical_WN_month_millionm3_30sPfaf06_mean_2004_2014M03
2017-12-18 15:47:56,911:DEBUG:projects/WRI-Aquaduct/PCRGlobWB20V07/reduced_global_historical_combined/global_historical_WN_month_millionm3_30sPfaf06_mean_2004_2014M04
2017-12-18 15:47:58,164:DEBUG:projects/WRI-Aquaduct/PCRGlobWB20V07/reduced_global_historical_combined/global_historical_WN_month_millionm3_30sPfaf06_mean_2004_2014M05
2017-12-18 15:47:59,461:DEBUG:projects/WRI-Aquaduct/PCRGlobWB20V07/reduced_global_historical_combined/global_historical_WN_month_millionm3_30sPfaf06_mean_2004_2014M06
2017-12-18 15:48:00,718:DEBUG:projects/WRI-Aquaduct/PCRGlobWB20V07/reduced_global_historical_combined/global_historical_WN_month_millionm3_30sPfaf06_mean_2004_2014M07
2017-12-18 15:48:01,974:DEBUG:projects/WRI-Aquaduct/PCRGlobWB20V07/reduced_global_historical_combined/global_historical_WN_month_millionm3_30sPfaf06_mean_2004_2014M08
2017-12-18 15:48:03,226:DEBUG:projects/WRI-Aquaduct/PCRGlobWB20V07/reduced_global_historical_combined/global_historical_WN_month_millionm3_30sPfaf06_mean_2004_2014M09
2017-12-18 15:48:04,466:DEBUG:projects/WRI-Aquaduct/PCRGlobWB20V07/reduced_global_historical_combined/global_historical_WN_month_millionm3_30sPfaf06_mean_2004_2014M10
2017-12-18 15:48:05,733:DEBUG:projects/WRI-Aquaduct/PCRGlobWB20V07/reduced_global_historical_combined/global_historical_WN_month_millionm3_30sPfaf06_mean_2004_2014M11
2017-12-18 15:48:07,005:DEBUG:projects/WRI-Aquaduct/PCRGlobWB20V07/reduced_global_historical_combined/global_historical_WN_month_millionm3_30sPfaf06_mean_2004_2014M12
2017-12-18 15:48:08,302:DEBUG:projects/WRI-Aquaduct/PCRGlobWB20V07/reduced_global_historical_combined/global_historical_WN_year_millionm3_30sPfaf06_mean_1960_2014M12
2017-12-18 15:48:09,554:DEBUG:projects/WRI-Aquaduct/PCRGlobWB20V07/reduced_global_historical_combined/global_historical_WN_year_millionm3_30sPfaf06_mean_2004_2014M12
2017-12-18 15:59:31,969:ERROR:Asset projects/WRI-Aquaduct/PCRGlobWB20V07/reduced_global_historical_combined already exists

2017-12-18 15:59:58,100:DEBUG:projects/WRI-Aquaduct/PCRGlobWB20V07/reduced_global_historical_combined/global_historical_Q_year_millionm3_30sPfaf06_mean_1960_2014M12
2017-12-18 16:00:00,591:DEBUG:projects/WRI-Aquaduct/PCRGlobWB20V07/reduced_global_historical_combined/global_historical_Q_year_millionm3_30sPfaf06_mean_2004_2014M12
2017-12-18 16:12:56,054:ERROR:Asset projects/WRI-Aquaduct/PCRGlobWB20V07/reduced_global_historical_combined already exists

2017-12-18 16:12:58,010:DEBUG:projects/WRI-Aquaduct/PCRGlobWB20V07/reduced_global_historical_combined/global_historical_Q_year_millionm3_30sPfaf06_mean_2004_2014M12
2017-12-18 16:13:00,409:DEBUG:projects/WRI-Aquaduct/PCRGlobWB20V07/reduced_global_historical_combined/global_historical_Q_year_millionm3_30sPfaf06_trend_1960_2014M12
2017-12-18 16:13:02,814:DEBUG:projects/WRI-Aquaduct/PCRGlobWB20V07/reduced_global_historical_combined/global_historical_Q_year_millionm3_30sPfaf06_trend_2004_2014M12
2017-12-18 16:13:52,000:ERROR:Asset projects/WRI-Aquaduct/PCRGlobWB20V07/reduced_global_historical_combined already exists

2017-12-18 16:14:43,602:ERROR:Asset projects/WRI-Aquaduct/PCRGlobWB20V07/reduced_global_historical_combined already exists

2017-12-18 16:14:46,132:DEBUG:projects/WRI-Aquaduct/PCRGlobWB20V07/reduced_global_historical_combined/global_historical_Q_year_millionm3_30sPfaf06_trend_1960_2014M12
2017-12-18 16:14:48,583:DEBUG:projects/WRI-Aquaduct/PCRGlobWB20V07/reduced_global_historical_combined/global_historical_Q_year_millionm3_30sPfaf06_trend_2004_2014M12
2017-12-18 16:17:14,747:ERROR:Asset projects/WRI-Aquaduct/PCRGlobWB20V07/reduced_global_historical_combined already exists

2017-12-18 16:18:51,930:ERROR:Asset projects/WRI-Aquaduct/PCRGlobWB20V07/reduced_global_historical_combined already exists

2017-12-18 16:20:02,651:ERROR:Asset projects/WRI-Aquaduct/PCRGlobWB20V07/reduced_global_historical_combined already exists

2017-12-18 16:25:45,846:ERROR:Asset projects/WRI-Aquaduct/PCRGlobWB20V07/reduced_global_historical_combined already exists

2017-12-18 16:26:29,590:ERROR:Asset projects/WRI-Aquaduct/PCRGlobWB20V07/reduced_global_historical_combined already exists

2017-12-18 16:26:32,783:DEBUG:projects/WRI-Aquaduct/PCRGlobWB20V07/reduced_global_historical_combined/global_historical_Q_year_millionm3_30sPfaf06_trend_1960_2014M12
2017-12-18 16:26:35,685:DEBUG:projects/WRI-Aquaduct/PCRGlobWB20V07/reduced_global_historical_combined/global_historical_Q_year_millionm3_30sPfaf06_trend_2004_2014M12
2017-12-18 16:27:46,126:ERROR:Asset projects/WRI-Aquaduct/PCRGlobWB20V07/reduced_global_historical_combined already exists

2017-12-18 16:27:47,398:DEBUG:projects/WRI-Aquaduct/PCRGlobWB20V07/reduced_global_historical_combined/global_historical_Q_month_millionm3_30sPfaf06_mean_1960_2014M01
2017-12-18 16:27:49,795:DEBUG:projects/WRI-Aquaduct/PCRGlobWB20V07/reduced_global_historical_combined/global_historical_Q_month_millionm3_30sPfaf06_mean_1960_2014M02
2017-12-18 16:27:52,039:DEBUG:projects/WRI-Aquaduct/PCRGlobWB20V07/reduced_global_historical_combined/global_historical_Q_month_millionm3_30sPfaf06_mean_1960_2014M03
2017-12-18 16:27:54,318:DEBUG:projects/WRI-Aquaduct/PCRGlobWB20V07/reduced_global_historical_combined/global_historical_Q_month_millionm3_30sPfaf06_mean_1960_2014M04
2017-12-18 16:27:56,643:DEBUG:projects/WRI-Aquaduct/PCRGlobWB20V07/reduced_global_historical_combined/global_historical_Q_month_millionm3_30sPfaf06_mean_1960_2014M05
2017-12-18 16:27:58,893:DEBUG:projects/WRI-Aquaduct/PCRGlobWB20V07/reduced_global_historical_combined/global_historical_Q_month_millionm3_30sPfaf06_mean_1960_2014M06
2017-12-18 16:28:01,120:DEBUG:projects/WRI-Aquaduct/PCRGlobWB20V07/reduced_global_historical_combined/global_historical_Q_month_millionm3_30sPfaf06_mean_1960_2014M07
2017-12-18 16:28:03,478:DEBUG:projects/WRI-Aquaduct/PCRGlobWB20V07/reduced_global_historical_combined/global_historical_Q_month_millionm3_30sPfaf06_mean_1960_2014M08
2017-12-18 16:28:05,783:DEBUG:projects/WRI-Aquaduct/PCRGlobWB20V07/reduced_global_historical_combined/global_historical_Q_month_millionm3_30sPfaf06_mean_1960_2014M09
2017-12-18 16:28:08,096:DEBUG:projects/WRI-Aquaduct/PCRGlobWB20V07/reduced_global_historical_combined/global_historical_Q_month_millionm3_30sPfaf06_mean_1960_2014M10
2017-12-18 16:28:10,573:DEBUG:projects/WRI-Aquaduct/PCRGlobWB20V07/reduced_global_historical_combined/global_historical_Q_month_millionm3_30sPfaf06_mean_1960_2014M11
2017-12-18 16:28:12,914:DEBUG:projects/WRI-Aquaduct/PCRGlobWB20V07/reduced_global_historical_combined/global_historical_Q_month_millionm3_30sPfaf06_mean_1960_2014M12
2017-12-18 16:28:15,378:DEBUG:projects/WRI-Aquaduct/PCRGlobWB20V07/reduced_global_historical_combined/global_historical_Q_month_millionm3_30sPfaf06_mean_2004_2014M01
2017-12-18 16:28:17,767:DEBUG:projects/WRI-Aquaduct/PCRGlobWB20V07/reduced_global_historical_combined/global_historical_Q_month_millionm3_30sPfaf06_mean_2004_2014M02
2017-12-18 16:28:20,061:DEBUG:projects/WRI-Aquaduct/PCRGlobWB20V07/reduced_global_historical_combined/global_historical_Q_month_millionm3_30sPfaf06_mean_2004_2014M03
2017-12-18 16:28:22,362:DEBUG:projects/WRI-Aquaduct/PCRGlobWB20V07/reduced_global_historical_combined/global_historical_Q_month_millionm3_30sPfaf06_mean_2004_2014M04
2017-12-18 16:28:24,699:DEBUG:projects/WRI-Aquaduct/PCRGlobWB20V07/reduced_global_historical_combined/global_historical_Q_month_millionm3_30sPfaf06_mean_2004_2014M05
2017-12-18 16:28:26,994:DEBUG:projects/WRI-Aquaduct/PCRGlobWB20V07/reduced_global_historical_combined/global_historical_Q_month_millionm3_30sPfaf06_mean_2004_2014M06
2017-12-18 16:28:29,306:DEBUG:projects/WRI-Aquaduct/PCRGlobWB20V07/reduced_global_historical_combined/global_historical_Q_month_millionm3_30sPfaf06_mean_2004_2014M07
2017-12-18 16:28:31,608:DEBUG:projects/WRI-Aquaduct/PCRGlobWB20V07/reduced_global_historical_combined/global_historical_Q_month_millionm3_30sPfaf06_mean_2004_2014M08
2017-12-18 16:28:34,186:DEBUG:projects/WRI-Aquaduct/PCRGlobWB20V07/reduced_global_historical_combined/global_historical_Q_month_millionm3_30sPfaf06_mean_2004_2014M09
2017-12-18 16:28:36,464:DEBUG:projects/WRI-Aquaduct/PCRGlobWB20V07/reduced_global_historical_combined/global_historical_Q_month_millionm3_30sPfaf06_mean_2004_2014M10
2017-12-18 16:28:38,754:DEBUG:projects/WRI-Aquaduct/PCRGlobWB20V07/reduced_global_historical_combined/global_historical_Q_month_millionm3_30sPfaf06_mean_2004_2014M11
2017-12-18 16:28:41,032:DEBUG:projects/WRI-Aquaduct/PCRGlobWB20V07/reduced_global_historical_combined/global_historical_Q_month_millionm3_30sPfaf06_mean_2004_2014M12
2017-12-18 16:28:43,351:DEBUG:projects/WRI-Aquaduct/PCRGlobWB20V07/reduced_global_historical_combined/global_historical_Q_month_millionm3_30sPfaf06_trend_1960_2014M01
2017-12-18 16:28:48,390:DEBUG:projects/WRI-Aquaduct/PCRGlobWB20V07/reduced_global_historical_combined/global_historical_Q_month_millionm3_30sPfaf06_trend_1960_2014M02
2017-12-18 16:28:50,857:DEBUG:projects/WRI-Aquaduct/PCRGlobWB20V07/reduced_global_historical_combined/global_historical_Q_month_millionm3_30sPfaf06_trend_1960_2014M03
2017-12-18 16:28:53,887:DEBUG:projects/WRI-Aquaduct/PCRGlobWB20V07/reduced_global_historical_combined/global_historical_Q_month_millionm3_30sPfaf06_trend_1960_2014M04
2017-12-18 16:28:56,309:DEBUG:projects/WRI-Aquaduct/PCRGlobWB20V07/reduced_global_historical_combined/global_historical_Q_month_millionm3_30sPfaf06_trend_1960_2014M05
2017-12-18 16:28:58,801:DEBUG:projects/WRI-Aquaduct/PCRGlobWB20V07/reduced_global_historical_combined/global_historical_Q_month_millionm3_30sPfaf06_trend_1960_2014M06
2017-12-18 16:29:01,191:DEBUG:projects/WRI-Aquaduct/PCRGlobWB20V07/reduced_global_historical_combined/global_historical_Q_month_millionm3_30sPfaf06_trend_1960_2014M07
2017-12-18 16:29:03,593:DEBUG:projects/WRI-Aquaduct/PCRGlobWB20V07/reduced_global_historical_combined/global_historical_Q_month_millionm3_30sPfaf06_trend_1960_2014M08
2017-12-18 16:29:05,964:DEBUG:projects/WRI-Aquaduct/PCRGlobWB20V07/reduced_global_historical_combined/global_historical_Q_month_millionm3_30sPfaf06_trend_1960_2014M09
2017-12-18 16:29:08,377:DEBUG:projects/WRI-Aquaduct/PCRGlobWB20V07/reduced_global_historical_combined/global_historical_Q_month_millionm3_30sPfaf06_trend_1960_2014M10
2017-12-18 16:29:10,770:DEBUG:projects/WRI-Aquaduct/PCRGlobWB20V07/reduced_global_historical_combined/global_historical_Q_month_millionm3_30sPfaf06_trend_1960_2014M11
2017-12-18 16:29:13,397:DEBUG:projects/WRI-Aquaduct/PCRGlobWB20V07/reduced_global_historical_combined/global_historical_Q_month_millionm3_30sPfaf06_trend_1960_2014M12
2017-12-18 16:29:15,814:DEBUG:projects/WRI-Aquaduct/PCRGlobWB20V07/reduced_global_historical_combined/global_historical_Q_month_millionm3_30sPfaf06_trend_2004_2014M01
2017-12-18 16:29:18,229:DEBUG:projects/WRI-Aquaduct/PCRGlobWB20V07/reduced_global_historical_combined/global_historical_Q_month_millionm3_30sPfaf06_trend_2004_2014M02
2017-12-18 16:29:20,655:DEBUG:projects/WRI-Aquaduct/PCRGlobWB20V07/reduced_global_historical_combined/global_historical_Q_month_millionm3_30sPfaf06_trend_2004_2014M03
2017-12-18 16:29:22,687:DEBUG:projects/WRI-Aquaduct/PCRGlobWB20V07/reduced_global_historical_combined/global_historical_Q_month_millionm3_30sPfaf06_trend_2004_2014M04
2017-12-18 16:29:25,082:DEBUG:projects/WRI-Aquaduct/PCRGlobWB20V07/reduced_global_historical_combined/global_historical_Q_month_millionm3_30sPfaf06_trend_2004_2014M05
2017-12-18 16:29:27,441:DEBUG:projects/WRI-Aquaduct/PCRGlobWB20V07/reduced_global_historical_combined/global_historical_Q_month_millionm3_30sPfaf06_trend_2004_2014M06
2017-12-18 16:29:29,804:DEBUG:projects/WRI-Aquaduct/PCRGlobWB20V07/reduced_global_historical_combined/global_historical_Q_month_millionm3_30sPfaf06_trend_2004_2014M07
2017-12-18 16:29:32,268:DEBUG:projects/WRI-Aquaduct/PCRGlobWB20V07/reduced_global_historical_combined/global_historical_Q_month_millionm3_30sPfaf06_trend_2004_2014M08
2017-12-18 16:29:34,168:DEBUG:projects/WRI-Aquaduct/PCRGlobWB20V07/reduced_global_historical_combined/global_historical_Q_month_millionm3_30sPfaf06_trend_2004_2014M09
2017-12-18 16:29:36,537:DEBUG:projects/WRI-Aquaduct/PCRGlobWB20V07/reduced_global_historical_combined/global_historical_Q_month_millionm3_30sPfaf06_trend_2004_2014M10
2017-12-18 16:29:39,100:DEBUG:projects/WRI-Aquaduct/PCRGlobWB20V07/reduced_global_historical_combined/global_historical_Q_month_millionm3_30sPfaf06_trend_2004_2014M11
2017-12-18 16:29:41,467:DEBUG:projects/WRI-Aquaduct/PCRGlobWB20V07/reduced_global_historical_combined/global_historical_Q_month_millionm3_30sPfaf06_trend_2004_2014M12
2017-12-18 16:29:45,084:DEBUG:projects/WRI-Aquaduct/PCRGlobWB20V07/reduced_global_historical_combined/global_historical_Q_year_millionm3_30sPfaf06_trend_1960_2014M12
2017-12-18 16:29:47,380:DEBUG:projects/WRI-Aquaduct/PCRGlobWB20V07/reduced_global_historical_combined/global_historical_Q_year_millionm3_30sPfaf06_trend_2004_2014M12
2017-12-18 16:29:49,615:DEBUG:projects/WRI-Aquaduct/PCRGlobWB20V07/reduced_global_historical_combined/global_historical_WW_month_millionm3_30sPfaf06_mean_1960_2014M01
2017-12-18 16:29:51,928:DEBUG:projects/WRI-Aquaduct/PCRGlobWB20V07/reduced_global_historical_combined/global_historical_WW_month_millionm3_30sPfaf06_mean_1960_2014M02
2017-12-18 16:29:54,290:DEBUG:projects/WRI-Aquaduct/PCRGlobWB20V07/reduced_global_historical_combined/global_historical_WW_month_millionm3_30sPfaf06_mean_1960_2014M03
2017-12-18 16:29:56,573:DEBUG:projects/WRI-Aquaduct/PCRGlobWB20V07/reduced_global_historical_combined/global_historical_WW_month_millionm3_30sPfaf06_mean_1960_2014M04
2017-12-18 16:29:58,912:DEBUG:projects/WRI-Aquaduct/PCRGlobWB20V07/reduced_global_historical_combined/global_historical_WW_month_millionm3_30sPfaf06_mean_1960_2014M05
2017-12-18 16:30:01,178:DEBUG:projects/WRI-Aquaduct/PCRGlobWB20V07/reduced_global_historical_combined/global_historical_WW_month_millionm3_30sPfaf06_mean_1960_2014M06
2017-12-18 16:30:03,457:DEBUG:projects/WRI-Aquaduct/PCRGlobWB20V07/reduced_global_historical_combined/global_historical_WW_month_millionm3_30sPfaf06_mean_1960_2014M07
2017-12-18 16:30:05,813:DEBUG:projects/WRI-Aquaduct/PCRGlobWB20V07/reduced_global_historical_combined/global_historical_WW_month_millionm3_30sPfaf06_mean_1960_2014M08
2017-12-18 16:30:07,614:DEBUG:projects/WRI-Aquaduct/PCRGlobWB20V07/reduced_global_historical_combined/global_historical_WW_month_millionm3_30sPfaf06_mean_1960_2014M09
2017-12-18 16:30:10,023:DEBUG:projects/WRI-Aquaduct/PCRGlobWB20V07/reduced_global_historical_combined/global_historical_WW_month_millionm3_30sPfaf06_mean_1960_2014M10
2017-12-18 16:30:12,368:DEBUG:projects/WRI-Aquaduct/PCRGlobWB20V07/reduced_global_historical_combined/global_historical_WW_month_millionm3_30sPfaf06_mean_1960_2014M11
2017-12-18 16:30:14,638:DEBUG:projects/WRI-Aquaduct/PCRGlobWB20V07/reduced_global_historical_combined/global_historical_WW_month_millionm3_30sPfaf06_mean_1960_2014M12
2017-12-18 16:30:16,919:DEBUG:projects/WRI-Aquaduct/PCRGlobWB20V07/reduced_global_historical_combined/global_historical_WW_month_millionm3_30sPfaf06_mean_2004_2014M01
2017-12-18 16:30:19,210:DEBUG:projects/WRI-Aquaduct/PCRGlobWB20V07/reduced_global_historical_combined/global_historical_WW_month_millionm3_30sPfaf06_mean_2004_2014M02
2017-12-18 16:30:23,828:DEBUG:projects/WRI-Aquaduct/PCRGlobWB20V07/reduced_global_historical_combined/global_historical_WW_month_millionm3_30sPfaf06_mean_2004_2014M03
2017-12-18 16:30:25,664:DEBUG:projects/WRI-Aquaduct/PCRGlobWB20V07/reduced_global_historical_combined/global_historical_WW_month_millionm3_30sPfaf06_mean_2004_2014M04
2017-12-18 16:30:27,966:DEBUG:projects/WRI-Aquaduct/PCRGlobWB20V07/reduced_global_historical_combined/global_historical_WW_month_millionm3_30sPfaf06_mean_2004_2014M05
2017-12-18 16:30:30,237:DEBUG:projects/WRI-Aquaduct/PCRGlobWB20V07/reduced_global_historical_combined/global_historical_WW_month_millionm3_30sPfaf06_mean_2004_2014M06
2017-12-18 16:30:32,094:DEBUG:projects/WRI-Aquaduct/PCRGlobWB20V07/reduced_global_historical_combined/global_historical_WW_month_millionm3_30sPfaf06_mean_2004_2014M07
2017-12-18 16:30:34,497:DEBUG:projects/WRI-Aquaduct/PCRGlobWB20V07/reduced_global_historical_combined/global_historical_WW_month_millionm3_30sPfaf06_mean_2004_2014M08
2017-12-18 16:30:36,855:DEBUG:projects/WRI-Aquaduct/PCRGlobWB20V07/reduced_global_historical_combined/global_historical_WW_month_millionm3_30sPfaf06_mean_2004_2014M09
2017-12-18 16:30:39,131:DEBUG:projects/WRI-Aquaduct/PCRGlobWB20V07/reduced_global_historical_combined/global_historical_WW_month_millionm3_30sPfaf06_mean_2004_2014M10
2017-12-18 16:30:41,475:DEBUG:projects/WRI-Aquaduct/PCRGlobWB20V07/reduced_global_historical_combined/global_historical_WW_month_millionm3_30sPfaf06_mean_2004_2014M11
2017-12-18 16:30:43,738:DEBUG:projects/WRI-Aquaduct/PCRGlobWB20V07/reduced_global_historical_combined/global_historical_WW_month_millionm3_30sPfaf06_mean_2004_2014M12
2017-12-18 16:30:46,007:DEBUG:projects/WRI-Aquaduct/PCRGlobWB20V07/reduced_global_historical_combined/global_historical_WW_month_millionm3_30sPfaf06_trend_1960_2014M01
2017-12-18 16:30:48,405:DEBUG:projects/WRI-Aquaduct/PCRGlobWB20V07/reduced_global_historical_combined/global_historical_WW_month_millionm3_30sPfaf06_trend_1960_2014M02
2017-12-18 16:30:50,912:DEBUG:projects/WRI-Aquaduct/PCRGlobWB20V07/reduced_global_historical_combined/global_historical_WW_month_millionm3_30sPfaf06_trend_1960_2014M03
2017-12-18 16:30:53,309:DEBUG:projects/WRI-Aquaduct/PCRGlobWB20V07/reduced_global_historical_combined/global_historical_WW_month_millionm3_30sPfaf06_trend_1960_2014M04
2017-12-18 16:30:55,689:DEBUG:projects/WRI-Aquaduct/PCRGlobWB20V07/reduced_global_historical_combined/global_historical_WW_month_millionm3_30sPfaf06_trend_1960_2014M05
2017-12-18 16:30:58,132:DEBUG:projects/WRI-Aquaduct/PCRGlobWB20V07/reduced_global_historical_combined/global_historical_WW_month_millionm3_30sPfaf06_trend_1960_2014M06
2017-12-18 16:31:00,598:DEBUG:projects/WRI-Aquaduct/PCRGlobWB20V07/reduced_global_historical_combined/global_historical_WW_month_millionm3_30sPfaf06_trend_1960_2014M07
2017-12-18 16:31:02,997:DEBUG:projects/WRI-Aquaduct/PCRGlobWB20V07/reduced_global_historical_combined/global_historical_WW_month_millionm3_30sPfaf06_trend_1960_2014M08
2017-12-18 16:31:05,486:DEBUG:projects/WRI-Aquaduct/PCRGlobWB20V07/reduced_global_historical_combined/global_historical_WW_month_millionm3_30sPfaf06_trend_1960_2014M09
2017-12-18 16:31:07,929:DEBUG:projects/WRI-Aquaduct/PCRGlobWB20V07/reduced_global_historical_combined/global_historical_WW_month_millionm3_30sPfaf06_trend_1960_2014M10
2017-12-18 16:31:10,308:DEBUG:projects/WRI-Aquaduct/PCRGlobWB20V07/reduced_global_historical_combined/global_historical_WW_month_millionm3_30sPfaf06_trend_1960_2014M11
2017-12-18 16:31:12,694:DEBUG:projects/WRI-Aquaduct/PCRGlobWB20V07/reduced_global_historical_combined/global_historical_WW_month_millionm3_30sPfaf06_trend_1960_2014M12
2017-12-18 16:31:15,028:DEBUG:projects/WRI-Aquaduct/PCRGlobWB20V07/reduced_global_historical_combined/global_historical_WW_month_millionm3_30sPfaf06_trend_2004_2014M01
2017-12-18 16:31:17,464:DEBUG:projects/WRI-Aquaduct/PCRGlobWB20V07/reduced_global_historical_combined/global_historical_WW_month_millionm3_30sPfaf06_trend_2004_2014M02
2017-12-18 16:31:19,942:DEBUG:projects/WRI-Aquaduct/PCRGlobWB20V07/reduced_global_historical_combined/global_historical_WW_month_millionm3_30sPfaf06_trend_2004_2014M03
2017-12-18 16:31:22,371:DEBUG:projects/WRI-Aquaduct/PCRGlobWB20V07/reduced_global_historical_combined/global_historical_WW_month_millionm3_30sPfaf06_trend_2004_2014M04
2017-12-18 16:31:24,749:DEBUG:projects/WRI-Aquaduct/PCRGlobWB20V07/reduced_global_historical_combined/global_historical_WW_month_millionm3_30sPfaf06_trend_2004_2014M05
2017-12-18 16:31:27,150:DEBUG:projects/WRI-Aquaduct/PCRGlobWB20V07/reduced_global_historical_combined/global_historical_WW_month_millionm3_30sPfaf06_trend_2004_2014M06
2017-12-18 16:31:29,586:DEBUG:projects/WRI-Aquaduct/PCRGlobWB20V07/reduced_global_historical_combined/global_historical_WW_month_millionm3_30sPfaf06_trend_2004_2014M07
2017-12-18 16:31:31,958:DEBUG:projects/WRI-Aquaduct/PCRGlobWB20V07/reduced_global_historical_combined/global_historical_WW_month_millionm3_30sPfaf06_trend_2004_2014M08
2017-12-18 16:31:34,387:DEBUG:projects/WRI-Aquaduct/PCRGlobWB20V07/reduced_global_historical_combined/global_historical_WW_month_millionm3_30sPfaf06_trend_2004_2014M09
2017-12-18 16:31:36,863:DEBUG:projects/WRI-Aquaduct/PCRGlobWB20V07/reduced_global_historical_combined/global_historical_WW_month_millionm3_30sPfaf06_trend_2004_2014M10
2017-12-18 16:31:39,304:DEBUG:projects/WRI-Aquaduct/PCRGlobWB20V07/reduced_global_historical_combined/global_historical_WW_month_millionm3_30sPfaf06_trend_2004_2014M11
2017-12-18 16:31:41,731:DEBUG:projects/WRI-Aquaduct/PCRGlobWB20V07/reduced_global_historical_combined/global_historical_WW_month_millionm3_30sPfaf06_trend_2004_2014M12
2017-12-18 16:31:44,160:DEBUG:projects/WRI-Aquaduct/PCRGlobWB20V07/reduced_global_historical_combined/global_historical_WW_year_millionm3_30sPfaf06_mean_1960_2014M12
2017-12-18 16:31:46,496:DEBUG:projects/WRI-Aquaduct/PCRGlobWB20V07/reduced_global_historical_combined/global_historical_WW_year_millionm3_30sPfaf06_mean_2004_2014M12
2017-12-18 16:31:48,839:DEBUG:projects/WRI-Aquaduct/PCRGlobWB20V07/reduced_global_historical_combined/global_historical_WW_year_millionm3_30sPfaf06_trend_1960_2014M12
2017-12-18 16:31:50,826:DEBUG:projects/WRI-Aquaduct/PCRGlobWB20V07/reduced_global_historical_combined/global_historical_WW_year_millionm3_30sPfaf06_trend_2004_2014M12
2017-12-18 16:31:53,087:DEBUG:projects/WRI-Aquaduct/PCRGlobWB20V07/reduced_global_historical_combined/global_historical_WN_month_millionm3_30sPfaf06_mean_1960_2014M01
2017-12-18 16:31:55,394:DEBUG:projects/WRI-Aquaduct/PCRGlobWB20V07/reduced_global_historical_combined/global_historical_WN_month_millionm3_30sPfaf06_mean_1960_2014M02
2017-12-18 16:31:57,712:DEBUG:projects/WRI-Aquaduct/PCRGlobWB20V07/reduced_global_historical_combined/global_historical_WN_month_millionm3_30sPfaf06_mean_1960_2014M03
2017-12-18 16:31:59,995:DEBUG:projects/WRI-Aquaduct/PCRGlobWB20V07/reduced_global_historical_combined/global_historical_WN_month_millionm3_30sPfaf06_mean_1960_2014M04
2017-12-18 16:32:02,275:DEBUG:projects/WRI-Aquaduct/PCRGlobWB20V07/reduced_global_historical_combined/global_historical_WN_month_millionm3_30sPfaf06_mean_1960_2014M05
2017-12-18 16:32:04,670:DEBUG:projects/WRI-Aquaduct/PCRGlobWB20V07/reduced_global_historical_combined/global_historical_WN_month_millionm3_30sPfaf06_mean_1960_2014M06
2017-12-18 16:32:06,973:DEBUG:projects/WRI-Aquaduct/PCRGlobWB20V07/reduced_global_historical_combined/global_historical_WN_month_millionm3_30sPfaf06_mean_1960_2014M07
2017-12-18 16:32:08,781:DEBUG:projects/WRI-Aquaduct/PCRGlobWB20V07/reduced_global_historical_combined/global_historical_WN_month_millionm3_30sPfaf06_mean_1960_2014M08
2017-12-18 16:32:11,110:DEBUG:projects/WRI-Aquaduct/PCRGlobWB20V07/reduced_global_historical_combined/global_historical_WN_month_millionm3_30sPfaf06_mean_1960_2014M09
2017-12-18 16:32:13,401:DEBUG:projects/WRI-Aquaduct/PCRGlobWB20V07/reduced_global_historical_combined/global_historical_WN_month_millionm3_30sPfaf06_mean_1960_2014M10
2017-12-18 16:32:15,974:DEBUG:projects/WRI-Aquaduct/PCRGlobWB20V07/reduced_global_historical_combined/global_historical_WN_month_millionm3_30sPfaf06_mean_1960_2014M11
2017-12-18 16:32:17,791:DEBUG:projects/WRI-Aquaduct/PCRGlobWB20V07/reduced_global_historical_combined/global_historical_WN_month_millionm3_30sPfaf06_mean_1960_2014M12
2017-12-18 16:32:20,092:DEBUG:projects/WRI-Aquaduct/PCRGlobWB20V07/reduced_global_historical_combined/global_historical_WN_month_millionm3_30sPfaf06_mean_2004_2014M01
2017-12-18 16:32:22,436:DEBUG:projects/WRI-Aquaduct/PCRGlobWB20V07/reduced_global_historical_combined/global_historical_WN_month_millionm3_30sPfaf06_mean_2004_2014M02
2017-12-18 16:32:24,712:DEBUG:projects/WRI-Aquaduct/PCRGlobWB20V07/reduced_global_historical_combined/global_historical_WN_month_millionm3_30sPfaf06_mean_2004_2014M03
2017-12-18 16:32:27,014:DEBUG:projects/WRI-Aquaduct/PCRGlobWB20V07/reduced_global_historical_combined/global_historical_WN_month_millionm3_30sPfaf06_mean_2004_2014M04
2017-12-18 16:32:31,436:DEBUG:projects/WRI-Aquaduct/PCRGlobWB20V07/reduced_global_historical_combined/global_historical_WN_month_millionm3_30sPfaf06_mean_2004_2014M05
2017-12-18 16:32:33,768:DEBUG:projects/WRI-Aquaduct/PCRGlobWB20V07/reduced_global_historical_combined/global_historical_WN_month_millionm3_30sPfaf06_mean_2004_2014M06
2017-12-18 16:32:36,090:DEBUG:projects/WRI-Aquaduct/PCRGlobWB20V07/reduced_global_historical_combined/global_historical_WN_month_millionm3_30sPfaf06_mean_2004_2014M07
2017-12-18 16:32:38,406:DEBUG:projects/WRI-Aquaduct/PCRGlobWB20V07/reduced_global_historical_combined/global_historical_WN_month_millionm3_30sPfaf06_mean_2004_2014M08
2017-12-18 16:32:41,065:DEBUG:projects/WRI-Aquaduct/PCRGlobWB20V07/reduced_global_historical_combined/global_historical_WN_month_millionm3_30sPfaf06_mean_2004_2014M09
2017-12-18 16:32:43,435:DEBUG:projects/WRI-Aquaduct/PCRGlobWB20V07/reduced_global_historical_combined/global_historical_WN_month_millionm3_30sPfaf06_mean_2004_2014M10
2017-12-18 16:32:45,847:DEBUG:projects/WRI-Aquaduct/PCRGlobWB20V07/reduced_global_historical_combined/global_historical_WN_month_millionm3_30sPfaf06_mean_2004_2014M11
2017-12-18 16:32:48,277:DEBUG:projects/WRI-Aquaduct/PCRGlobWB20V07/reduced_global_historical_combined/global_historical_WN_month_millionm3_30sPfaf06_mean_2004_2014M12
2017-12-18 16:32:50,637:DEBUG:projects/WRI-Aquaduct/PCRGlobWB20V07/reduced_global_historical_combined/global_historical_WN_month_millionm3_30sPfaf06_trend_1960_2014M01
2017-12-18 16:32:53,015:DEBUG:projects/WRI-Aquaduct/PCRGlobWB20V07/reduced_global_historical_combined/global_historical_WN_month_millionm3_30sPfaf06_trend_1960_2014M02
2017-12-18 16:32:55,455:DEBUG:projects/WRI-Aquaduct/PCRGlobWB20V07/reduced_global_historical_combined/global_historical_WN_month_millionm3_30sPfaf06_trend_1960_2014M03
2017-12-18 16:32:57,849:DEBUG:projects/WRI-Aquaduct/PCRGlobWB20V07/reduced_global_historical_combined/global_historical_WN_month_millionm3_30sPfaf06_trend_1960_2014M04
2017-12-18 16:33:00,306:DEBUG:projects/WRI-Aquaduct/PCRGlobWB20V07/reduced_global_historical_combined/global_historical_WN_month_millionm3_30sPfaf06_trend_1960_2014M05
2017-12-18 16:33:02,731:DEBUG:projects/WRI-Aquaduct/PCRGlobWB20V07/reduced_global_historical_combined/global_historical_WN_month_millionm3_30sPfaf06_trend_1960_2014M06
2017-12-18 16:33:05,148:DEBUG:projects/WRI-Aquaduct/PCRGlobWB20V07/reduced_global_historical_combined/global_historical_WN_month_millionm3_30sPfaf06_trend_1960_2014M07
2017-12-18 16:33:07,552:DEBUG:projects/WRI-Aquaduct/PCRGlobWB20V07/reduced_global_historical_combined/global_historical_WN_month_millionm3_30sPfaf06_trend_1960_2014M08
2017-12-18 16:33:10,068:DEBUG:projects/WRI-Aquaduct/PCRGlobWB20V07/reduced_global_historical_combined/global_historical_WN_month_millionm3_30sPfaf06_trend_1960_2014M09
2017-12-18 16:33:12,602:DEBUG:projects/WRI-Aquaduct/PCRGlobWB20V07/reduced_global_historical_combined/global_historical_WN_month_millionm3_30sPfaf06_trend_1960_2014M10
2017-12-18 16:33:14,977:DEBUG:projects/WRI-Aquaduct/PCRGlobWB20V07/reduced_global_historical_combined/global_historical_WN_month_millionm3_30sPfaf06_trend_1960_2014M11
2017-12-18 16:33:17,338:DEBUG:projects/WRI-Aquaduct/PCRGlobWB20V07/reduced_global_historical_combined/global_historical_WN_month_millionm3_30sPfaf06_trend_1960_2014M12
2017-12-18 16:33:21,163:DEBUG:projects/WRI-Aquaduct/PCRGlobWB20V07/reduced_global_historical_combined/global_historical_WN_month_millionm3_30sPfaf06_trend_2004_2014M01
2017-12-18 16:33:23,942:DEBUG:projects/WRI-Aquaduct/PCRGlobWB20V07/reduced_global_historical_combined/global_historical_WN_month_millionm3_30sPfaf06_trend_2004_2014M02
2017-12-18 16:33:26,346:DEBUG:projects/WRI-Aquaduct/PCRGlobWB20V07/reduced_global_historical_combined/global_historical_WN_month_millionm3_30sPfaf06_trend_2004_2014M03
2017-12-18 16:33:28,302:DEBUG:projects/WRI-Aquaduct/PCRGlobWB20V07/reduced_global_historical_combined/global_historical_WN_month_millionm3_30sPfaf06_trend_2004_2014M04
2017-12-18 16:33:30,201:DEBUG:projects/WRI-Aquaduct/PCRGlobWB20V07/reduced_global_historical_combined/global_historical_WN_month_millionm3_30sPfaf06_trend_2004_2014M05
2017-12-18 16:33:32,317:DEBUG:projects/WRI-Aquaduct/PCRGlobWB20V07/reduced_global_historical_combined/global_historical_WN_month_millionm3_30sPfaf06_trend_2004_2014M06
2017-12-18 16:33:34,727:DEBUG:projects/WRI-Aquaduct/PCRGlobWB20V07/reduced_global_historical_combined/global_historical_WN_month_millionm3_30sPfaf06_trend_2004_2014M07
2017-12-18 16:33:37,161:DEBUG:projects/WRI-Aquaduct/PCRGlobWB20V07/reduced_global_historical_combined/global_historical_WN_month_millionm3_30sPfaf06_trend_2004_2014M08
2017-12-18 16:33:39,670:DEBUG:projects/WRI-Aquaduct/PCRGlobWB20V07/reduced_global_historical_combined/global_historical_WN_month_millionm3_30sPfaf06_trend_2004_2014M09
2017-12-18 16:33:42,290:DEBUG:projects/WRI-Aquaduct/PCRGlobWB20V07/reduced_global_historical_combined/global_historical_WN_month_millionm3_30sPfaf06_trend_2004_2014M10
2017-12-18 16:33:44,681:DEBUG:projects/WRI-Aquaduct/PCRGlobWB20V07/reduced_global_historical_combined/global_historical_WN_month_millionm3_30sPfaf06_trend_2004_2014M11
2017-12-18 16:33:47,282:DEBUG:projects/WRI-Aquaduct/PCRGlobWB20V07/reduced_global_historical_combined/global_historical_WN_month_millionm3_30sPfaf06_trend_2004_2014M12
2017-12-18 16:33:49,723:DEBUG:projects/WRI-Aquaduct/PCRGlobWB20V07/reduced_global_historical_combined/global_historical_WN_year_millionm3_30sPfaf06_mean_1960_2014M12
2017-12-18 16:33:52,057:DEBUG:projects/WRI-Aquaduct/PCRGlobWB20V07/reduced_global_historical_combined/global_historical_WN_year_millionm3_30sPfaf06_mean_2004_2014M12
2017-12-18 16:33:54,551:DEBUG:projects/WRI-Aquaduct/PCRGlobWB20V07/reduced_global_historical_combined/global_historical_WN_year_millionm3_30sPfaf06_trend_1960_2014M12
2017-12-18 16:33:56,876:DEBUG:projects/WRI-Aquaduct/PCRGlobWB20V07/reduced_global_historical_combined/global_historical_WN_year_millionm3_30sPfaf06_trend_2004_2014M12
