2018-05-15 14:29:12,214:DEBUG:Index 0.00, Processed: 1 Elapsed: 0:00:02.886457 Asset: projects/WRI-Aquaduct/PCRGlobWB20V09/global_historical_riverdischarge_month_millionm3_5min_1960_2014/global_historical_riverdischarge_month_millionm3_5min_1960_2014_I000Y1960M01
2018-05-15 14:30:11,138:DEBUG:Index 0.00, Processed: 1 Elapsed: 0:00:02.818424 Asset: projects/WRI-Aquaduct/PCRGlobWB20V09/global_historical_riverdischarge_month_millionm3_5min_1960_2014/global_historical_riverdischarge_month_millionm3_5min_1960_2014_I000Y1960M01
2018-05-15 14:31:46,156:DEBUG:Index 0.00, Processed: 1 Elapsed: 0:00:02.836723 Asset: projects/WRI-Aquaduct/PCRGlobWB20V09/global_historical_riverdischarge_month_millionm3_5min_1960_2014/global_historical_riverdischarge_month_millionm3_5min_1960_2014_I000Y1960M01
2018-05-15 14:31:46,158:DEBUG:Index 0.00, Error: 1 Elapsed: 0:00:02.836723 Asset: projects/WRI-Aquaduct/PCRGlobWB20V09/global_historical_riverdischarge_month_millionm3_5min_1960_2014/global_historical_riverdischarge_month_millionm3_5min_1960_2014_I000Y1960M01
2018-05-15 14:31:46,159:DEBUG:Index 1.00, Processed: 2 Elapsed: 0:00:02.839196 Asset: projects/WRI-Aquaduct/PCRGlobWB20V09/global_historical_riverdischarge_month_millionm3_5min_1960_2014/global_historical_riverdischarge_month_millionm3_5min_1960_2014_I001Y1960M02
2018-05-15 14:31:46,161:DEBUG:Index 1.00, Error: 2 Elapsed: 0:00:02.839196 Asset: projects/WRI-Aquaduct/PCRGlobWB20V09/global_historical_riverdischarge_month_millionm3_5min_1960_2014/global_historical_riverdischarge_month_millionm3_5min_1960_2014_I001Y1960M02
2018-05-15 14:31:46,162:DEBUG:Index 2.00, Processed: 3 Elapsed: 0:00:02.842616 Asset: projects/WRI-Aquaduct/PCRGlobWB20V09/global_historical_riverdischarge_month_millionm3_5min_1960_2014/global_historical_riverdischarge_month_millionm3_5min_1960_2014_I002Y1960M03
2018-05-15 14:31:46,162:DEBUG:Index 2.00, Error: 3 Elapsed: 0:00:02.842616 Asset: projects/WRI-Aquaduct/PCRGlobWB20V09/global_historical_riverdischarge_month_millionm3_5min_1960_2014/global_historical_riverdischarge_month_millionm3_5min_1960_2014_I002Y1960M03
2018-05-15 14:31:48,264:DEBUG:Index 0.00, Processed: 4 Elapsed: 0:00:04.945172 Asset: projects/WRI-Aquaduct/PCRGlobWB20V09/global_historical_riverdischarge_year_millionm3_5min_1960_2014/global_historical_riverdischarge_year_millionm3_5min_1960_2014_I000Y1960M01
2018-05-15 14:31:48,265:DEBUG:Index 0.00, Error: 4 Elapsed: 0:00:04.945172 Asset: projects/WRI-Aquaduct/PCRGlobWB20V09/global_historical_riverdischarge_year_millionm3_5min_1960_2014/global_historical_riverdischarge_year_millionm3_5min_1960_2014_I000Y1960M01
2018-05-15 14:31:48,266:DEBUG:Index 1.00, Processed: 5 Elapsed: 0:00:04.946768 Asset: projects/WRI-Aquaduct/PCRGlobWB20V09/global_historical_riverdischarge_year_millionm3_5min_1960_2014/global_historical_riverdischarge_year_millionm3_5min_1960_2014_I001Y1961M01
2018-05-15 14:31:48,267:DEBUG:Index 1.00, Error: 5 Elapsed: 0:00:04.946768 Asset: projects/WRI-Aquaduct/PCRGlobWB20V09/global_historical_riverdischarge_year_millionm3_5min_1960_2014/global_historical_riverdischarge_year_millionm3_5min_1960_2014_I001Y1961M01
2018-05-15 14:31:48,267:DEBUG:Index 2.00, Processed: 6 Elapsed: 0:00:04.948323 Asset: projects/WRI-Aquaduct/PCRGlobWB20V09/global_historical_riverdischarge_year_millionm3_5min_1960_2014/global_historical_riverdischarge_year_millionm3_5min_1960_2014_I002Y1962M01
2018-05-15 14:31:48,268:DEBUG:Index 2.00, Error: 6 Elapsed: 0:00:04.948323 Asset: projects/WRI-Aquaduct/PCRGlobWB20V09/global_historical_riverdischarge_year_millionm3_5min_1960_2014/global_historical_riverdischarge_year_millionm3_5min_1960_2014_I002Y1962M01
2018-05-15 14:33:36,143:DEBUG:Index 0.00, Processed: 1 Elapsed: 0:00:02.728445 Asset: projects/WRI-Aquaduct/PCRGlobWB20V09/global_historical_riverdischarge_month_millionm3_5min_1960_2014/global_historical_riverdischarge_month_millionm3_5min_1960_2014_I000Y1960M01
2018-05-15 14:33:36,144:DEBUG:Index 0.00, Error: 1 Elapsed: 0:00:02.728445 Asset: projects/WRI-Aquaduct/PCRGlobWB20V09/global_historical_riverdischarge_month_millionm3_5min_1960_2014/global_historical_riverdischarge_month_millionm3_5min_1960_2014_I000Y1960M01
2018-05-15 14:33:36,145:DEBUG:Index 1.00, Processed: 2 Elapsed: 0:00:02.730009 Asset: projects/WRI-Aquaduct/PCRGlobWB20V09/global_historical_riverdischarge_month_millionm3_5min_1960_2014/global_historical_riverdischarge_month_millionm3_5min_1960_2014_I001Y1960M02
2018-05-15 14:33:36,145:DEBUG:Index 1.00, Error: 2 Elapsed: 0:00:02.730009 Asset: projects/WRI-Aquaduct/PCRGlobWB20V09/global_historical_riverdischarge_month_millionm3_5min_1960_2014/global_historical_riverdischarge_month_millionm3_5min_1960_2014_I001Y1960M02
2018-05-15 14:33:36,146:DEBUG:Index 2.00, Processed: 3 Elapsed: 0:00:02.731521 Asset: projects/WRI-Aquaduct/PCRGlobWB20V09/global_historical_riverdischarge_month_millionm3_5min_1960_2014/global_historical_riverdischarge_month_millionm3_5min_1960_2014_I002Y1960M03
2018-05-15 14:33:36,146:DEBUG:Index 2.00, Error: 3 Elapsed: 0:00:02.731521 Asset: projects/WRI-Aquaduct/PCRGlobWB20V09/global_historical_riverdischarge_month_millionm3_5min_1960_2014/global_historical_riverdischarge_month_millionm3_5min_1960_2014_I002Y1960M03
2018-05-15 14:33:38,181:DEBUG:Index 0.00, Processed: 4 Elapsed: 0:00:04.766668 Asset: projects/WRI-Aquaduct/PCRGlobWB20V09/global_historical_riverdischarge_year_millionm3_5min_1960_2014/global_historical_riverdischarge_year_millionm3_5min_1960_2014_I000Y1960M01
2018-05-15 14:33:38,182:DEBUG:Index 0.00, Error: 4 Elapsed: 0:00:04.766668 Asset: projects/WRI-Aquaduct/PCRGlobWB20V09/global_historical_riverdischarge_year_millionm3_5min_1960_2014/global_historical_riverdischarge_year_millionm3_5min_1960_2014_I000Y1960M01
2018-05-15 14:33:38,183:DEBUG:Index 1.00, Processed: 5 Elapsed: 0:00:04.768283 Asset: projects/WRI-Aquaduct/PCRGlobWB20V09/global_historical_riverdischarge_year_millionm3_5min_1960_2014/global_historical_riverdischarge_year_millionm3_5min_1960_2014_I001Y1961M01
2018-05-15 14:33:38,184:DEBUG:Index 1.00, Error: 5 Elapsed: 0:00:04.768283 Asset: projects/WRI-Aquaduct/PCRGlobWB20V09/global_historical_riverdischarge_year_millionm3_5min_1960_2014/global_historical_riverdischarge_year_millionm3_5min_1960_2014_I001Y1961M01
2018-05-15 14:33:38,184:DEBUG:Index 2.00, Processed: 6 Elapsed: 0:00:04.769809 Asset: projects/WRI-Aquaduct/PCRGlobWB20V09/global_historical_riverdischarge_year_millionm3_5min_1960_2014/global_historical_riverdischarge_year_millionm3_5min_1960_2014_I002Y1962M01
2018-05-15 14:33:38,185:DEBUG:Index 2.00, Error: 6 Elapsed: 0:00:04.769809 Asset: projects/WRI-Aquaduct/PCRGlobWB20V09/global_historical_riverdischarge_year_millionm3_5min_1960_2014/global_historical_riverdischarge_year_millionm3_5min_1960_2014_I002Y1962M01
2018-05-15 14:34:00,954:DEBUG:Index 0.00, Processed: 1 Elapsed: 0:00:02.709980 Asset: projects/WRI-Aquaduct/PCRGlobWB20V09/global_historical_riverdischarge_month_millionm3_5min_1960_2014/global_historical_riverdischarge_month_millionm3_5min_1960_2014_I000Y1960M01
2018-05-15 14:34:01,616:DEBUG:Index 1.00, Processed: 2 Elapsed: 0:00:03.371821 Asset: projects/WRI-Aquaduct/PCRGlobWB20V09/global_historical_riverdischarge_month_millionm3_5min_1960_2014/global_historical_riverdischarge_month_millionm3_5min_1960_2014_I001Y1960M02
2018-05-15 14:34:02,414:DEBUG:Index 2.00, Processed: 3 Elapsed: 0:00:04.169542 Asset: projects/WRI-Aquaduct/PCRGlobWB20V09/global_historical_riverdischarge_month_millionm3_5min_1960_2014/global_historical_riverdischarge_month_millionm3_5min_1960_2014_I002Y1960M03
2018-05-15 14:34:05,323:DEBUG:Index 0.00, Processed: 4 Elapsed: 0:00:07.079355 Asset: projects/WRI-Aquaduct/PCRGlobWB20V09/global_historical_riverdischarge_year_millionm3_5min_1960_2014/global_historical_riverdischarge_year_millionm3_5min_1960_2014_I000Y1960M01
2018-05-15 14:34:06,121:DEBUG:Index 1.00, Processed: 5 Elapsed: 0:00:07.877412 Asset: projects/WRI-Aquaduct/PCRGlobWB20V09/global_historical_riverdischarge_year_millionm3_5min_1960_2014/global_historical_riverdischarge_year_millionm3_5min_1960_2014_I001Y1961M01
2018-05-15 14:34:06,939:DEBUG:Index 2.00, Processed: 6 Elapsed: 0:00:08.694956 Asset: projects/WRI-Aquaduct/PCRGlobWB20V09/global_historical_riverdischarge_year_millionm3_5min_1960_2014/global_historical_riverdischarge_year_millionm3_5min_1960_2014_I002Y1962M01
2018-05-15 14:35:00,755:DEBUG:Index 0.00, Skipping: 1 Elapsed: 0:00:02.709527 Asset: projects/WRI-Aquaduct/PCRGlobWB20V09/global_historical_riverdischarge_month_millionm3_5min_1960_2014/global_historical_riverdischarge_month_millionm3_5min_1960_2014_I000Y1960M01
2018-05-15 14:35:00,756:DEBUG:Index 1.00, Skipping: 2 Elapsed: 0:00:02.710306 Asset: projects/WRI-Aquaduct/PCRGlobWB20V09/global_historical_riverdischarge_month_millionm3_5min_1960_2014/global_historical_riverdischarge_month_millionm3_5min_1960_2014_I001Y1960M02
2018-05-15 14:35:00,756:DEBUG:Index 2.00, Skipping: 3 Elapsed: 0:00:02.710649 Asset: projects/WRI-Aquaduct/PCRGlobWB20V09/global_historical_riverdischarge_month_millionm3_5min_1960_2014/global_historical_riverdischarge_month_millionm3_5min_1960_2014_I002Y1960M03
2018-05-15 14:35:02,800:DEBUG:Index 0.00, Skipping: 4 Elapsed: 0:00:04.754478 Asset: projects/WRI-Aquaduct/PCRGlobWB20V09/global_historical_riverdischarge_year_millionm3_5min_1960_2014/global_historical_riverdischarge_year_millionm3_5min_1960_2014_I000Y1960M01
2018-05-15 14:35:02,801:DEBUG:Index 1.00, Skipping: 5 Elapsed: 0:00:04.755160 Asset: projects/WRI-Aquaduct/PCRGlobWB20V09/global_historical_riverdischarge_year_millionm3_5min_1960_2014/global_historical_riverdischarge_year_millionm3_5min_1960_2014_I001Y1961M01
2018-05-15 14:35:02,801:DEBUG:Index 2.00, Skipping: 6 Elapsed: 0:00:04.755471 Asset: projects/WRI-Aquaduct/PCRGlobWB20V09/global_historical_riverdischarge_year_millionm3_5min_1960_2014/global_historical_riverdischarge_year_millionm3_5min_1960_2014_I002Y1962M01
2018-05-15 14:35:21,873:DEBUG:Index 0.00, Processed: 1 Elapsed: 0:00:02.741108 Asset: projects/WRI-Aquaduct/PCRGlobWB20V09/global_historical_riverdischarge_month_millionm3_5min_1960_2014/global_historical_riverdischarge_month_millionm3_5min_1960_2014_I000Y1960M01
2018-05-15 14:35:22,565:DEBUG:Index 1.00, Processed: 2 Elapsed: 0:00:03.433514 Asset: projects/WRI-Aquaduct/PCRGlobWB20V09/global_historical_riverdischarge_month_millionm3_5min_1960_2014/global_historical_riverdischarge_month_millionm3_5min_1960_2014_I001Y1960M02
2018-05-15 14:35:23,236:DEBUG:Index 2.00, Processed: 3 Elapsed: 0:00:04.104700 Asset: projects/WRI-Aquaduct/PCRGlobWB20V09/global_historical_riverdischarge_month_millionm3_5min_1960_2014/global_historical_riverdischarge_month_millionm3_5min_1960_2014_I002Y1960M03
2018-05-15 14:35:25,999:DEBUG:Index 0.00, Processed: 4 Elapsed: 0:00:06.868040 Asset: projects/WRI-Aquaduct/PCRGlobWB20V09/global_historical_riverdischarge_year_millionm3_5min_1960_2014/global_historical_riverdischarge_year_millionm3_5min_1960_2014_I000Y1960M01
2018-05-15 14:35:26,673:DEBUG:Index 1.00, Processed: 5 Elapsed: 0:00:07.542103 Asset: projects/WRI-Aquaduct/PCRGlobWB20V09/global_historical_riverdischarge_year_millionm3_5min_1960_2014/global_historical_riverdischarge_year_millionm3_5min_1960_2014_I001Y1961M01
2018-05-15 14:35:27,362:DEBUG:Index 2.00, Processed: 6 Elapsed: 0:00:08.230290 Asset: projects/WRI-Aquaduct/PCRGlobWB20V09/global_historical_riverdischarge_year_millionm3_5min_1960_2014/global_historical_riverdischarge_year_millionm3_5min_1960_2014_I002Y1962M01
2018-05-15 14:36:05,465:DEBUG:Index 0.00, Processed: 1 Elapsed: 0:00:02.311131 Asset: projects/WRI-Aquaduct/PCRGlobWB20V09/global_historical_riverdischarge_month_millionm3_5min_1960_2014/global_historical_riverdischarge_month_millionm3_5min_1960_2014_I000Y1960M01
2018-05-15 14:36:08,287:DEBUG:Index 1.00, Processed: 2 Elapsed: 0:00:05.133883 Asset: projects/WRI-Aquaduct/PCRGlobWB20V09/global_historical_riverdischarge_month_millionm3_5min_1960_2014/global_historical_riverdischarge_month_millionm3_5min_1960_2014_I001Y1960M02
2018-05-15 14:36:20,528:DEBUG:Index 2.00, Processed: 3 Elapsed: 0:00:17.374318 Asset: projects/WRI-Aquaduct/PCRGlobWB20V09/global_historical_riverdischarge_month_millionm3_5min_1960_2014/global_historical_riverdischarge_month_millionm3_5min_1960_2014_I002Y1960M03
2018-05-15 14:36:22,946:DEBUG:Index 3.00, Processed: 4 Elapsed: 0:00:19.792981 Asset: projects/WRI-Aquaduct/PCRGlobWB20V09/global_historical_riverdischarge_month_millionm3_5min_1960_2014/global_historical_riverdischarge_month_millionm3_5min_1960_2014_I003Y1960M04
2018-05-15 14:36:25,289:DEBUG:Index 4.00, Processed: 5 Elapsed: 0:00:22.135331 Asset: projects/WRI-Aquaduct/PCRGlobWB20V09/global_historical_riverdischarge_month_millionm3_5min_1960_2014/global_historical_riverdischarge_month_millionm3_5min_1960_2014_I004Y1960M05
2018-05-15 14:36:27,664:DEBUG:Index 5.00, Processed: 6 Elapsed: 0:00:24.510964 Asset: projects/WRI-Aquaduct/PCRGlobWB20V09/global_historical_riverdischarge_month_millionm3_5min_1960_2014/global_historical_riverdischarge_month_millionm3_5min_1960_2014_I005Y1960M06
2018-05-15 14:36:29,990:DEBUG:Index 6.00, Processed: 7 Elapsed: 0:00:26.836664 Asset: projects/WRI-Aquaduct/PCRGlobWB20V09/global_historical_riverdischarge_month_millionm3_5min_1960_2014/global_historical_riverdischarge_month_millionm3_5min_1960_2014_I006Y1960M07
2018-05-15 14:36:32,401:DEBUG:Index 7.00, Processed: 8 Elapsed: 0:00:29.247569 Asset: projects/WRI-Aquaduct/PCRGlobWB20V09/global_historical_riverdischarge_month_millionm3_5min_1960_2014/global_historical_riverdischarge_month_millionm3_5min_1960_2014_I007Y1960M08
2018-05-15 14:36:35,790:DEBUG:Index 8.00, Processed: 9 Elapsed: 0:00:32.636585 Asset: projects/WRI-Aquaduct/PCRGlobWB20V09/global_historical_riverdischarge_month_millionm3_5min_1960_2014/global_historical_riverdischarge_month_millionm3_5min_1960_2014_I008Y1960M09
2018-05-15 14:36:50,821:DEBUG:Index 9.00, Processed: 10 Elapsed: 0:00:47.667498 Asset: projects/WRI-Aquaduct/PCRGlobWB20V09/global_historical_riverdischarge_month_millionm3_5min_1960_2014/global_historical_riverdischarge_month_millionm3_5min_1960_2014_I009Y1960M10
2018-05-15 14:36:53,265:DEBUG:Index 10.00, Processed: 11 Elapsed: 0:00:50.110993 Asset: projects/WRI-Aquaduct/PCRGlobWB20V09/global_historical_riverdischarge_month_millionm3_5min_1960_2014/global_historical_riverdischarge_month_millionm3_5min_1960_2014_I010Y1960M11
2018-05-15 14:36:56,169:DEBUG:Index 11.00, Processed: 12 Elapsed: 0:00:53.015544 Asset: projects/WRI-Aquaduct/PCRGlobWB20V09/global_historical_riverdischarge_month_millionm3_5min_1960_2014/global_historical_riverdischarge_month_millionm3_5min_1960_2014_I011Y1960M12
2018-05-15 14:36:58,485:DEBUG:Index 12.00, Processed: 13 Elapsed: 0:00:55.331193 Asset: projects/WRI-Aquaduct/PCRGlobWB20V09/global_historical_riverdischarge_month_millionm3_5min_1960_2014/global_historical_riverdischarge_month_millionm3_5min_1960_2014_I012Y1961M01
2018-05-15 14:37:00,679:DEBUG:Index 13.00, Processed: 14 Elapsed: 0:00:57.525616 Asset: projects/WRI-Aquaduct/PCRGlobWB20V09/global_historical_riverdischarge_month_millionm3_5min_1960_2014/global_historical_riverdischarge_month_millionm3_5min_1960_2014_I013Y1961M02
2018-05-15 14:37:02,946:DEBUG:Index 14.00, Processed: 15 Elapsed: 0:00:59.791763 Asset: projects/WRI-Aquaduct/PCRGlobWB20V09/global_historical_riverdischarge_month_millionm3_5min_1960_2014/global_historical_riverdischarge_month_millionm3_5min_1960_2014_I014Y1961M03
